SEND: ST=160
SEND: M =1
X =0.000
Y =0.000
Z =0.000
E =0.000
RUN

SEND: M =1
X =10.000
Y =10.000
Z =0.000
E =14.142
RUN

SEND: M =1
X =0.000
Y =0.000
Z =0.200
E =14.142
RUN

SEND: M =1
X =10.000
Y =10.000
Z =0.200
E =14.142
RUN

SEND: M =1
X =0.000
Y =0.000
Z =0.400
E =14.142
RUN

SEND: M =1
X =10.000
Y =10.000
Z =0.400
E =14.142
RUN

SEND: M =1
X =0.000
Y =0.000
Z =0.600
E =14.142
RUN

SEND: M =1
X =10.000
Y =10.000
Z =0.600
E =14.142
RUN

SEND: M =1
X =0.000
Y =0.000
Z =0.800
E =14.142
RUN

SEND: M =1
X =10.000
Y =10.000
Z =0.800
E =14.142
RUN

SEND: M =1
X =0.000
Y =0.000
Z =1.000
E =14.142
RUN

SEND: M =1
X =10.000
Y =10.000
Z =1.000
E =14.142
RUN

SEND: M =1
X =0.000
Y =0.000
Z =1.200
E =14.142
RUN

SEND: M =1
X =10.000
Y =10.000
Z =1.200
E =14.142
RUN

SEND: M =1
X =0.000
Y =0.000
Z =1.400
E =14.142
RUN

SEND: M =1
X =10.000
Y =10.000
Z =1.400
E =14.142
RUN

SEND: M =1
X =0.000
Y =0.000
Z =1.600
E =14.142
RUN

SEND: M =1
X =10.000
Y =10.000
Z =1.600
E =14.142
RUN

SEND: M =1
X =0.000
Y =0.000
Z =1.800
E =14.142
RUN

SEND: M =1
X =10.000
Y =10.000
Z =1.800
E =14.142
RUN

SEND: M =1
X =0.000
Y =0.000
Z =2.000
E =14.142
RUN

SEND: M =1
X =10.000
Y =10.000
Z =2.000
E =14.142
RUN

SEND: M =1
X =0.000
Y =0.000
Z =2.200
E =14.142
RUN

SEND: M =1
X =10.000
Y =10.000
Z =2.200
E =14.142
RUN

SEND: M =1
X =0.000
Y =0.000
Z =2.400
E =14.142
RUN

SEND: M =1
X =10.000
Y =10.000
Z =2.400
E =14.142
RUN

SEND: M =1
X =0.000
Y =0.000
Z =2.600
E =14.142
RUN

SEND: M =1
X =10.000
Y =10.000
Z =2.600
E =14.142
RUN

SEND: M =1
X =0.000
Y =0.000
Z =2.800
E =14.142
RUN

SEND: M =1
X =10.000
Y =10.000
Z =2.800
E =14.142
RUN

SEND: M =1
X =0.000
Y =0.000
Z =3.000
E =14.142
RUN

SEND: M =1
X =10.000
Y =10.000
Z =3.000
E =14.142
RUN

SEND: M =1
X =0.000
Y =0.000
Z =3.200
E =14.142
RUN

SEND: M =1
X =10.000
Y =10.000
Z =3.200
E =14.142
RUN

SEND: M =1
X =0.000
Y =0.000
Z =3.400
E =14.142
RUN

SEND: M =1
X =10.000
Y =10.000
Z =3.400
E =14.142
RUN

SEND: M =1
X =0.000
Y =0.000
Z =3.600
E =14.142
RUN

SEND: M =1
X =10.000
Y =10.000
Z =3.600
E =14.142
RUN

SEND: M =1
X =0.000
Y =0.000
Z =3.800
E =14.142
RUN

SEND: M =1
X =10.000
Y =10.000
Z =3.800
E =14.142
RUN

SEND: M =1
X =0.000
Y =0.000
Z =4.000
E =14.142
RUN

SEND: M =1
X =10.000
Y =10.000
Z =4.000
E =14.142
RUN

SEND: M =1
X =0.000
Y =0.000
Z =4.200
E =14.142
RUN

SEND: M =1
X =10.000
Y =10.000
Z =4.200
E =14.142
RUN

SEND: M =1
X =0.000
Y =0.000
Z =4.400
E =14.142
RUN

SEND: M =1
X =10.000
Y =10.000
Z =4.400
E =14.142
RUN

SEND: M =1
X =0.000
Y =0.000
Z =4.600
E =14.142
RUN

SEND: M =1
X =10.000
Y =10.000
Z =4.600
E =14.142
RUN

SEND: M =1
X =0.000
Y =0.000
Z =4.800
E =14.142
RUN

SEND: M =1
X =10.000
Y =10.000
Z =4.800
E =14.142
RUN

SEND: M =1
X =0.000
Y =0.000
Z =5.000
E =14.142
RUN

SEND: M =1
X =10.000
Y =10.000
Z =5.000
E =14.142
RUN

SEND: M =1
X =0.000
Y =0.000
Z =5.200
E =14.142
RUN

SEND: M =1
X =10.000
Y =10.000
Z =5.200
E =14.142
RUN

SEND: M =1
X =0.000
Y =0.000
Z =5.400
E =14.142
RUN

SEND: M =1
X =10.000
Y =10.000
Z =5.400
E =14.142
RUN

SEND: M =1
X =0.000
Y =0.000
Z =5.600
E =14.142
RUN

SEND: M =1
X =10.000
Y =10.000
Z =5.600
E =14.142
RUN

SEND: M =1
X =0.000
Y =0.000
Z =5.800
E =14.142
RUN

SEND: M =1
X =10.000
Y =10.000
Z =5.800
E =14.142
RUN

SEND: M =1
X =0.000
Y =0.000
Z =6.000
E =14.142
RUN

SEND: M =1
X =10.000
Y =10.000
Z =6.000
E =14.142
RUN

SEND: M =1
X =0.000
Y =0.000
Z =6.200
E =14.142
RUN

SEND: M =1
X =10.000
Y =10.000
Z =6.200
E =14.142
RUN

SEND: M =1
X =0.000
Y =0.000
Z =6.400
E =14.142
RUN

SEND: M =1
X =10.000
Y =10.000
Z =6.400
E =14.142
RUN

SEND: M =1
X =0.000
Y =0.000
Z =6.600
E =14.142
RUN

SEND: M =1
X =10.000
Y =10.000
Z =6.600
E =14.142
RUN

SEND: M =1
X =0.000
Y =0.000
Z =6.800
E =14.142
RUN

SEND: M =1
X =10.000
Y =10.000
Z =6.800
E =14.142
RUN

SEND: M =1
X =0.000
Y =0.000
Z =7.000
E =14.142
RUN

SEND: M =1
X =10.000
Y =10.000
Z =7.000
E =14.142
RUN

SEND: M =1
X =0.000
Y =0.000
Z =7.200
E =14.142
RUN

SEND: M =1
X =10.000
Y =10.000
Z =7.200
E =14.142
RUN

SEND: M =1
X =0.000
Y =0.000
Z =7.400
E =14.142
RUN

SEND: M =1
X =10.000
Y =10.000
Z =7.400
E =14.142
RUN

SEND: M =1
X =0.000
Y =0.000
Z =7.600
E =14.142
RUN

SEND: M =1
X =10.000
Y =10.000
Z =7.600
E =14.142
RUN

SEND: M =1
X =0.000
Y =0.000
Z =7.800
E =14.142
RUN

SEND: M =1
X =10.000
Y =10.000
Z =7.800
E =14.142
RUN

SEND: M =1
X =0.000
Y =0.000
Z =8.000
E =14.142
RUN

SEND: M =1
X =10.000
Y =10.000
Z =8.000
E =14.142
RUN

SEND: M =1
X =0.000
Y =0.000
Z =8.200
E =14.142
RUN

SEND: M =1
X =10.000
Y =10.000
Z =8.200
E =14.142
RUN

SEND: M =1
X =0.000
Y =0.000
Z =8.400
E =14.142
RUN

SEND: M =1
X =10.000
Y =10.000
Z =8.400
E =14.142
RUN

SEND: M =1
X =0.000
Y =0.000
Z =8.600
E =14.142
RUN

SEND: M =1
X =10.000
Y =10.000
Z =8.600
E =14.142
RUN

SEND: M =1
X =0.000
Y =0.000
Z =8.800
E =14.142
RUN

SEND: M =1
X =10.000
Y =10.000
Z =8.800
E =14.142
RUN

SEND: M =1
X =0.000
Y =0.000
Z =9.000
E =14.142
RUN

Comando no reconocido: INÂeratura ExtNFTemperatura Extrusor1 = 38.08ÂºC
SEND: M =1
X =10.000
Y =10.000
Z =9.000
E =14.142
RUN

SEND: M =1
X =0.000
Y =0.000
Z =9.200
E =14.142
RUN

SEND: M =1
X =10.000
Y =10.000
Z =9.200
E =14.142
RUN

SEND: M =1
X =0.000
Y =0.000
Z =9.400
E =14.142
RUN

SEND: M =1
X =10.000
Y =10.000
Z =9.400
E =14.142
RUN

SEND: M =1
X =0.000
Y =0.000
Z =9.600
E =14.142
RUN

SEND: M =1
X =10.000
Y =10.000
Z =9.600
E =14.142
RUN

SEND: M =1
X =0.000
Y =0.000
Z =9.800
E =14.142
RUN

SEND: M =1
X =10.000
Y =10.000
Z =9.800
E =14.142
RUN

SEND: M =1
X =0.000
Y =0.000
Z =10.000
E =14.142
RUN

SEND: M =1
X =10.000
Y =10.000
Z =10.000
E =14.142
RUN

SEND: M =1
X =0.000
Y =0.000
Z =10.200
E =14.142
RUN

SEND: M =1
X =10.000
Y =10.000
Z =10.200
E =14.142
RUN

SEND: M =1
X =0.000
Y =0.000
Z =10.400
E =14.142
RUN

SEND: M =1
X =10.000
Y =10.000
Z =10.400
E =14.142
RUN

SEND: M =1
X =0.000
Y =0.000
Z =10.600
E =14.142
RUN

SEND: M =1
X =10.000
Y =10.000
Z =10.600
E =14.142
RUN

SEND: M =1
X =0.000
Y =0.000
Z =10.800
E =14.142
RUN

SEND: M =1
X =10.000
Y =10.000
Z =10.800
E =14.142
RUN

SEND: M =1
X =0.000
Y =0.000
Z =11.000
E =14.142
RUN

SEND: M =1
X =10.000
Y =10.000
Z =11.000
E =14.142
RUN

SEND: M =1
X =0.000
Y =0.000
Z =11.200
E =14.142
RUN

SEND: M =1
X =10.000
Y =10.000
Z =11.200
E =14.142
RUN

SEND: M =1
X =0.000
Y =0.000
Z =11.400
E =14.142
RUN

SEND: M =1
X =10.000
Y =10.000
Z =11.400
E =14.142
RUN

SEND: M =1
X =0.000
Y =0.000
Z =11.600
E =14.142
RUN

SEND: M =1
X =10.000
Y =10.000
Z =11.600
E =14.142
RUN

SEND: M =1
X =0.000
Y =0.000
Z =11.800
E =14.142
RUN

SEND: M =1
X =10.000
Y =10.000
Z =11.800
E =14.142
RUN

SEND: M =1
X =0.000
Y =0.000
Z =12.000
E =14.142
RUN

SEND: M =1
X =10.000
Y =10.000
Z =12.000
E =14.142
RUN

SEND: M =1
X =0.000
Y =0.000
Z =12.200
E =14.142
RUN

SEND: M =1
X =10.000
Y =10.000
Z =12.200
E =14.142
RUN

SEND: M =1
X =0.000
Y =0.000
Z =12.400
E =14.142
RUN

SEND: M =1
X =10.000
Y =10.000
Z =12.400
E =14.142
RUN

SEND: M =1
X =0.000
Y =0.000
Z =12.600
E =14.142
RUN

SEND: M =1
X =10.000
Y =10.000
Z =12.600
E =14.142
RUN

SEND: M =1
X =0.000
Y =0.000
Z =12.800
E =14.142
RUN

SEND: M =1
X =10.000
Y =10.000
Z =12.800
E =14.142
RUN

SEND: M =1
X =0.000
Y =0.000
Z =13.000
E =14.142
RUN

SEND: M =1
X =10.000
Y =10.000
Z =13.000
E =14.142
RUN

SEND: M =1
X =0.000
Y =0.000
Z =13.200
E =14.142
RUN

SEND: M =1
X =10.000
Y =10.000
Z =13.200
E =14.142
RUN

SEND: M =1
X =0.000
Y =0.000
Z =13.400
E =14.142
RUN

SEND: M =1
X =10.000
Y =10.000
Z =13.400
E =14.142
RUN

SEND: M =1
X =0.000
Y =0.000
Z =13.600
E =14.142
RUN

SEND: M =1
X =10.000
Y =10.000
Z =13.600
E =14.142
RUN

SEND: M =1
X =0.000
Y =0.000
Z =13.800
E =14.142
RUN

SEND: M =1
X =10.000
Y =10.000
Z =13.800
E =14.142
RUN

SEND: M =1
X =0.000
Y =0.000
Z =14.000
E =14.142
RUN

SEND: M =1
X =10.000
Y =10.000
Z =14.000
E =14.142
RUN

SEND: M =1
X =0.000
Y =0.000
Z =14.200
E =14.142
RUN

SEND: M =1
X =10.000
Y =10.000
Z =14.200
E =14.142
RUN

SEND: M =1
X =0.000
Y =0.000
Z =14.400
E =14.142
RUN

SEND: M =1
X =10.000
Y =10.000
Z =14.400
E =14.142
RUN

SEND: M =1
X =0.000
Y =0.000
Z =14.600
E =14.142
RUN

SEND: M =1
X =10.000
Y =10.000
Z =14.600
E =14.142
RUN

SEND: M =1
X =0.000
Y =0.000
Z =14.800
E =14.142
RUN

SEND: M =1
X =10.000
Y =10.000
Z =14.800
E =14.142
RUN

SEND: M =1
X =0.000
Y =0.000
Z =15.000
E =14.142
RUN

SEND: M =1
X =10.000
Y =10.000
Z =15.000
E =14.142
RUN

SEND: M =1
X =0.000
Y =0.000
Z =15.200
E =14.142
RUN

SEND: M =1
X =10.000
Y =10.000
Z =15.200
E =14.142
RUN

SEND: M =1
X =0.000
Y =0.000
Z =15.400
E =14.142
RUN

SEND: M =1
X =10.000
Y =10.000
Z =15.400
E =14.142
RUN

SEND: M =1
X =0.000
Y =0.000
Z =15.600
E =14.142
RUN

SEND: M =1
X =10.000
Y =10.000
Z =15.600
E =14.142
RUN

SEND: M =1
X =0.000
Y =0.000
Z =15.800
E =14.142
RUN

SEND: M =1
X =10.000
Y =10.000
Z =15.800
E =14.142
RUN

SEND: M =1
X =0.000
Y =0.000
Z =16.000
E =14.142
RUN

SEND: M =1
X =10.000
Y =10.000
Z =16.000
E =14.142
RUN

SEND: M =1
X =0.000
Y =0.000
Z =16.200
E =14.142
RUN

SEND: M =1
X =10.000
Y =10.000
Z =16.200
E =14.142
RUN

SEND: M =1
X =0.000
Y =0.000
Z =16.400
E =14.142
RUN

SEND: M =1
X =10.000
Y =10.000
Z =16.400
E =14.142
RUN

SEND: M =1
X =0.000
Y =0.000
Z =16.600
E =14.142
RUN

SEND: M =1
X =10.000
Y =10.000
Z =16.600
E =14.142
RUN

SEND: M =1
X =0.000
Y =0.000
Z =16.800
E =14.142
RUN

SEND: M =1
X =10.000
Y =10.000
Z =16.800
E =14.142
RUN

SEND: M =1
X =0.000
Y =0.000
Z =17.000
E =14.142
RUN

SEND: M =1
X =10.000
Y =10.000
Z =17.000
E =14.142
RUN

SEND: M =1
X =0.000
Y =0.000
Z =17.200
E =14.142
RUN

SEND: M =1
X =10.000
Y =10.000
Z =17.200
E =14.142
RUN

SEND: M =1
X =0.000
Y =0.000
Z =17.400
E =14.142
RUN

SEND: M =1
X =10.000
Y =10.000
Z =17.400
E =14.142
RUN

SEND: M =1
X =0.000
Y =0.000
Z =17.600
E =14.142
RUN

SEND: M =1
X =10.000
Y =10.000
Z =17.600
E =14.142
RUN

SEND: M =1
X =0.000
Y =0.000
Z =17.800
E =14.142
RUN

SEND: M =1
X =10.000
Y =10.000
Z =17.800
E =14.142
RUN

SEND: M =1
X =0.000
Y =0.000
Z =18.000
E =14.142
RUN

SEND: M =1
X =10.000
Y =10.000
Z =18.000
E =14.142
RUN

SEND: M =1
X =0.000
Y =0.000
Z =18.200
E =14.142
RUN

SEND: M =1
X =10.000
Y =10.000
Z =18.200
E =14.142
RUN

SEND: M =1
X =0.000
Y =0.000
Z =18.400
E =14.142
RUN

SEND: M =1
X =10.000
Y =10.000
Z =18.400
E =14.142
RUN

SEND: M =1
X =0.000
Y =0.000
Z =18.600
E =14.142
RUN

SEND: M =1
X =10.000
Y =10.000
Z =18.600
E =14.142
RUN

SEND: M =1
X =0.000
Y =0.000
Z =18.800
E =14.142
RUN

SEND: M =1
X =10.000
Y =10.000
Z =18.800
E =14.142
RUN

SEND: M =1
X =0.000
Y =0.000
Z =19.000
E =14.142
RUN

SEND: M =1
X =10.000
Y =10.000
Z =19.000
E =14.142
RUN

SEND: M =1
X =0.000
Y =0.000
Z =19.200
E =14.142
RUN

SEND: M =1
X =10.000
Y =10.000
Z =19.200
E =14.142
RUN

SEND: M =1
X =0.000
Y =0.000
Z =19.400
E =14.142
RUN

SEND: M =1
X =10.000
Y =10.000
Z =19.400
E =14.142
RUN

SEND: M =1
X =0.000
Y =0.000
Z =19.600
E =14.142
RUN

SEND: M =1
X =10.000
Y =10.000
Z =19.600
E =14.142
RUN

SEND: M =1
X =0.000
Y =0.000
Z =19.800
E =14.142
RUN

SEND: M =1
X =10.000
Y =10.000
Z =19.800
E =14.142
RUN

SEND: M =1
X =0.000
Y =0.000
Z =20.000
E =14.142
RUN

SEND: M =1
X =10.000
Y =10.000
Z =20.000
E =14.142
RUN

SEND: M =1
X =0.000
Y =0.000
Z =20.200
E =14.142
RUN

SEND: M =1
X =10.000
Y =10.000
Z =20.200
E =14.142
RUN

SEND: M =1
X =0.000
Y =0.000
Z =20.400
E =14.142
RUN

SEND: M =1
X =10.000
Y =10.000
Z =20.400
E =14.142
RUN

SEND: M =1
X =0.000
Y =0.000
Z =20.600
E =14.142
RUN

SEND: M =1
X =10.000
Y =10.000
Z =20.600
E =14.142
RUN

SEND: M =1
X =0.000
Y =0.000
Z =20.800
E =14.142
RUN

SEND: M =1
X =10.000
Y =10.000
Z =20.800
E =14.142
RUN

SEND: M =1
X =0.000
Y =0.000
Z =21.000
E =14.142
RUN

SEND: M =1
X =10.000
Y =10.000
Z =21.000
E =14.142
RUN

SEND: M =1
X =0.000
Y =0.000
Z =21.200
E =14.142
RUN

SEND: M =1
X =10.000
Y =10.000
Z =21.200
E =14.142
RUN

SEND: M =1
X =0.000
Y =0.000
Z =21.400
E =14.142
RUN

SEND: M =1
X =10.000
Y =10.000
Z =21.400
E =14.142
RUN

SEND: M =1
X =0.000
Y =0.000
Z =21.600
E =14.142
RUN

SEND: M =1
X =10.000
Y =10.000
Z =21.600
E =14.142
RUN

SEND: M =1
X =0.000
Y =0.000
Z =21.800
E =14.142
RUN

SEND: M =1
X =10.000
Y =10.000
Z =21.800
E =14.142
RUN

SEND: M =1
X =0.000
Y =0.000
Z =22.000
E =14.142
RUN

SEND: M =1
X =10.000
Y =10.000
Z =22.000
E =14.142
RUN

SEND: M =1
X =0.000
Y =0.000
Z =22.200
E =14.142
RUN

SEND: M =1
X =10.000
Y =10.000
Z =22.200
E =14.142
RUN

SEND: M =1
X =0.000
Y =0.000
Z =22.400
E =14.142
RUN

SEND: M =1
X =10.000
Y =10.000
Z =22.400
E =14.142
RUN

SEND: M =1
X =0.000
Y =0.000
Z =22.600
E =14.142
RUN

SEND: M =1
X =10.000
Y =10.000
Z =22.600
E =14.142
RUN

SEND: M =1
X =0.000
Y =0.000
Z =22.800
E =14.142
RUN

SEND: M =1
X =10.000
Y =10.000
Z =22.800
E =14.142
RUN

SEND: M =1
X =0.000
Y =0.000
Z =23.000
E =14.142
RUN

SEND: M =1
X =10.000
Y =10.000
Z =23.000
E =14.142
RUN

SEND: M =1
X =0.000
Y =0.000
Z =23.200
E =14.142
RUN

SEND: M =1
X =10.000
Y =10.000
Z =23.200
E =14.142
RUN

SEND: M =1
X =0.000
Y =0.000
Z =23.400
E =14.142
RUN

SEND: M =1
X =10.000
Y =10.000
Z =23.400
E =14.142
RUN

SEND: M =1
X =0.000
Y =0.000
Z =23.600
E =14.142
RUN

SEND: M =1
X =10.000
Y =10.000
Z =23.600
E =14.142
RUN

SEND: M =1
X =0.000
Y =0.000
Z =23.800
E =14.142
RUN

SEND: M =1
X =10.000
Y =10.000
Z =23.800
E =14.142
RUN

SEND: M =1
X =0.000
Y =0.000
Z =24.000
E =14.142
RUN

SEND: M =1
X =10.000
Y =10.000
Z =24.000
E =14.142
RUN

SEND: M =1
X =0.000
Y =0.000
Z =24.200
E =14.142
RUN

SEND: M =1
X =10.000
Y =10.000
Z =24.200
E =14.142
RUN

SEND: M =1
X =0.000
Y =0.000
Z =24.400
E =14.142
RUN

SEND: M =1
X =10.000
Y =10.000
Z =24.400
E =14.142
RUN

SEND: M =1
X =0.000
Y =0.000
Z =24.600
E =14.142
RUN

SEND: M =1
X =10.000
Y =10.000
Z =24.600
E =14.142
RUN

SEND: M =1
X =0.000
Y =0.000
Z =24.800
E =14.142
RUN

SEND: M =1
X =10.000
Y =10.000
Z =24.800
E =14.142
RUN

SEND: M =1
X =0.000
Y =0.000
Z =25.000
E =14.142
RUN

SEND: M =1
X =10.000
Y =10.000
Z =25.000
E =14.142
RUN

SEND: M =1
X =0.000
Y =0.000
Z =25.200
E =14.142
RUN

SEND: M =1
X =10.000
Y =10.000
Z =25.200
E =14.142
RUN

SEND: M =1
X =0.000
Y =0.000
Z =25.400
E =14.142
RUN

SEND: M =1
X =10.000
Y =10.000
Z =25.400
E =14.142
RUN

SEND: M =1
X =0.000
Y =0.000
Z =25.600
E =14.142
RUN

SEND: M =1
X =10.000
Y =10.000
Z =25.600
E =14.142
RUN

SEND: M =1
X =0.000
Y =0.000
Z =25.800
E =14.142
RUN

SEND: M =1
X =10.000
Y =10.000
Z =25.800
E =14.142
RUN

SEND: M =1
X =0.000
Y =0.000
Z =26.000
E =14.142
RUN

SEND: M =1
X =10.000
Y =10.000
Z =26.000
E =14.142
RUN

SEND: M =1
X =0.000
Y =0.000
Z =26.200
E =14.142
RUN

SEND: M =1
X =10.000
Y =10.000
Z =26.200
E =14.142
RUN

SEND: M =1
X =0.000
Y =0.000
Z =26.400
E =14.142
RUN

SEND: M =1
X =10.000
Y =10.000
Z =26.400
E =14.142
RUN

SEND: M =1
X =0.000
Y =0.000
Z =26.600
E =14.142
RUN

SEND: M =1
X =10.000
Y =10.000
Z =26.600
E =14.142
RUN

SEND: M =1
X =0.000
Y =0.000
Z =26.800
E =14.142
RUN

SEND: M =1
X =10.000
Y =10.000
Z =26.800
E =14.142
RUN

SEND: M =1
X =0.000
Y =0.000
Z =27.000
E =14.142
RUN

SEND: M =1
X =10.000
Y =10.000
Z =27.000
E =14.142
RUN

SEND: M =1
X =0.000
Y =0.000
Z =27.200
E =14.142
RUN

SEND: M =1
X =10.000
Y =10.000
Z =27.200
E =14.142
RUN

SEND: M =1
X =0.000
Y =0.000
Z =27.400
E =14.142
RUN

SEND: M =1
X =10.000
Y =10.000
Z =27.400
E =14.142
RUN

SEND: M =1
X =0.000
Y =0.000
Z =27.600
E =14.142
RUN

SEND: M =1
X =10.000
Y =10.000
Z =27.600
E =14.142
RUN

SEND: M =1
X =0.000
Y =0.000
Z =27.800
E =14.142
RUN

SEND: M =1
X =10.000
Y =10.000
Z =27.800
E =14.142
RUN

SEND: M =1
X =0.000
Y =0.000
Z =28.000
E =14.142
RUN

SEND: M =1
X =10.000
Y =10.000
Z =28.000
E =14.142
RUN

SEND: M =1
X =0.000
Y =0.000
Z =28.200
E =14.142
RUN

SEND: M =1
X =10.000
Y =10.000
Z =28.200
E =14.142
RUN

SEND: M =1
X =0.000
Y =0.000
Z =28.400
E =14.142
RUN

SEND: M =1
X =10.000
Y =10.000
Z =28.400
E =14.142
RUN

SEND: M =1
X =0.000
Y =0.000
Z =28.600
E =14.142
RUN

SEND: M =1
X =10.000
Y =10.000
Z =28.600
E =14.142
RUN

SEND: M =1
X =0.000
Y =0.000
Z =28.800
E =14.142
RUN

SEND: M =1
X =10.000
Y =10.000
Z =28.800
E =14.142
RUN

SEND: M =1
X =0.000
Y =0.000
Z =29.000
E =14.142
RUN

SEND: M =1
X =10.000
Y =10.000
Z =29.000
E =14.142
RUN

SEND: M =1
X =0.000
Y =0.000
Z =29.200
E =14.142
RUN

SEND: M =1
X =10.000
Y =10.000
Z =29.200
E =14.142
RUN

SEND: M =1
X =0.000
Y =0.000
Z =29.400
E =14.142
RUN

SEND: M =1
X =10.000
Y =10.000
Z =29.400
E =14.142
RUN

SEND: M =1
X =0.000
Y =0.000
Z =29.600
E =14.142
RUN

SEND: M =1
X =10.000
Y =10.000
Z =29.600
E =14.142
RUN

SEND: M =1
X =0.000
Y =0.000
Z =29.800
E =14.142
RUN

SEND: M =1
X =10.000
Y =10.000
Z =29.800
E =14.142
RUN

SEND: M =1
X =0.000
Y =0.000
Z =30.000
E =14.142
RUN

SEND: M =1
X =10.000
Y =10.000
Z =30.000
E =14.142
RUN

SEND: M =1
X =0.000
Y =0.000
Z =30.200
E =14.142
RUN

SEND: M =1
X =10.000
Y =10.000
Z =30.200
E =14.142
RUN

SEND: M =1
X =0.000
Y =0.000
Z =30.400
E =14.142
RUN

SEND: M =1
X =10.000
Y =10.000
Z =30.400
E =14.142
RUN

SEND: M =1
X =0.000
Y =0.000
Z =30.600
E =14.142
RUN

SEND: M =1
X =10.000
Y =10.000
Z =30.600
E =14.142
RUN

SEND: M =1
X =0.000
Y =0.000
Z =30.800
E =14.142
RUN

SEND: M =1
X =10.000
Y =10.000
Z =30.800
E =14.142
RUN

SEND: M =1
X =0.000
Y =0.000
Z =31.000
E =14.142
RUN

SEND: M =1
X =10.000
Y =10.000
Z =31.000
E =14.142
RUN

SEND: M =1
X =0.000
Y =0.000
Z =31.200
E =14.142
RUN

SEND: M =1
X =10.000
Y =10.000
Z =31.200
E =14.142
RUN

SEND: M =1
X =0.000
Y =0.000
Z =31.400
E =14.142
RUN

SEND: M =1
X =10.000
Y =10.000
Z =31.400
E =14.142
RUN

SEND: M =1
X =0.000
Y =0.000
Z =31.600
E =14.142
RUN

SEND: M =1
X =10.000
Y =10.000
Z =31.600
E =14.142
RUN

SEND: M =1
X =0.000
Y =0.000
Z =31.800
E =14.142
RUN

SEND: M =1
X =10.000
Y =10.000
Z =31.800
E =14.142
RUN

SEND: M =1
X =0.000
Y =0.000
Z =32.000
E =14.142
RUN

SEND: M =1
X =10.000
Y =10.000
Z =32.000
E =14.142
RUN

SEND: M =1
X =0.000
Y =0.000
Z =32.200
E =14.142
RUN

SEND: M =1
X =10.000
Y =10.000
Z =32.200
E =14.142
RUN

SEND: M =1
X =0.000
Y =0.000
Z =32.400
E =14.142
RUN

SEND: M =1
X =10.000
Y =10.000
Z =32.400
E =14.142
RUN

SEND: M =1
X =0.000
Y =0.000
Z =32.600
E =14.142
RUN

SEND: M =1
X =10.000
Y =10.000
Z =32.600
E =14.142
RUN

SEND: M =1
X =0.000
Y =0.000
Z =32.800
E =14.142
RUN

SEND: M =1
X =10.000
Y =10.000
Z =32.800
E =14.142
RUN

SEND: M =1
X =0.000
Y =0.000
Z =33.000
E =14.142
RUN

SEND: M =1
X =10.000
Y =10.000
Z =33.000
E =14.142
RUN

SEND: M =1
X =0.000
Y =0.000
Z =33.200
E =14.142
RUN

SEND: M =1
X =10.000
Y =10.000
Z =33.200
E =14.142
RUN

SEND: M =1
X =0.000
Y =0.000
Z =33.400
E =14.142
RUN

SEND: M =1
X =10.000
Y =10.000
Z =33.400
E =14.142
RUN

SEND: M =1
X =0.000
Y =0.000
Z =33.600
E =14.142
RUN

SEND: M =1
X =10.000
Y =10.000
Z =33.600
E =14.142
RUN

SEND: M =1
X =0.000
Y =0.000
Z =33.800
E =14.142
RUN

SEND: M =1
X =10.000
Y =10.000
Z =33.800
E =14.142
RUN

SEND: M =1
X =0.000
Y =0.000
Z =34.000
E =14.142
RUN

SEND: M =1
X =10.000
Y =10.000
Z =34.000
E =14.142
RUN

SEND: M =1
X =0.000
Y =0.000
Z =34.200
E =14.142
RUN

SEND: M =1
X =10.000
Y =10.000
Z =34.200
E =14.142
RUN

SEND: M =1
X =0.000
Y =0.000
Z =34.400
E =14.142
RUN

SEND: M =1
X =10.000
Y =10.000
Z =34.400
E =14.142
RUN

SEND: M =1
X =0.000
Y =0.000
Z =34.600
E =14.142
RUN

SEND: M =1
X =10.000
Y =10.000
Z =34.600
E =14.142
RUN

SEND: M =1
X =0.000
Y =0.000
Z =34.800
E =14.142
RUN

SEND: M =1
X =10.000
Y =10.000
Z =34.800
E =14.142
RUN

SEND: M =1
X =0.000
Y =0.000
Z =35.000
E =14.142
RUN

SEND: M =1
X =10.000
Y =10.000
Z =35.000
E =14.142
RUN

SEND: M =1
X =0.000
Y =0.000
Z =35.200
E =14.142
RUN

SEND: M =1
X =10.000
Y =10.000
Z =35.200
E =14.142
RUN

SEND: M =1
X =0.000
Y =0.000
Z =35.400
E =14.142
RUN

SEND: M =1
X =10.000
Y =10.000
Z =35.400
E =14.142
RUN

SEND: M =1
X =0.000
Y =0.000
Z =35.600
E =14.142
RUN

SEND: M =1
X =10.000
Y =10.000
Z =35.600
E =14.142
RUN

SEND: M =1
X =0.000
Y =0.000
Z =35.800
E =14.142
RUN

SEND: M =1
X =10.000
Y =10.000
Z =35.800
E =14.142
RUN

SEND: M =1
X =0.000
Y =0.000
Z =36.000
E =14.142
RUN

SEND: M =1
X =10.000
Y =10.000
Z =36.000
E =14.142
RUN

SEND: M =1
X =0.000
Y =0.000
Z =36.200
E =14.142
RUN

SEND: M =1
X =10.000
Y =10.000
Z =36.200
E =14.142
RUN

SEND: M =1
X =0.000
Y =0.000
Z =36.400
E =14.142
RUN

SEND: M =1
X =10.000
Y =10.000
Z =36.400
E =14.142
RUN

SEND: M =1
X =0.000
Y =0.000
Z =36.600
E =14.142
RUN

SEND: M =1
X =10.000
Y =10.000
Z =36.600
E =14.142
RUN

SEND: M =1
X =0.000
Y =0.000
Z =36.800
E =14.142
RUN

SEND: M =1
X =10.000
Y =10.000
Z =36.800
E =14.142
RUN

SEND: M =1
X =0.000
Y =0.000
Z =37.000
E =14.142
RUN

SEND: M =1
X =10.000
Y =10.000
Z =37.000
E =14.142
RUN

SEND: M =1
X =0.000
Y =0.000
Z =37.200
E =14.142
RUN

SEND: M =1
X =10.000
Y =10.000
Z =37.200
E =14.142
RUN

SEND: M =1
X =0.000
Y =0.000
Z =37.400
E =14.142
RUN

SEND: M =1
X =10.000
Y =10.000
Z =37.400
E =14.142
RUN

SEND: M =1
X =0.000
Y =0.000
Z =37.600
E =14.142
RUN

SEND: M =1
X =10.000
Y =10.000
Z =37.600
E =14.142
RUN

SEND: M =1
X =0.000
Y =0.000
Z =37.800
E =14.142
RUN

SEND: M =1
X =10.000
Y =10.000
Z =37.800
E =14.142
RUN

SEND: M =1
X =0.000
Y =0.000
Z =38.000
E =14.142
RUN

SEND: M =1
X =10.000
Y =10.000
Z =38.000
E =14.142
RUN

SEND: M =1
X =0.000
Y =0.000
Z =38.200
E =14.142
RUN

SEND: M =1
X =10.000
Y =10.000
Z =38.200
E =14.142
RUN

SEND: M =1
X =0.000
Y =0.000
Z =38.400
E =14.142
RUN

SEND: M =1
X =10.000
Y =10.000
Z =38.400
E =14.142
RUN

SEND: M =1
X =0.000
Y =0.000
Z =38.600
E =14.142
RUN

SEND: M =1
X =10.000
Y =10.000
Z =38.600
E =14.142
RUN

SEND: M =1
X =0.000
Y =0.000
Z =38.800
E =14.142
RUN

SEND: M =1
X =10.000
Y =10.000
Z =38.800
E =14.142
RUN

SEND: M =1
X =0.000
Y =0.000
Z =39.000
E =14.142
RUN

SEND: M =1
X =10.000
Y =10.000
Z =39.000
E =14.142
RUN

SEND: M =1
X =0.000
Y =0.000
Z =39.200
E =14.142
RUN

SEND: M =1
X =10.000
Y =10.000
Z =39.200
E =14.142
RUN

SEND: M =1
X =0.000
Y =0.000
Z =39.400
E =14.142
RUN

SEND: M =1
X =10.000
Y =10.000
Z =39.400
E =14.142
RUN

SEND: M =1
X =0.000
Y =0.000
Z =39.600
E =14.142
RUN

SEND: M =1
X =10.000
Y =10.000
Z =39.600
E =14.142
RUN

SEND: M =1
X =0.000
Y =0.000
Z =39.800
E =14.142
RUN

SEND: M =1
X =10.000
Y =10.000
Z =39.800
E =14.142
RUN

SEND: M =1
X =0.000
Y =0.000
Z =40.000
E =14.142
RUN

SEND: M =1
X =10.000
Y =10.000
Z =40.000
E =14.142
RUN

SEND: M =1
X =0.000
Y =0.000
Z =40.200
E =14.142
RUN

SEND: M =1
X =10.000
Y =10.000
Z =40.200
E =14.142
RUN

SEND: M =1
X =0.000
Y =0.000
Z =40.400
E =14.142
RUN

SEND: M =1
X =10.000
Y =10.000
Z =40.400
E =14.142
RUN

SEND: M =1
X =0.000
Y =0.000
Z =40.600
E =14.142
RUN

SEND: M =1
X =10.000
Y =10.000
Z =40.600
E =14.142
RUN

SEND: M =1
X =0.000
Y =0.000
Z =40.800
E =14.142
RUN

SEND: M =1
X =10.000
Y =10.000
Z =40.800
E =14.142
RUN

SEND: M =1
X =0.000
Y =0.000
Z =41.000
E =14.142
RUN

SEND: M =1
X =10.000
Y =10.000
Z =41.000
E =14.142
RUN

SEND: M =1
X =0.000
Y =0.000
Z =41.200
E =14.142
RUN

SEND: M =1
X =10.000
Y =10.000
Z =41.200
E =14.142
RUN

SEND: M =1
X =0.000
Y =0.000
Z =41.400
E =14.142
RUN

SEND: M =1
X =10.000
Y =10.000
Z =41.400
E =14.142
RUN

SEND: M =1
X =0.000
Y =0.000
Z =41.600
E =14.142
RUN

SEND: M =1
X =10.000
Y =10.000
Z =41.600
E =14.142
RUN

SEND: M =1
X =0.000
Y =0.000
Z =41.800
E =14.142
RUN

SEND: M =1
X =10.000
Y =10.000
Z =41.800
E =14.142
RUN

SEND: M =1
X =0.000
Y =0.000
Z =42.000
E =14.142
RUN

SEND: M =1
X =10.000
Y =10.000
Z =42.000
E =14.142
RUN

SEND: M =1
X =0.000
Y =0.000
Z =42.200
E =14.142
RUN

SEND: M =1
X =10.000
Y =10.000
Z =42.200
E =14.142
RUN

SEND: M =1
X =0.000
Y =0.000
Z =42.400
E =14.142
RUN

SEND: M =1
X =10.000
Y =10.000
Z =42.400
E =14.142
RUN

SEND: M =1
X =0.000
Y =0.000
Z =42.600
E =14.142
RUN

SEND: M =1
X =10.000
Y =10.000
Z =42.600
E =14.142
RUN

SEND: M =1
X =0.000
Y =0.000
Z =42.800
E =14.142
RUN

SEND: M =1
X =10.000
Y =10.000
Z =42.800
E =14.142
RUN

SEND: M =1
X =0.000
Y =0.000
Z =43.000
E =14.142
RUN

SEND: M =1
X =10.000
Y =10.000
Z =43.000
E =14.142
RUN

SEND: M =1
X =0.000
Y =0.000
Z =43.200
E =14.142
RUN

SEND: M =1
X =10.000
Y =10.000
Z =43.200
E =14.142
RUN

SEND: M =1
X =0.000
Y =0.000
Z =43.400
E =14.142
RUN

SEND: M =1
X =10.000
Y =10.000
Z =43.400
E =14.142
RUN

SEND: M =1
X =0.000
Y =0.000
Z =43.600
E =14.142
RUN

SEND: M =1
X =10.000
Y =10.000
Z =43.600
E =14.142
RUN

SEND: M =1
X =0.000
Y =0.000
Z =43.800
E =14.142
RUN

SEND