SEND: ST=160,0
SEND: M =1
X =0.000
Y =0.000
Z =0.000
E =0.000
RUN

SEND: M =1
X =10.000
Y =10.000
Z =0.000
E =14.142
RUN

SEND: M =1
X =0.000
Y =0.000
Z =0.200
E =14.142
RUN

SEND: M =1
X =10.000
Y =10.000
Z =0.200
E =14.142
RUN

SEND: M =1
X =0.000
Y =0.000
Z =0.400
E =14.142
RUN

SEND: M =1
X =10.000
Y =10.000
Z =0.400
E =14.142
RUN

SEND: M =1
X =0.000
Y =0.000
Z =0.600
E =14.142
RUN

SEND: M =1
X =10.000
Y =10.000
Z =0.600
E =14.142
RUN

SEND: M =1
X =0.000
Y =0.000
Z =0.800
E =14.142
RUN

SEND: M =1
X =10.000
Y =10.000
Z =0.800
E =14.142
RUN

SEND: M =1
X =0.000
Y =0.000
Z =1.000
E =14.142
RUN

SEND: M =1
X =10.000
Y =10.000
Z =1.000
E =14.142
RUN

SEND: M =1
X =0.000
Y =0.000
Z =1.200
E =14.142
RUN

SEND: M =1
X =10.000
Y =10.000
Z =1.200
E =14.142
RUN

SEND: M =1
X =0.000
Y =0.000
Z =1.400
E =14.142
RUN

SEND: M =1
X =10.000
Y =10.000
Z =1.400
E =14.142
RUN

SEND: M =1
X =0.000
Y =0.000
Z =1.600
E =14.142
RUN

SEND: M =1
X =10.000
Y =10.000
Z =1.600
E =14.142
RUN

SEND: M =1
X =0.000
Y =0.000
Z =1.800
E =14.142
RUN

SEND: M =1
X =10.000
Y =10.000
Z =1.800
E =14.142
RUN

SEND: M =1
X =0.000
Y =0.000
Z =2.000
E =14.142
RUN

SEND: M =1
X =10.000
Y =10.000
Z =2.000
E =14.142
RUN

SEND: M =1
X =0.000
Y =0.000
Z =2.200
E =14.142
RUN

SEND: M =1
X =10.000
Y =10.000
Z =2.200
E =14.142
RUN

SEND: M =1
X =0.000
Y =0.000
Z =2.400
E =14.142
RUN

SEND: M =1
X =10.000
Y =10.000
Z =2.400
E =14.142
RUN

SEND: M =1
X =0.000
Y =0.000
Z =2.600
E =14.142
RUN

SEND: M =1
X =10.000
Y =10.000
Z =2.600
E =14.142
RUN

SEND: M =1
X =0.000
Y =0.000
Z =2.800
E =14.142
RUN

SEND: M =1
X =10.000
Y =10.000
Z =2.800
E =14.142
RUN

SEND: M =1
X =0.000
Y =0.000
Z =3.000
E =14.142
RUN

SEND: M =1
X =10.000
Y =10.000
Z =3.000
E =14.142
RUN

SEND: M =1
X =0.000
Y =0.000
Z =3.200
E =14.142
RUN

SEND: M =1
X =10.000
Y =10.000
Z =3.200
E =14.142
RUN

SEND: M =1
X =0.000
Y =0.000
Z =3.400
E =14.142
RUN

SEND: M =1
X =10.000
Y =10.000
Z =3.400
E =14.142
RUN

SEND: M =1
X =0.000
Y =0.000
Z =3.600
E =14.142
RUN

SEND: M =1
X =10.000
Y =10.000
Z =3.600
E =14.142
RUN

SEND: M =1
X =0.000
Y =0.000
Z =3.800
E =14.142
RUN

SEND: M =1
X =10.000
Y =10.000
Z =3.800
E =14.142
RUN

SEND: M =1
X =0.000
Y =0.000
Z =4.000
E =14.142
RUN

SEND: M =1
X =10.000
Y =10.000
Z =4.000
E =14.142
RUN

SEND: M =1
X =0.000
Y =0.000
Z =4.200
E =14.142
RUN

SEND: M =1
X =10.000
Y =10.000
Z =4.200
E =14.142
RUN

SEND: M =1
X =0.000
Y =0.000
Z =4.400
E =14.142
RUN

SEND: M =1
X =10.000
Y =10.000
Z =4.400
E =14.142
RUN

SEND: M =1
X =0.000
Y =0.000
Z =4.600
E =14.142
RUN

SEND: M =1
X =10.000
Y =10.000
Z =4.600
E =14.142
RUN

SEND: M =1
X =0.000
Y =0.000
Z =4.800
E =14.142
RUN

SEND: M =1
X =10.000
Y =10.000
Z =4.800
E =14.142
RUN

SEND: M =1
X =0.000
Y =0.000
Z =5.000
E =14.142
RUN

SEND: M =1
X =10.000
Y =10.000
Z =5.000
E =14.142
RUN

SEND: M =1
X =0.000
Y =0.000
Z =5.200
E =14.142
RUN

SEND: M =1
X =10.000
Y =10.000
Z =5.200
E =14.142
RUN

SEND: M =1
X =0.000
Y =0.000
Z =5.400
E =14.142
RUN

SEND: M =1
X =10.000
Y =10.000
Z =5.400
E =14.142
RUN

SEND: M =1
X =0.000
Y =0.000
Z =5.600
E =14.142
RUN

SEND: M =1
X =10.000
Y =10.000
Z =5.600
E =14.142
RUN

SEND: M =1
X =0.000
Y =0.000
Z =5.800
E =14.142
RUN

SEND: M =1
X =10.000
Y =10.000
Z =5.800
E =14.142
RUN

SEND: M =1
X =0.000
Y =0.000
Z =6.000
E =14.142
RUN

SEND: M =1
X =10.000
Y =10.000
Z =6.000
E =14.142
RUN

SEND: M =1
X =0.000
Y =0.000
Z =6.200
E =14.142
RUN

SEND: M =1
X =10.000
Y =10.000
Z =6.200
E =14.142
RUN

SEND: M =1
X =0.000
Y =0.000
Z =6.400
E =14.142
RUN

SEND: M =1
X =10.000
Y =10.000
Z =6.400
E =14.142
RUN

SEND: M =1
X =0.000
Y =0.000
Z =6.600
E =14.142
RUN

SEND: M =1
X =10.000
Y =10.000
Z =6.600
E =14.142
RUN

SEND: M =1
X =0.000
Y =0.000
Z =6.800
E =14.142
RUN

SEND: M =1
X =10.000
Y =10.000
Z =6.800
E =14.142
RUN

SEND: M =1
X =0.000
Y =0.000
Z =7.000
E =14.142
RUN

SEND: M =1
X =10.000
Y =10.000
Z =7.000
E =14.142
RUN

SEND: M =1
X =0.000
Y =0.000
Z =7.200
E =14.142
RUN

SEND: M =1
X =10.000
Y =10.000
Z =7.200
E =14.142
RUN

SEND: M =1
X =0.000
Y =0.000
Z =7.400
E =14.142
RUN

SEND: M =1
X =10.000
Y =10.000
Z =7.400
E =14.142
RUN

SEND: M =1
X =0.000
Y =0.000
Z =7.600
E =14.142
RUN

SEND: M =1
X =10.000
Y =10.000
Z =7.600
E =14.142
RUN

SEND: M =1
X =0.000
Y =0.000
Z =7.800
E =14.142
RUN

SEND: M =1
X =10.000
Y =10.000
Z =7.800
E =14.142
RUN

SEND: M =1
X =0.000
Y =0.000
Z =8.000
E =14.142
RUN

SEND: M =1
X =10.000
Y =10.000
Z =8.000
E =14.142
RUN

SEND: M =1
X =0.000
Y =0.000
Z =8.200
E =14.142
RUN

SEND: M =1
X =10.000
Y =10.000
Z =8.200
E =14.142
RUN

SEND: M =1
X =0.000
Y =0.000
Z =8.400
E =14.142
RUN

SEND: M =1
X =10.000
Y =10.000
Z =8.400
E =14.142
RUN

SEND: M =1
X =0.000
Y =0.000
Z =8.600
E =14.142
RUN

SEND: M =1
X =10.000
Y =10.000
Z =8.600
E =14.142
RUN

SEND: M =1
X =0.000
Y =0.000
Z =8.800
E =14.142
RUN

SEND: M =1
X =10.000
Y =10.000
Z =8.800
E =14.142
RUN

SEND: M =1
X =0.000
Y =0.000
Z =9.000
E =14.142
RUN

SEND: M =1
X =10.000
Y =10.000
Z =9.000
E =14.142
RUN

Comando no reconocido:  49.81ºC
SEND: M =1
X =0.000
Y =0.000
Z =9.200
E =14.142
RUN

SEND: M =1
X =10.000
Y =10.000
Z =9.200
E =14.142
RUN

SEND: M =1
X =0.000
Y =0.000
Z =9.400
E =14.142
RUN

Comando: BFR
SEND: M =1
X =10.000
Y =10.000
Z =9.400
E =14.142
RUN

Comando: BFR
Comando: BFR
Comando: BFR
Comando: BFR
Comando: WAI
SEND: M =1
X =0.000
Y =0.000
Z =9.600
E =14.142
RUN

SEND: M =1
X =10.000
Y =10.000
Z =9.600
E =14.142
RUN

SEND: M =1
X =0.000
Y =0.000
Z =9.800
E =14.142
RUN

SEND: M =1
X =10.000
Y =10.000
Z =9.800
E =14.142
RUN

SEND: M =1
X =0.000
Y =0.000
Z =10.000
E =14.142
RUN

SEND: M =1
X =10.000
Y =10.000
Z =10.000
E =14.142
RUN

SEND: M =1
X =0.000
Y =0.000
Z =10.200
E =14.142
RUN

SEND: M =1
X =10.000
Y =10.000
Z =10.200
E =14.142
RUN

SEND: M =1
X =0.000
Y =0.000
Z =10.400
E =14.142
RUN

SEND: M =1
X =10.000
Y =10.000
Z =10.400
E =14.142
RUN

SEND: M =1
X =0.000
Y =0.000
Z =10.600
E =14.142
RUN

SEND: M =1
X =10.000
Y =10.000
Z =10.600
E =14.142
RUN

SEND: M =1
X =0.000
Y =0.000
Z =10.800
E =14.142
RUN

SEND: M =1
X =10.000
Y =10.000
Z =10.800
E =14.142
RUN

SEND: M =1
X =0.000
Y =0.000
Z =11.000
E =14.142
RUN

SEND: M =1
X =10.000
Y =10.000
Z =11.000
E =14.142
RUN

SEND: M =1
X =0.000
Y =0.000
Z =11.200
E =14.142
RUN

SEND: M =1
X =10.000
Y =10.000
Z =11.200
E =14.142
RUN

SEND: M =1
X =0.000
Y =0.000
Z =11.400
E =14.142
RUN

SEND: M =1
X =10.000
Y =10.000
Z =11.400
E =14.142
RUN

SEND: M =1
X =0.000
Y =0.000
Z =11.600
E =14.142
RUN

SEND: M =1
X =10.000
Y =10.000
Z =11.600
E =14.142
RUN

SEND: M =1
X =0.000
Y =0.000
Z =11.800
E =14.142
RUN

SEND: M =1
X =10.000
Y =10.000
Z =11.800
E =14.142
RUN

SEND: M =1
X =0.000
Y =0.000
Z =12.000
E =14.142
RUN

SEND: M =1
X =10.000
Y =10.000
Z =12.000
E =14.142
RUN

SEND: M =1
X =0.000
Y =0.000
Z =12.200
E =14.142
RUN

SEND: M =1
X =10.000
Y =10.000
Z =12.200
E =14.142
RUN

SEND: M =1
X =0.000
Y =0.000
Z =12.400
E =14.142
RUN

SEND: M =1
X =10.000
Y =10.000
Z =12.400
E =14.142
RUN

SEND: M =1
X =0.000
Y =0.000
Z =12.600
E =14.142
RUN

SEND: M =1
X =10.000
Y =10.000
Z =12.600
E =14.142
RUN

SEND: M =1
X =0.000
Y =0.000
Z =12.800
E =14.142
RUN

SEND: M =1
X =10.000
Y =10.000
Z =12.800
E =14.142
RUN

SEND: M =1
X =0.000
Y =0.000
Z =13.000
E =14.142
RUN

SEND: M =1
X =10.000
Y =10.000
Z =13.000
E =14.142
RUN

SEND: M =1
X =0.000
Y =0.000
Z =13.200
E =14.142
RUN

SEND: M =1
X =10.000
Y =10.000
Z =13.200
E =14.142
RUN

SEND: M =1
X =0.000
Y =0.000
Z =13.400
E =14.142
RUN

SEND: M =1
X =10.000
Y =10.000
Z =13.400
E =14.142
RUN

SEND: M =1
X =0.000
Y =0.000
Z =13.600
E =14.142
RUN

SEND: M =1
X =10.000
Y =10.000
Z =13.600
E =14.142
RUN

SEND: M =1
X =0.000
Y =0.000
Z =13.800
E =14.142
RUN

SEND: M =1
X =10.000
Y =10.000
Z =13.800
E =14.142
RUN

SEND: M =1
X =0.000
Y =0.000
Z =14.000
E =14.142
RUN

SEND: M =1
X =10.000
Y =10.000
Z =14.000
E =14.142
RUN

SEND: M =1
X =0.000
Y =0.000
Z =14.200
E =14.142
RUN

SEND: M =1
X =10.000
Y =10.000
Z =14.200
E =14.142
RUN

SEND: M =1
X =0.000
Y =0.000
Z =14.400
E =14.142
RUN

SEND: M =1
X =10.000
Y =10.000
Z =14.400
E =14.142
RUN

SEND: M =1
X =0.000
Y =0.000
Z =14.600
E =14.142
RUN

SEND: M =1
X =10.000
Y =10.000
Z =14.600
E =14.142
RUN

SEND: M =1
X =0.000
Y =0.000
Z =14.800
E =14.142
RUN

SEND: M =1
X =10.000
Y =10.000
Z =14.800
E =14.142
RUN

SEND: M =1
X =0.000
Y =0.000
Z =15.000
E =14.142
RUN

SEND: M =1
X =10.000
Y =10.000
Z =15.000
E =14.142
RUN

SEND: M =1
X =0.000
Y =0.000
Z =15.200
E =14.142
RUN

SEND: M =1
X =10.000
Y =10.000
Z =15.200
E =14.142
RUN

SEND: M =1
X =0.000
Y =0.000
Z =15.400
E =14.142
RUN

SEND: M =1
X =10.000
Y =10.000
Z =15.400
E =14.142
RUN

SEND: M =1
X =0.000
Y =0.000
Z =15.600
E =14.142
RUN

SEND: M =1
X =10.000
Y =10.000
Z =15.600
E =14.142
RUN

SEND: M =1
X =0.000
Y =0.000
Z =15.800
E =14.142
RUN

SEND: M =1
X =10.000
Y =10.000
Z =15.800
E =14.142
RUN

SEND: M =1
X =0.000
Y =0.000
Z =16.000
E =14.142
RUN

SEND: M =1
X =10.000
Y =10.000
Z =16.000
E =14.142
RUN

SEND: M =1
X =0.000
Y =0.000
Z =16.200
E =14.142
RUN

SEND: M =1
X =10.000
Y =10.000
Z =16.200
E =14.142
RUN

SEND: M =1
X =0.000
Y =0.000
Z =16.400
E =14.142
RUN

SEND: M =1
X =10.000
Y =10.000
Z =16.400
E =14.142
RUN

SEND: M =1
X =0.000
Y =0.000
Z =16.600
E =14.142
RUN

SEND: M =1
X =10.000
Y =10.000
Z =16.600
E =14.142
RUN

SEND: M =1
X =0.000
Y =0.000
Z =16.800
E =14.142
RUN

SEND: M =1
X =10.000
Y =10.000
Z =16.800
E =14.142
RUN

SEND: M =1
X =0.000
Y =0.000
Z =17.000
E =14.142
RUN

SEND: M =1
X =10.000
Y =10.000
Z =17.000
E =14.142
RUN

SEND: M =1
X =0.000
Y =0.000
Z =17.200
E =14.142
RUN

SEND: M =1
X =10.000
Y =10.000
Z =17.200
E =14.142
RUN

SEND: M =1
X =0.000
Y =0.000
Z =17.400
E =14.142
RUN

SEND: M =1
X =10.000
Y =10.000
Z =17.400
E =14.142
RUN

SEND: M =1
X =0.000
Y =0.000
Z =17.600
E =14.142
RUN

SEND: M =1
X =10.000
Y =10.000
Z =17.600
E =14.142
RUN

SEND: M =1
X =0.000
Y =0.000
Z =17.800
E =14.142
RUN

SEND: M =1
X =10.000
Y =10.000
Z =17.800
E =14.142
RUN

SEND: M =1
X =0.000
Y =0.000
Z =18.000
E =14.142
RUN

SEND: M =1
X =10.000
Y =10.000
Z =18.000
E =14.142
RUN

SEND: M =1
X =0.000
Y =0.000
Z =18.200
E =14.142
RUN

SEND: M =1
X =10.000
Y =10.000
Z =18.200
E =14.142
RUN

SEND: M =1
X =0.000
Y =0.000
Z =18.400
E =14.142
RUN

SEND: M =1
X =10.000
Y =10.000
Z =18.400
E =14.142
RUN

SEND: M =1
X =0.000
Y =0.000
Z =18.600
E =14.142
RUN

SEND: M =1
X =10.000
Y =10.000
Z =18.600
E =14.142
RUN

SEND: M =1
X =0.000
Y =0.000
Z =18.800
E =14.142
RUN

SEND: M =1
X =10.000
Y =10.000
Z =18.800
E =14.142
RUN

SEND: M =1
X =0.000
Y =0.000
Z =19.000
E =14.142
RUN

SEND: M =1
X =10.000
Y =10.000
Z =19.000
E =14.142
RUN

SEND: M =1
X =0.000
Y =0.000
Z =19.200
E =14.142
RUN

SEND: M =1
X =10.000
Y =10.000
Z =19.200
E =14.142
RUN

SEND: M =1
X =0.000
Y =0.000
Z =19.400
E =14.142
RUN

SEND: M =1
X =10.000
Y =10.000
Z =19.400
E =14.142
RUN

SEND: M =1
X =0.000
Y =0.000
Z =19.600
E =14.142
RUN

SEND: M =1
X =10.000
Y =10.000
Z =19.600
E =14.142
RUN

SEND: M =1
X =0.000
Y =0.000
Z =19.800
E =14.142
RUN

SEND: M =1
X =10.000
Y =10.000
Z =19.800
E =14.142
RUN

SEND: M =1
X =0.000
Y =0.000
Z =20.000
E =14.142
RUN

SEND: M =1
X =10.000
Y =10.000
Z =20.000
E =14.142
RUN

SEND: M =1
X =0.000
Y =0.000
Z =20.200
E =14.142
RUN

SEND: M =1
X =10.000
Y =10.000
Z =20.200
E =14.142
RUN

SEND: M =1
X =0.000
Y =0.000
Z =20.400
E =14.142
RUN

SEND: M =1
X =10.000
Y =10.000
Z =20.400
E =14.142
RUN

SEND: M =1
X =0.000
Y =0.000
Z =20.600
E =14.142
RUN

SEND: M =1
X =10.000
Y =10.000
Z =20.600
E =14.142
RUN

SEND: M =1
X =0.000
Y =0.000
Z =20.800
E =14.142
RUN

SEND: M =1
X =10.000
Y =10.000
Z =20.800
E =14.142
RUN

SEND: M =1
X =0.000
Y =0.000
Z =21.000
E =14.142
RUN

Comando: BFR
SEND: M =1
X =10.000
Y =10.000
Z =21.000
E =14.142
RUN

Comando: BFR
Comando: BFR
Comando: BFR
Comando: BFR
Comando: BFR
Comando: WAI
SEND: M =1
X =0.000
Y =0.000
Z =21.200
E =14.142
RUN

SEND: M =1
X =10.000
Y =10.000
Z =21.200
E =14.142
RUN

SEND: M =1
X =0.000
Y =0.000
Z =21.400
E =14.142
RUN

SEND: M =1
X =10.000
Y =10.000
Z =21.400
E =14.142
RUN

SEND: M =1
X =0.000
Y =0.000
Z =21.600
E =14.142
RUN

SEND: M =1
X =10.000
Y =10.000
Z =21.600
E =14.142
RUN

SEND: M =1
X =0.000
Y =0.000
Z =21.800
E =14.142
RUN

SEND: M =1
X =10.000
Y =10.000
Z =21.800
E =14.142
RUN

SEND: M =1
X =0.000
Y =0.000
Z =22.000
E =14.142
RUN

SEND: M =1
X =10.000
Y =10.000
Z =22.000
E =14.142
RUN

SEND: M =1
X =0.000
Y =0.000
Z =22.200
E =14.142
RUN

SEND: M =1
X =10.000
Y =10.000
Z =22.200
E =14.142
RUN

SEND: M =1
X =0.000
Y =0.000
Z =22.400
E =14.142
RUN

SEND: M =1
X =10.000
Y =10.000
Z =22.400
E =14.142
RUN

SEND: M =1
X =0.000
Y =0.000
Z =22.600
E =14.142
RUN

SEND: M =1
X =10.000
Y =10.000
Z =22.600
E =14.142
RUN

SEND: M =1
X =0.000
Y =0.000
Z =22.800
E =14.142
RUN

SEND: M =1
X =10.000
Y =10.000
Z =22.800
E =14.142
RUN

SEND: M =1
X =0.000
Y =0.000
Z =23.000
E =14.142
RUN

SEND: M =1
X =10.000
Y =10.000
Z =23.000
E =14.142
RUN

SEND: M =1
X =0.000
Y =0.000
Z =23.200
E =14.142
RUN

SEND: M =1
X =10.000
Y =10.000
Z =23.200
E =14.142
RUN

SEND: M =1
X =0.000
Y =0.000
Z =23.400
E =14.142
RUN

SEND: M =1
X =10.000
Y =10.000
Z =23.400
E =14.142
RUN

SEND: M =1
X =0.000
Y =0.000
Z =23.600
E =14.142
RUN

SEND: M =1
X =10.000
Y =10.000
Z =23.600
E =14.142
RUN

SEND: M =1
X =0.000
Y =0.000
Z =23.800
E =14.142
RUN

SEND: M =1
X =10.000
Y =10.000
Z =23.800
E =14.142
RUN

SEND: M =1
X =0.000
Y =0.000
Z =24.000
E =14.142
RUN

SEND: M =1
X =10.000
Y =10.000
Z =24.000
E =14.142
RUN

SEND: M =1
X =0.000
Y =0.000
Z =24.200
E =14.142
RUN

SEND: M =1
X =10.000
Y =10.000
Z =24.200
E =14.142
RUN

SEND: M =1
X =0.000
Y =0.000
Z =24.400
E =14.142
RUN

SEND: M =1
X =10.000
Y =10.000
Z =24.400
E =14.142
RUN

SEND: M =1
X =0.000
Y =0.000
Z =24.600
E =14.142
RUN

SEND: M =1
X =10.000
Y =10.000
Z =24.600
E =14.142
RUN

SEND: M =1
X =0.000
Y =0.000
Z =24.800
E =14.142
RUN

SEND: M =1
X =10.000
Y =10.000
Z =24.800
E =14.142
RUN

SEND: M =1
X =0.000
Y =0.000
Z =25.000
E =14.142
RUN

SEND: M =1
X =10.000
Y =10.000
Z =25.000
E =14.142
RUN

SEND: M =1
X =0.000
Y =0.000
Z =25.200
E =14.142
RUN

SEND: M =1
X =10.000
Y =10.000
Z =25.200
E =14.142
RUN

SEND: M =1
X =0.000
Y =0.000
Z =25.400
E =14.142
RUN

SEND: M =1
X =10.000
Y =10.000
Z =25.400
E =14.142
RUN

SEND: M =1
X =0.000
Y =0.000
Z =25.600
E =14.142
RUN

SEND: M =1
X =10.000
Y =10.000
Z =25.600
E =14.142
RUN

SEND: M =1
X =0.000
Y =0.000
Z =25.800
E =14.142
RUN

SEND: M =1
X =10.000
Y =10.000
Z =25.800
E =14.142
RUN

SEND: M =1
X =0.000
Y =0.000
Z =26.000
E =14.142
RUN

SEND: M =1
X =10.000
Y =10.000
Z =26.000
E =14.142
RUN

SEND: M =1
X =0.000
Y =0.000
Z =26.200
E =14.142
RUN

SEND: M =1
X =10.000
Y =10.000
Z =26.200
E =14.142
RUN

SEND: M =1
X =0.000
Y =0.000
Z =26.400
E =14.142
RUN

SEND: M =1
X =10.000
Y =10.000
Z =26.400
E =14.142
RUN

SEND: M =1
X =0.000
Y =0.000
Z =26.600
E =14.142
RUN

SEND: M =1
X =10.000
Y =10.000
Z =26.600
E =14.142
RUN

SEND: M =1
X =0.000
Y =0.000
Z =26.800
E =14.142
RUN

SEND: M =1
X =10.000
Y =10.000
Z =26.800
E =14.142
RUN

SEND: M =1
X =0.000
Y =0.000
Z =27.000
E =14.142
RUN

SEND: M =1
X =10.000
Y =10.000
Z =27.000
E =14.142
RUN

SEND: M =1
X =0.000
Y =0.000
Z =27.200
E =14.142
RUN

SEND: M =1
X =10.000
Y =10.000
Z =27.200
E =14.142
RUN

SEND: M =1
X =0.000
Y =0.000
Z =27.400
E =14.142
RUN

SEND: M =1
X =10.000
Y =10.000
Z =27.400
E =14.142
RUN

SEND: M =1
X =0.000
Y =0.000
Z =27.600
E =14.142
RUN

SEND: M =1
X =10.000
Y =10.000
Z =27.600
E =14.142
RUN

SEND: M =1
X =0.000
Y =0.000
Z =27.800
E =14.142
RUN

SEND: M =1
X =10.000
Y =10.000
Z =27.800
E =14.142
RUN

SEND: M =1
X =0.000
Y =0.000
Z =28.000
E =14.142
RUN

SEND: M =1
X =10.000
Y =10.000
Z =28.000
E =14.142
RUN

SEND: M =1
X =0.000
Y =0.000
Z =28.200
E =14.142
RUN

SEND: M =1
X =10.000
Y =10.000
Z =28.200
E =14.142
RUN

SEND: M =1
X =0.000
Y =0.000
Z =28.400
E =14.142
RUN

SEND: M =1
X =10.000
Y =10.000
Z =28.400
E =14.142
RUN

SEND: M =1
X =0.000
Y =0.000
Z =28.600
E =14.142
RUN

SEND: M =1
X =10.000
Y =10.000
Z =28.600
E =14.142
RUN

SEND: M =1
X =0.000
Y =0.000
Z =28.800
E =14.142
RUN

SEND: M =1
X =10.000
Y =10.000
Z =28.800
E =14.142
RUN

SEND: M =1
X =0.000
Y =0.000
Z =29.000
E =14.142
RUN

SEND: M =1
X =10.000
Y =10.000
Z =29.000
E =14.142
RUN

SEND: M =1
X =0.000
Y =0.000
Z =29.200
E =14.142
RUN

SEND: M =1
X =10.000
Y =10.000
Z =29.200
E =14.142
RUN

SEND: M =1
X =0.000
Y =0.000
Z =29.400
E =14.142
RUN

SEND: M =1
X =10.000
Y =10.000
Z =29.400
E =14.142
RUN

SEND: M =1
X =0.000
Y =0.000
Z =29.600
E =14.142
RUN

SEND: M =1
X =10.000
Y =10.000
Z =29.600
E =14.142
RUN

SEND: M =1
X =0.000
Y =0.000
Z =29.800
E =14.142
RUN

SEND: M =1
X =10.000
Y =10.000
Z =29.800
E =14.142
RUN

SEND: M =1
X =0.000
Y =0.000
Z =30.000
E =14.142
RUN

SEND: M =1
X =10.000
Y =10.000
Z =30.000
E =14.142
RUN

SEND: M =1
X =0.000
Y =0.000
Z =30.200
E =14.142
RUN

SEND: M =1
X =10.000
Y =10.000
Z =30.200
E =14.142
RUN

SEND: M =1
X =0.000
Y =0.000
Z =30.400
E =14.142
RUN

SEND: M =1
X =10.000
Y =10.000
Z =30.400
E =14.142
RUN

SEND: M =1
X =0.000
Y =0.000
Z =30.600
E =14.142
RUN

SEND: M =1
X =10.000
Y =10.000
Z =30.600
E =14.142
RUN

SEND: M =1
X =0.000
Y =0.000
Z =30.800
E =14.142
RUN

SEND: M =1
X =10.000
Y =10.000
Z =30.800
E =14.142
RUN

SEND: M =1
X =0.000
Y =0.000
Z =31.000
E =14.142
RUN

SEND: M =1
X =10.000
Y =10.000
Z =31.000
E =14.142
RUN

SEND: M =1
X =0.000
Y =0.000
Z =31.200
E =14.142
RUN

SEND: M =1
X =10.000
Y =10.000
Z =31.200
E =14.142
RUN

SEND: M =1
X =0.000
Y =0.000
Z =31.400
E =14.142
RUN

SEND: M =1
X =10.000
Y =10.000
Z =31.400
E =14.142
RUN

SEND: M =1
X =0.000
Y =0.000
Z =31.600
E =14.142
RUN

SEND: M =1
X =10.000
Y =10.000
Z =31.600
E =14.142
RUN

SEND: M =1
X =0.000
Y =0.000
Z =31.800
E =14.142
RUN

SEND: M =1
X =10.000
Y =10.000
Z =31.800
E =14.142
RUN

SEND: M =1
X =0.000
Y =0.000
Z =32.000
E =14.142
RUN

SEND: M =1
X =10.000
Y =10.000
Z =32.000
E =14.142
RUN

SEND: M =1
X =0.000
Y =0.000
Z =32.200
E =14.142
RUN

SEND: M =1
X =10.000
Y =10.000
Z =32.200
E =14.142
RUN

SEND: M =1
X =0.000
Y =0.000
Z =32.400
E =14.142
RUN

SEND: M =1
X =10.000
Y =10.000
Z =32.400
E =14.142
RUN

SEND: M =1
X =0.000
Y =0.000
Z =32.600
E =14.142
RUN

SEND: M =1
X =10.000
Y =10.000
Z =32.600
E =14.142
RUN

SEND: M =1
X =0.000
Y =0.000
Z =32.800
E =14.142
RUN

SEND: M =1
X =10.000
Y =10.000
Z =32.800
E =14.142
RUN

SEND: M =1
X =0.000
Y =0.000
Z =33.000
E =14.142
RUN

SEND: M =1
X =10.000
Y =10.000
Z =33.000
E =14.142
RUN

Comando: BFR
Comando: BFR
Comando: BFR
Comando: BFR
Comando: BFR
Comando: BFR
Comando: BFR
Comando: WAI
SEND: M =1
X =0.000
Y =0.000
Z =33.200
E =14.142
RUN

SEND: M =1
X =10.000
Y =10.000
Z =33.200
E =14.142
RUN

SEND: M =1
X =0.000
Y =0.000
Z =33.400
E =14.142
RUN

SEND: M =1
X =10.000
Y =10.000
Z =33.400
E =14.142
RUN

SEND: M =1
X =0.000
Y =0.000
Z =33.600
E =14.142
RUN

SEND: M =1
X =10.000
Y =10.000
Z =33.600
E =14.142
RUN

SEND: M =1
X =0.000
Y =0.000
Z =33.800
E =14.142
RUN

SEND: M =1
X =10.000
Y =10.000
Z =33.800
E =14.142
RUN

SEND: M =1
X =0.000
Y =0.000
Z =34.000
E =14.142
RUN

SEND: M =1
X =10.000
Y =10.000
Z =34.000
E =14.142
RUN

SEND: M =1
X =0.000
Y =0.000
Z =34.200
E =14.142
RUN

SEND: M =1
X =10.000
Y =10.000
Z =34.200
E =14.142
RUN

SEND: M =1
X =0.000
Y =0.000
Z =34.400
E =14.142
RUN

SEND: M =1
X =10.000
Y =10.000
Z =34.400
E =14.142
RUN

SEND: M =1
X =0.000
Y =0.000
Z =34.600
E =14.142
RUN

SEND: M =1
X =10.000
Y =10.000
Z =34.600
E =14.142
RUN

SEND: M =1
X =0.000
Y =0.000
Z =34.800
E =14.142
RUN

SEND: M =1
X =10.000
Y =10.000
Z =34.800
E =14.142
RUN

SEND: M =1
X =0.000
Y =0.000
Z =35.000
E =14.142
RUN

SEND: M =1
X =10.000
Y =10.000
Z =35.000
E =14.142
RUN

SEND: M =1
X =0.000
Y =0.000
Z =35.200
E =14.142
RUN

SEND: M =1
X =10.000
Y =10.000
Z =35.200
E =14.142
RUN

SEND: M =1
X =0.000
Y =0.000
Z =35.400
E =14.142
RUN

SEND: M =1
X =10.000
Y =10.000
Z =35.400
E =14.142
RUN

SEND: M =1
X =0.000
Y =0.000
Z =35.600
E =14.142
RUN

SEND: M =1
X =10.000
Y =10.000
Z =35.600
E =14.142
RUN

SEND: M =1
X =0.000
Y =0.000
Z =35.800
E =14.142
RUN

SEND: M =1
X =10.000
Y =10.000
Z =35.800
E =14.142
RUN

SEND: M =1
X =0.000
Y =0.000
Z =36.000
E =14.142
RUN

SEND: M =1
X =10.000
Y =10.000
Z =36.000
E =14.142
RUN

SEND: M =1
X =0.000
Y =0.000
Z =36.200
E =14.142
RUN

SEND: M =1
X =10.000
Y =10.000
Z =36.200
E =14.142
RUN

SEND: M =1
X =0.000
Y =0.000
Z =36.400
E =14.142
RUN

SEND: M =1
X =10.000
Y =10.000
Z =36.400
E =14.142
RUN

SEND: M =1
X =0.000
Y =0.000
Z =36.600
E =14.142
RUN

SEND: M =1
X =10.000
Y =10.000
Z =36.600
E =14.142
RUN

SEND: M =1
X =0.000
Y =0.000
Z =36.800
E =14.142
RUN

SEND: M =1
X =10.000
Y =10.000
Z =36.800
E =14.142
RUN

SEND: M =1
X =0.000
Y =0.000
Z =37.000
E =14.142
RUN

SEND: M =1
X =10.000
Y =10.000
Z =37.000
E =14.142
RUN

SEND: M =1
X =0.000
Y =0.000
Z =37.200
E =14.142
RUN

SEND: M =1
X =10.000
Y =10.000
Z =37.200
E =14.142
RUN

SEND: M =1
X =0.000
Y =0.000
Z =37.400
E =14.142
RUN

SEND: M =1
X =10.000
Y =10.000
Z =37.400
E =14.142
RUN

SEND: M =1
X =0.000
Y =0.000
Z =37.600
E =14.142
RUN

SEND: M =1
X =10.000
Y =10.000
Z =37.600
E =14.142
RUN

SEND: M =1
X =0.000
Y =0.000
Z =37.800
E =14.142
RUN

SEND: M =1
X =10.000
Y =10.000
Z =37.800
E =14.142
RUN

SEND: M =1
X =0.000
Y =0.000
Z =38.000
E =14.142
RUN

SEND: M =1
X =10.000
Y =10.000
Z =38.000
E =14.142
RUN

SEND: M =1
X =0.000
Y =0.000
Z =38.200
E =14.142
RUN

SEND: M =1
X =10.000
Y =10.000
Z =38.200
E =14.142
RUN

SEND: M =1
X =0.000
Y =0.000
Z =38.400
E =14.142
RUN

SEND: M =1
X =10.000
Y =10.000
Z =38.400
E =14.142
RUN

SEND: M =1
X =0.000
Y =0.000
Z =38.600
E =14.142
RUN

SEND: M =1
X =10.000
Y =10.000
Z =38.600
E =14.142
RUN

SEND: M =1
X =0.000
Y =0.000
Z =38.800
E =14.142
RUN

SEND: M =1
X =10.000
Y =10.000
Z =38.800
E =14.142
RUN

SEND: M =1
X =0.000
Y =0.000
Z =39.000
E =14.142
RUN

SEND: M =1
X =10.000
Y =10.000
Z =39.000
E =14.142
RUN

SEND: M =1
X =0.000
Y =0.000
Z =39.200
E =14.142
RUN

SEND: M =1
X =10.000
Y =10.000
Z =39.200
E =14.142
RUN

SEND: M =1
X =0.000
Y =0.000
Z =39.400
E =14.142
RUN

SEND: M =1
X =10.000
Y =10.000
Z =39.400
E =14.142
RUN

SEND: M =1
X =0.000
Y =0.000
Z =39.600
E =14.142
RUN

SEND: M =1
X =10.000
Y =10.000
Z =39.600
E =14.142
RUN

SEND: M =1
X =0.000
Y =0.000
Z =39.800
E =14.142
RUN

SEND: M =1
X =10.000
Y =10.000
Z =39.800
E =14.142
RUN

SEND: M =1
X =0.000
Y =0.000
Z =40.000
E =14.142
RUN

SEND: M =1
X =10.000
Y =10.000
Z =40.000
E =14.142
RUN

SEND: M =1
X =0.000
Y =0.000
Z =40.200
E =14.142
RUN

SEND: M =1
X =10.000
Y =10.000
Z =40.200
E =14.142
RUN

SEND: M =1
X =0.000
Y =0.000
Z =40.400
E =14.142
RUN

SEND: M =1
X =10.000
Y =10.000
Z =40.400
E =14.142
RUN

SEND: M =1
X =0.000
Y =0.000
Z =40.600
E =14.142
RUN

SEND: M =1
X =10.000
Y =10.000
Z =40.600
E =14.142
RUN

SEND: M =1
X =0.000
Y =0.000
Z =40.800
E =14.142
RUN

SEND: M =1
X =10.000
Y =10.000
Z =40.800
E =14.142
RUN

SEND: M =1
X =0.000
Y =0.000
Z =41.000
E =14.142
RUN

SEND: M =1
X =10.000
Y =10.000
Z =41.000
E =14.142
RUN

SEND: M =1
X =0.000
Y =0.000
Z =41.200
E =14.142
RUN

SEND: M =1
X =10.000
Y =10.000
Z =41.200
E =14.142
RUN

SEND: M =1
X =0.000
Y =0.000
Z =41.400
E =14.142
RUN

SEND: M =1
X =10.000
Y =10.000
Z =41.400
E =14.142
RUN

SEND: M =1
X =0.000
Y =0.000
Z =41.600
E =14.142
RUN

SEND: M =1
X =10.000
Y =10.000
Z =41.600
E =14.142
RUN

SEND: M =1
X =0.000
Y =0.000
Z =41.800
E =14.142
RUN

SEND: M =1
X =10.000
Y =10.000
Z =41.800
E =14.142
RUN

SEND: M =1
X =0.000
Y =0.000
Z =42.000
E =14.142
RUN

SEND: M =1
X =10.000
Y =10.000
Z =42.000
E =14.142
RUN

SEND: M =1
X =0.000
Y =0.000
Z =42.200
E =14.142
RUN

SEND: M =1
X =10.000
Y =10.000
Z =42.200
E =14.142
RUN

SEND: M =1
X =0.000
Y =0.000
Z =42.400
E =14.142
RUN

SEND: M =1
X =10.000
Y =10.000
Z =42.400
E =14.142
RUN

SEND: M =1
X =0.000
Y =0.000
Z =42.600
E =14.142
RUN

SEND: M =1
X =10.000
Y =10.000
Z =42.600
E =14.142
RUN

SEND: M =1
X =0.000
Y =0.000
Z =42.800
E =14.142
RUN

SEND: M =1
X =10.000
Y =10.000
Z =42.800
E =14.142
RUN

SEND: M =1
X =0.000
Y =0.000
Z =43.000
E =14.142
RUN

SEND: M =1
X =10.000
Y =10.000
Z =43.000
E =14.142
RUN

SEND: M =1
X =0.000
Y =0.000
Z =43.200
E =14.142
RUN

SEND: M =1
X =10.000
Y =10.000
Z =43.200
E =14.142
RUN

SEND: M =1
X =0.000
Y =0.000
Z =43.400
E =14.142
RUN

SEND: M =1
X =10.000
Y =10.000
Z =43.400
E =14.142
RUN

SEND: M =1
X =0.000
Y =0.000
Z =43.600
E =14.142
RUN

SEND: M =1
X =10.000
Y =10.000
Z =43.600
E =14.142
RUN

SEND: M =1
X =0.000
Y =0.000
Z =43.800
E =14.142
RUN

SEND: M =1
X =10.000
Y =10.000
Z =43.800
E =14.142
RUN

SEND: M =1
X =0.000
Y =0.000
Z =44.000
E =14.142
RUN

SEND: M =1
X =10.000
Y =10.000
Z =44.000
E =14.142
RUN

SEND: M =1
X =0.000
Y =0.000
Z =44.200
E =14.142
RUN

SEND: M =1
X =10.000
Y =10.000
Z =44.200
E =14.142
RUN

Comando: BFR
SEND: M =1
X =0.000
Y =0.000
Z =44.400
E =14.142
RUN

Comando: BFR
Comando: BFR
Comando: BFR
Comando: BFR
Comando: BFR
Comando: WAI
SEND: M =1
X =10.000
Y =10.000
Z =44.400
E =14.142
RUN

SEND: M =1
X =0.000
Y =0.000
Z =44.600
E =14.142
RUN

SEND: M =1
X =10.000
Y =10.000
Z =44.600
E =14.142
RUN

SEND: M =1
X =0.000
Y =0.000
Z =44.800
E =14.142
RUN

SEND: M =1
X =10.000
Y =10.000
Z =44.800
E =14.142
RUN

SEND: M =1
X =0.000
Y =0.000
Z =45.000
E =14.142
RUN

SEND: M =1
X =10.000
Y =10.000
Z =45.000
E =14.142
RUN

SEND: M =1
X =0.000
Y =0.000
Z =45.200
E =14.142
RUN

SEND: M =1
X =10.000
Y =10.000
Z =45.200
E =14.142
RUN

SEND: M =1
X =0.000
Y =0.000
Z =45.400
E =14.142
RUN

SEND: M =1
X =10.000
Y =10.000
Z =45.400
E =14.142
RUN

SEND: M =1
X =0.000
Y =0.000
Z =45.600
E =14.142
RUN

SEND: M =1
X =10.000
Y =10.000
Z =45.600
E =14.142
RUN

SEND: M =1
X =0.000
Y =0.000
Z =45.800
E =14.142
RUN

SEND: M =1
X =10.000
Y =10.000
Z =45.800
E =14.142
RUN

SEND: M =1
X =0.000
Y =0.000
Z =46.000
E =14.142
RUN

SEND: M =1
X =10.000
Y =10.000
Z =46.000
E =14.142
RUN

SEND: M =1
X =0.000
Y =0.000
Z =46.200
E =14.142
RUN

SEND: M =1
X =10.000
Y =10.000
Z =46.200
E =14.142
RUN

SEND: M =1
X =0.000
Y =0.000
Z =46.400
E =14.142
RUN

SEND: M =1
X =10.000
Y =10.000
Z =46.400
E =14.142
RUN

SEND: M =1
X =0.000
Y =0.000
Z =46.600
E =14.142
RUN

SEND: M =1
X =10.000
Y =10.000
Z =46.600
E =14.142
RUN

SEND: M =1
X =0.000
Y =0.000
Z =46.800
E =14.142
RUN

SEND: M =1
X =10.000
Y =10.000
Z =46.800
E =14.142
RUN

SEND: M =1
X =0.000
Y =0.000
Z =47.000
E =14.142
RUN

SEND: M =1
X =10.000
Y =10.000
Z =47.000
E =14.142
RUN

SEND: M =1
X =0.000
Y =0.000
Z =47.200
E =14.142
RUN

SEND: M =1
X =10.000
Y =10.000
Z =47.200
E =14.142
RUN

SEND: M =1
X =0.000
Y =0.000
Z =47.400
E =14.142
RUN

SEND: M =1
X =10.000
Y =10.000
Z =47.400
E =14.142
RUN

SEND: M =1
X =0.000
Y =0.000
Z =47.600
E =14.142
RUN

SEND: M =1
X =10.000
Y =10.000
Z =47.600
E =14.142
RUN

SEND: M =1
X =0.000
Y =0.000
Z =47.800
E =14.142
RUN

SEND: M =1
X =10.000
Y =10.000
Z =47.800
E =14.142
RUN

SEND: M =1
X =0.000
Y =0.000
Z =48.000
E =14.142
RUN

SEND: M =1
X =10.000
Y =10.000
Z =48.000
E =14.142
RUN

SEND: M =1
X =0.000
Y =0.000
Z =48.200
E =14.142
RUN

SEND: M =1
X =10.000
Y =10.000
Z =48.200
E =14.142
RUN

SEND: M =1
X =0.000
Y =0.000
Z =48.400
E =14.142
RUN

SEND: M =1
X =10.000
Y =10.000
Z =48.400
E =14.142
RUN

SEND: M =1
X =0.000
Y =0.000
Z =48.600
E =14.142
RUN

SEND: M =1
X =10.000
Y =10.000
Z =48.600
E =14.142
RUN

SEND: M =1
X =0.000
Y =0.000
Z =48.800
E =14.142
RUN

SEND: M =1
X =10.000
Y =10.000
Z =48.800
E =14.142
RUN

SEND: M =1
X =0.000
Y =0.000
Z =49.000
E =14.142
RUN

SEND: M =1
X =10.000
Y =10.000
Z =49.000
E =14.142
RUN

SEND: M =1
X =0.000
Y =0.000
Z =49.200
E =14.142
RUN

SEND: M =1
X =10.000
Y =10.000
Z =49.200
E =14.142
RUN

SEND: M =1
X =0.000
Y =0.000
Z =49.400
E =14.142
RUN

SEND: M =1
X =10.000
Y =10.000
Z =49.400
E =14.142
RUN

SEND: M =1
X =0.000
Y =0.000
Z =49.600
E =14.142
RUN

SEND: M =1
X =10.000
Y =10.000
Z =49.600
E =14.142
RUN

SEND: M =1
X =0.000
Y =0.000
Z =49.800
E =14.142
RUN

SEND: M =1
X =10.000
Y =10.000
Z =49.800
E =14.142
RUN

SEND: M =1
X =0.000
Y =0.000
Z =50.000
E =14.142
RUN

SEND: M =1
X =10.000
Y =10.000
Z =50.000
E =14.142
RUN

SEND: M =1
X =0.000
Y =0.000
Z =50.200
E =14.142
RUN

SEND: M =1
X =10.000
Y =10.000
Z =50.200
E =14.142
RUN

SEND: M =1
X =0.000
Y =0.000
Z =50.400
E =14.142
RUN

SEND: M =1
X =10.000
Y =10.000
Z =50.400
E =14.142
RUN

SEND: M =1
X =0.000
Y =0.000
Z =50.600
E =14.142
RUN

SEND: M =1
X =10.000
Y =10.000
Z =50.600
E =14.142
RUN

SEND: M =1
X =0.000
Y =0.000
Z =50.800
E =14.142
RUN

SEND: M =1
X =10.000
Y =10.000
Z =50.800
E =14.142
RUN

SEND: M =1
X =0.000
Y =0.000
Z =51.000
E =14.142
RUN

SEND: M =1
X =10.000
Y =10.000
Z =51.000
E =14.142
RUN

SEND: M =1
X =0.000
Y =0.000
Z =51.200
E =14.142
RUN

SEND: M =1
X =10.000
Y =10.000
Z =51.200
E =14.142
RUN

SEND: M =1
X =0.000
Y =0.000
Z =51.400
E =14.142
RUN

SEND: M =1
X =10.000
Y =10.000
Z =51.400
E =14.142
RUN

SEND: M =1
X =0.000
Y =0.000
Z =51.600
E =14.142
RUN

SEND: M =1
X =10.000
Y =10.000
Z =51.600
E =14.142
RUN

SEND: M =1
X =0.000
Y =0.000
Z =51.800
E =14.142
RUN

SEND: M =1
X =10.000
Y =10.000
Z =51.800
E =14.142
RUN

SEND: M =1
X =0.000
Y =0.000
Z =52.000
E =14.142
RUN

SEND: M =1
X =10.000
Y =10.000
Z =52.000
E =14.142
RUN

SEND: M =1
X =0.000
Y =0.000
Z =52.200
E =14.142
RUN

SEND: M =1
X =10.000
Y =10.000
Z =52.200
E =14.142
RUN

SEND: M =1
X =0.000
Y =0.000
Z =52.400
E =14.142
RUN

SEND: M =1
X =10.000
Y =10.000
Z =52.400
E =14.142
RUN

SEND: M =1
X =0.000
Y =0.000
Z =52.600
E =14.142
RUN

SEND: M =1
X =10.000
Y =10.000
Z =52.600
E =14.142
RUN

SEND: M =1
X =0.000
Y =0.000
Z =52.800
E =14.142
RUN

SEND: M =1
X =10.000
Y =10.000
Z =52.800
E =14.142
RUN

SEND: M =1
X =0.000
Y =0.000
Z =53.000
E =14.142
RUN

SEND: M =1
X =10.000
Y =10.000
Z =53.000
E =14.142
RUN

SEND: M =1
X =0.000
Y =0.000
Z =53.200
E =14.142
RUN

SEND: M =1
X =10.000
Y =10.000
Z =53.200
E =14.142
RUN

SEND: M =1
X =0.000
Y =0.000
Z =53.400
E =14.142
RUN

SEND: M =1
X =10.000
Y =10.000
Z =53.400
E =14.142
RUN

SEND: M =1
X =0.000
Y =0.000
Z =53.600
E =14.142
RUN

SEND: M =1
X =10.000
Y =10.000
Z =53.600
E =14.142
RUN

SEND: M =1
X =0.000
Y =0.000
Z =53.800
E =14.142
RUN

SEND: M =1
X =10.000
Y =10.000
Z =53.800
E =14.142
RUN

SEND: M =1
X =0.000
Y =0.000
Z =54.000
E =14.142
RUN

SEND: M =1
X =10.000
Y =10.000
Z =54.000
E =14.142
RUN

SEND: M =1
X =0.000
Y =0.000
Z =54.200
E =14.142
RUN

SEND: M =1
X =10.000
Y =10.000
Z =54.200
E =14.142
RUN

SEND: M =1
X =0.000
Y =0.000
Z =54.400
E =14.142
RUN

SEND: M =1
X =10.000
Y =10.000
Z =54.400
E =14.142
RUN

SEND: M =1
X =0.000
Y =0.000
Z =54.600
E =14.142
RUN

SEND: M =1
X =10.000
Y =10.000
Z =54.600
E =14.142
RUN

SEND: M =1
X =0.000
Y =0.000
Z =54.800
E =14.142
RUN

SEND: M =1
X =10.000
Y =10.000
Z =54.800
E =14.142
RUN

SEND: M =1
X =0.000
Y =0.000
Z =55.000
E =14.142
RUN

SEND: M =1
X =10.000
Y =10.000
Z =55.000
E =14.142
RUN

SEND: M =1
X =0.000
Y =0.000
Z =55.200
E =14.142
RUN

SEND: M =1
X =10.000
Y =10.000
Z =55.200
E =14.142
RUN

SEND: M =1
X =0.000
Y =0.000
Z =55.400
E =14.142
RUN

SEND: M =1
X =10.000
Y =10.000
Z =55.400
E =14.142
RUN

SEND: M =1
X =0.000
Y =0.000
Z =55.600
E =14.142
RUN

SEND: M =1
X =10.000
Y =10.000
Z =55.600
E =14.142
RUN

SEND: M =1
X =0.000
Y =0.000
Z =55.800
E =14.142
RUN

SEND: M =1
X =10.000
Y =10.000
Z =55.800
E =14.142
RUN

SEND: M =1
X =0.000
Y =0.000
Z =56.000
E =14.142
RUN

Comando: BFR
SEND: M =1
X =10.000
Y =10.000
Z =56.000
E =14.142
RUN

Comando: BFR
Comando: BFR
Comando: BFR
Comando: BFR
Comando: BFR
Comando: WAI
SEND: M =1
X =0.000
Y =0.000
Z =56.200
E =14.142
RUN

SEND: M =1
X =10.000
Y =10.000
Z =56.200
E =14.142
RUN

SEND: M =1
X =0.000
Y =0.000
Z =56.400
E =14.142
RUN

SEND: M =1
X =10.000
Y =10.000
Z =56.400
E =14.142
RUN

SEND: M =1
X =0.000
Y =0.000
Z =56.600
E =14.142
RUN

SEND: M =1
X =10.000
Y =10.000
Z =56.600
E =14.142
RUN

SEND: M =1
X =0.000
Y =0.000
Z =56.800
E =14.142
RUN

SEND: M =1
X =10.000
Y =10.000
Z =56.800
E =14.142
RUN

SEND: M =1
X =0.000
Y =0.000
Z =57.000
E =14.142
RUN

SEND: M =1
X =10.000
Y =10.000
Z =57.000
E =14.142
RUN

SEND: M =1
X =0.000
Y =0.000
Z =57.200
E =14.142
RUN

SEND: M =1
X =10.000
Y =10.000
Z =57.200
E =14.142
RUN

SEND: M =1
X =0.000
Y =0.000
Z =57.400
E =14.142
RUN

SEND: M =1
X =10.000
Y =10.000
Z =57.400
E =14.142
RUN

SEND: M =1
X =0.000
Y =0.000
Z =57.600
E =14.142
RUN

SEND: M =1
X =10.000
Y =10.000
Z =57.600
E =14.142
RUN

SEND: M =1
X =0.000
Y =0.000
Z =57.800
E =14.142
RUN

SEND: M =1
X =10.000
Y =10.000
Z =57.800
E =14.142
RUN

SEND: M =1
X =0.000
Y =0.000
Z =58.000
E =14.142
RUN

SEND: M =1
X =10.000
Y =10.000
Z =58.000
E =14.142
RUN

SEND: M =1
X =0.000
Y =0.000
Z =58.200
E =14.142
RUN

SEND: M =1
X =10.000
Y =10.000
Z =58.200
E =14.142
RUN

SEND: M =1
X =0.000
Y =0.000
Z =58.400
E =14.142
RUN

SEND: M =1
X =10.000
Y =10.000
Z =58.400
E =14.142
RUN

SEND: M =1
X =0.000
Y =0.000
Z =58.600
E =14.142
RUN

SEND: M =1
X =10.000
Y =10.000
Z =58.600
E =14.142
RUN

SEND: M =1
X =0.000
Y =0.000
Z =58.800
E =14.142
RUN

SEND: M =1
X =10.000
Y =10.000
Z =58.800
E =14.142
RUN

SEND: M =1
X =0.000
Y =0.000
Z =59.000
E =14.142
RUN

SEND: M =1
X =10.000
Y =10.000
Z =59.000
E =14.142
RUN

SEND: M =1
X =0.000
Y =0.000
Z =59.200
E =14.142
RUN

SEND: M =1
X =10.000
Y =10.000
Z =59.200
E =14.142
RUN

SEND: M =1
X =0.000
Y =0.000
Z =59.400
E =14.142
RUN

SEND: M =1
X =10.000
Y =10.000
Z =59.400
E =14.142
RUN

SEND: M =1
X =0.000
Y =0.000
Z =59.600
E =14.142
RUN

SEND: M =1
X =10.000
Y =10.000
Z =59.600
E =14.142
RUN

SEND: M =1
X =0.000
Y =0.000
Z =59.800
E =14.142
RUN

SEND: M =1
X =10.000
Y =10.000
Z =59.800
E =14.142
RUN

SEND: M =1
X =0.000
Y =0.000
Z =60.000
E =14.142
RUN

SEND: M =1
X =10.000
Y =10.000
Z =60.000
E =14.142
RUN

SEND: M =1
X =0.000
Y =0.000
Z =60.200
E =14.142
RUN

SEND: M =1
X =10.000
Y =10.000
Z =60.200
E =14.142
RUN

SEND: M =1
X =0.000
Y =0.000
Z =60.400
E =14.142
RUN

SEND: M =1
X =10.000
Y =10.000
Z =60.400
E =14.142
RUN

SEND: M =1
X =0.000
Y =0.000
Z =60.600
E =14.142
RUN

SEND: M =1
X =10.000
Y =10.000
Z =60.600
E =14.142
RUN

SEND: M =1
X =0.000
Y =0.000
Z =60.800
E =14.142
RUN

SEND: M =1
X =10.000
Y =10.000
Z =60.800
E =14.142
RUN

SEND: M =1
X =0.000
Y =0.000
Z =61.000
E =14.142
RUN

SEND: M =1
X =10.000
Y =10.000
Z =61.000
E =14.142
RUN

SEND: M =1
X =0.000
Y =0.000
Z =61.200
E =14.142
RUN

SEND: M =1
X =10.000
Y =10.000
Z =61.200
E =14.142
RUN

SEND: M =1
X =0.000
Y =0.000
Z =61.400
E =14.142
RUN

SEND: M =1
X =10.000
Y =10.000
Z =61.400
E =14.142
RUN

SEND: M =1
X =0.000
Y =0.000
Z =61.600
E =14.142
RUN

SEND: M =1
X =10.000
Y =10.000
Z =61.600
E =14.142
RUN

SEND: M =1
X =0.000
Y =0.000
Z =61.800
E =14.142
RUN

SEND: M =1
X =10.000
Y =10.000
Z =61.800
E =14.142
RUN

SEND: M =1
X =0.000
Y =0.000
Z =62.000
E =14.142
RUN

SEND: M =1
X =10.000
Y =10.000
Z =62.000
E =14.142
RUN

SEND: M =1
X =0.000
Y =0.000
Z =62.200
E =14.142
RUN

SEND: M =1
X =10.000
Y =10.000
Z =62.200
E =14.142
RUN

SEND: M =1
X =0.000
Y =0.000
Z =62.400
E =14.142
RUN

SEND: M =1
X =10.000
Y =10.000
Z =62.400
E =14.142
RUN

SEND: M =1
X =0.000
Y =0.000
Z =62.600
E =14.142
RUN

SEND: M =1
X =10.000
Y =10.000
Z =62.600
E =14.142
RUN

SEND: M =1
X =0.000
Y =0.000
Z =62.800
E =14.142
RUN

SEND: M =1
X =10.000
Y =10.000
Z =62.800
E =14.142
RUN

SEND: M =1
X =0.000
Y =0.000
Z =63.000
E =14.142
RUN

SEND: M =1
X =10.000
Y =10.000
Z =63.000
E =14.142
RUN

SEND: M =1
X =0.000
Y =0.000
Z =63.200
E =14.142
RUN

SEND: M =1
X =10.000
Y =10.000
Z =63.200
E =14.142
RUN

SEND: M =1
X =0.000
Y =0.000
Z =63.400
E =14.142
RUN

SEND: M =1
X =10.000
Y =10.000
Z =63.400
E =14.142
RUN

SEND: M =1
X =0.000
Y =0.000
Z =63.600
E =14.142
RUN

SEND: M =1
X =10.000
Y =10.000
Z =63.600
E =14.142
RUN

SEND: M =1
X =0.000
Y =0.000
Z =63.800
E =14.142
RUN

SEND: M =1
X =10.000
Y =10.000
Z =63.800
E =14.142
RUN

SEND: M =1
X =0.000
Y =0.000
Z =64.000
E =14.142
RUN

SEND: M =1
X =10.000
Y =10.000
Z =64.000
E =14.142
RUN

SEND: M =1
X =0.000
Y =0.000
Z =64.200
E =14.142
RUN

SEND: M =1
X =10.000
Y =10.000
Z =64.200
E =14.142
RUN

SEND: M =1
X =0.000
Y =0.000
Z =64.400
E =14.142
RUN

SEND: M =1
X =10.000
Y =10.000
Z =64.400
E =14.142
RUN

SEND: M =1
X =0.000
Y =0.000
Z =64.600
E =14.142
RUN

SEND: M =1
X =10.000
Y =10.000
Z =64.600
E =14.142
RUN

SEND: M =1
X =0.000
Y =0.000
Z =64.800
E =14.142
RUN

SEND: M =1
X =10.000
Y =10.000
Z =64.800
E =14.142
RUN

SEND: M =1
X =0.000
Y =0.000
Z =65.000
E =14.142
RUN

SEND: M =1
X =10.000
Y =10.000
Z =65.000
E =14.142
RUN

SEND: M =1
X =0.000
Y =0.000
Z =65.200
E =14.142
RUN

SEND: M =1
X =10.000
Y =10.000
Z =65.200
E =14.142
RUN

SEND: M =1
X =0.000
Y =0.000
Z =65.400
E =14.142
RUN

SEND: M =1
X =10.000
Y =10.000
Z =65.400
E =14.142
RUN

SEND: M =1
X =0.000
Y =0.000
Z =65.600
E =14.142
RUN

SEND: M =1
X =10.000
Y =10.000
Z =65.600
E =14.142
RUN

SEND: M =1
X =0.000
Y =0.000
Z =65.800
E =14.142
RUN

SEND: M =1
X =10.000
Y =10.000
Z =65.800
E =14.142
RUN

SEND: M =1
X =0.000
Y =0.000
Z =66.000
E =14.142
RUN

SEND: M =1
X =10.000
Y =10.000
Z =66.000
E =14.142
RUN

SEND: M =1
X =0.000
Y =0.000
Z =66.200
E =14.142
RUN

SEND: M =1
X =10.000
Y =10.000
Z =66.200
E =14.142
RUN

SEND: M =1
X =0.000
Y =0.000
Z =66.400
E =14.142
RUN

SEND: M =1
X =10.000
Y =10.000
Z =66.400
E =14.142
RUN

SEND: M =1
X =0.000
Y =0.000
Z =66.600
E =14.142
RUN

SEND: M =1
X =10.000
Y =10.000
Z =66.600
E =14.142
RUN

SEND: M =1
X =0.000
Y =0.000
Z =66.800
E =14.142
RUN

SEND: M =1
X =10.000
Y =10.000
Z =66.800
E =14.142
RUN

SEND: M =1
X =0.000
Y =0.000
Z =67.000
E =14.142
RUN

SEND: M =1
X =10.000
Y =10.000
Z =67.000
E =14.142
RUN

SEND: M =1
X =0.000
Y =0.000
Z =67.200
E =14.142
RUN

SEND: M =1
X =10.000
Y =10.000
Z =67.200
E =14.142
RUN

SEND: M =1
X =0.000
Y =0.000
Z =67.400
E =14.142
RUN

SEND: M =1
X =10.000
Y =10.000
Z =67.400
E =14.142
RUN

SEND: M =1
X =0.000
Y =0.000
Z =67.600
E =14.142
RUN

SEND: M =1
X =10.000
Y =10.000
Z =67.600
E =14.142
RUN

SEND: M =1
X =0.000
Y =0.000
Z =67.800
E =14.142
RUN

SEND: M =1
X =10.000
Y =10.000
Z =67.800
E =14.142
RUN

Comando: BFR
SEND: M =1
X =0.000
Y =0.000
Z =68.000
E =14.142
RUN

Comando: BFR
Comando: BFR
Comando: BFR
Comando: BFR
Comando: BFR
Comando: BFR
Comando: WAI
SEND: M =1
X =10.000
Y =10.000
Z =68.000
E =14.142
RUN

SEND: M =1
X =0.000
Y =0.000
Z =68.200
E =14.142
RUN

SEND: M =1
X =10.000
Y =10.000
Z =68.200
E =14.142
RUN

SEND: M =1
X =0.000
Y =0.000
Z =68.400
E =14.142
RUN

SEND: M =1
X =10.000
Y =10.000
Z =68.400
E =14.142
RUN

SEND: M =1
X =0.000
Y =0.000
Z =68.600
E =14.142
RUN

SEND: M =1
X =10.000
Y =10.000
Z =68.600
E =14.142
RUN

SEND: M =1
X =0.000
Y =0.000
Z =68.800
E =14.142
RUN

SEND: M =1
X =10.000
Y =10.000
Z =68.800
E =14.142
RUN

SEND: M =1
X =0.000
Y =0.000
Z =69.000
E =14.142
RUN

SEND: M =1
X =10.000
Y =10.000
Z =69.000
E =14.142
RUN

SEND: M =1
X =0.000
Y =0.000
Z =69.200
E =14.142
RUN

SEND: M =1
X =10.000
Y =10.000
Z =69.200
E =14.142
RUN

SEND: M =1
X =0.000
Y =0.000
Z =69.400
E =14.142
RUN

SEND: M =1
X =10.000
Y =10.000
Z =69.400
E =14.142
RUN

SEND: M =1
X =0.000
Y =0.000
Z =69.600
E =14.142
RUN

SEND: M =1
X =10.000
Y =10.000
Z =69.600
E =14.142
RUN

SEND: M =1
X =0.000
Y =0.000
Z =69.800
E =14.142
RUN

SEND: M =1
X =10.000
Y =10.000
Z =69.800
E =14.142
RUN

SEND: M =1
X =0.000
Y =0.000
Z =70.000
E =14.142
RUN

SEND: M =1
X =10.000
Y =10.000
Z =70.000
E =14.142
RUN

SEND: M =1
X =0.000
Y =0.000
Z =70.200
E =14.142
RUN

SEND: M =1
X =10.000
Y =10.000
Z =70.200
E =14.142
RUN

SEND: M =1
X =0.000
Y =0.000
Z =70.400
E =14.142
RUN

SEND: M =1
X =10.000
Y =10.000
Z =70.400
E =14.142
RUN

SEND: M =1
X =0.000
Y =0.000
Z =70.600
E =14.142
RUN

SEND: M =1
X =10.000
Y =10.000
Z =70.600
E =14.142
RUN

SEND: M =1
X =0.000
Y =0.000
Z =70.800
E =14.142
RUN

SEND: M =1
X =10.000
Y =10.000
Z =70.800
E =14.142
RUN

SEND: M =1
X =0.000
Y =0.000
Z =71.000
E =14.142
RUN

SEND: M =1
X =10.000
Y =10.000
Z =71.000
E =14.142
RUN

SEND: M =1
X =0.000
Y =0.000
Z =71.200
E =14.142
RUN

SEND: M =1
X =10.000
Y =10.000
Z =71.200
E =14.142
RUN

SEND: M =1
X =0.000
Y =0.000
Z =71.400
E =14.142
RUN

SEND: M =1
X =10.000
Y =10.000
Z =71.400
E =14.142
RUN

SEND: M =1
X =0.000
Y =0.000
Z =71.600
E =14.142
RUN

SEND: M =1
X =10.000
Y =10.000
Z =71.600
E =14.142
RUN

SEND: M =1
X =0.000
Y =0.000
Z =71.800
E =14.142
RUN

SEND: M =1
X =10.000
Y =10.000
Z =71.800
E =14.142
RUN

SEND: M =1
X =0.000
Y =0.000
Z =72.000
E =14.142
RUN

SEND: M =1
X =10.000
Y =10.000
Z =72.000
E =14.142
RUN

SEND: M =1
X =0.000
Y =0.000
Z =72.200
E =14.142
RUN

SEND: M =1
X =10.000
Y =10.000
Z =72.200
E =14.142
RUN

SEND: M =1
X =0.000
Y =0.000
Z =72.400
E =14.142
RUN

SEND: M =1
X =10.000
Y =10.000
Z =72.400
E =14.142
RUN

SEND: M =1
X =0.000
Y =0.000
Z =72.600
E =14.142
RUN

SEND: M =1
X =10.000
Y =10.000
Z =72.600
E =14.142
RUN

SEND: M =1
X =0.000
Y =0.000
Z =72.800
E =14.142
RUN

SEND: M =1
X =10.000
Y =10.000
Z =72.800
E =14.142
RUN

SEND: M =1
X =0.000
Y =0.000
Z =73.000
E =14.142
RUN

SEND: M =1
X =10.000
Y =10.000
Z =73.000
E =14.142
RUN

SEND: M =1
X =0.000
Y =0.000
Z =73.200
E =14.142
RUN

SEND: M =1
X =10.000
Y =10.000
Z =73.200
E =14.142
RUN

SEND: M =1
X =0.000
Y =0.000
Z =73.400
E =14.142
RUN

SEND: M =1
X =10.000
Y =10.000
Z =73.400
E =14.142
RUN

SEND: M =1
X =0.000
Y =0.000
Z =73.600
E =14.142
RUN

SEND: M =1
X =10.000
Y =10.000
Z =73.600
E =14.142
RUN

SEND: M =1
X =0.000
Y =0.000
Z =73.800
E =14.142
RUN

SEND: M =1
X =10.000
Y =10.000
Z =73.800
E =14.142
RUN

SEND: M =1
X =0.000
Y =0.000
Z =74.000
E =14.142
RUN

SEND: M =1
X =10.000
Y =10.000
Z =74.000
E =14.142
RUN

SEND: M =1
X =0.000
Y =0.000
Z =74.200
E =14.142
RUN

SEND: M =1
X =10.000
Y =10.000
Z =74.200
E =14.142
RUN

SEND: M =1
X =0.000
Y =0.000
Z =74.400
E =14.142
RUN

SEND: M =1
X =10.000
Y =10.000
Z =74.400
E =14.142
RUN

SEND: M =1
X =0.000
Y =0.000
Z =74.600
E =14.142
RUN

SEND: M =1
X =10.000
Y =10.000
Z =74.600
E =14.142
RUN

SEND: M =1
X =0.000
Y =0.000
Z =74.800
E =14.142
RUN

SEND: M =1
X =10.000
Y =10.000
Z =74.800
E =14.142
RUN

SEND: M =1
X =0.000
Y =0.000
Z =75.000
E =14.142
RUN

SEND: M =1
X =10.000
Y =10.000
Z =75.000
E =14.142
RUN

SEND: M =1
X =0.000
Y =0.000
Z =75.200
E =14.142
RUN

SEND: M =1
X =10.000
Y =10.000
Z =75.200
E =14.142
RUN

SEND: M =1
X =0.000
Y =0.000
Z =75.400
E =14.142
RUN

SEND: M =1
X =10.000
Y =10.000
Z =75.400
E =14.142
RUN

SEND: M =1
X =0.000
Y =0.000
Z =75.600
E =14.142
RUN

SEND: M =1
X =10.000
Y =10.000
Z =75.600
E =14.142
RUN

SEND: M =1
X =0.000
Y =0.000
Z =75.800
E =14.142
RUN

SEND: M =1
X =10.000
Y =10.000
Z =75.800
E =14.142
RUN

SEND: M =1
X =0.000
Y =0.000
Z =76.000
E =14.142
RUN

SEND: M =1
X =10.000
Y =10.000
Z =76.000
E =14.142
RUN

SEND: M =1
X =0.000
Y =0.000
Z =76.200
E =14.142
RUN

SEND: M =1
X =10.000
Y =10.000
Z =76.200
E =14.142
RUN

SEND: M =1
X =0.000
Y =0.000
Z =76.400
E =14.142
RUN

SEND: M =1
X =10.000
Y =10.000
Z =76.400
E =14.142
RUN

SEND: M =1
X =0.000
Y =0.000
Z =76.600
E =14.142
RUN

SEND: M =1
X =10.000
Y =10.000
Z =76.600
E =14.142
RUN

SEND: M =1
X =0.000
Y =0.000
Z =76.800
E =14.142
RUN

SEND: M =1
X =10.000
Y =10.000
Z =76.800
E =14.142
RUN

SEND: M =1
X =0.000
Y =0.000
Z =77.000
E =14.142
RUN

SEND: M =1
X =10.000
Y =10.000
Z =77.000
E =14.142
RUN

SEND: M =1
X =0.000
Y =0.000
Z =77.200
E =14.142
RUN

SEND: M =1
X =10.000
Y =10.000
Z =77.200
E =14.142
RUN

SEND: M =1
X =0.000
Y =0.000
Z =77.400
E =14.142
RUN

SEND: M =1
X =10.000
Y =10.000
Z =77.400
E =14.142
RUN

SEND: M =1
X =0.000
Y =0.000
Z =77.600
E =14.142
RUN

SEND: M =1
X =10.000
Y =10.000
Z =77.600
E =14.142
RUN

SEND: M =1
X =0.000
Y =0.000
Z =77.800
E =14.142
RUN

SEND: M =1
X =10.000
Y =10.000
Z =77.800
E =14.142
RUN

SEND: M =1
X =0.000
Y =0.000
Z =78.000
E =14.142
RUN

SEND: M =1
X =10.000
Y =10.000
Z =78.000
E =14.142
RUN

SEND: M =1
X =0.000
Y =0.000
Z =78.200
E =14.142
RUN

SEND: M =1
X =10.000
Y =10.000
Z =78.200
E =14.142
RUN

SEND: M =1
X =0.000
Y =0.000
Z =78.400
E =14.142
RUN

SEND: M =1
X =10.000
Y =10.000
Z =78.400
E =14.142
RUN

SEND: M =1
X =0.000
Y =0.000
Z =78.600
E =14.142
RUN

SEND: M =1
X =10.000
Y =10.000
Z =78.600
E =14.142
RUN

SEND: M =1
X =0.000
Y =0.000
Z =78.800
E =14.142
RUN

SEND: M =1
X =10.000
Y =10.000
Z =78.800
E =14.142
RUN

SEND: M =1
X =0.000
Y =0.000
Z =79.000
E =14.142
RUN

SEND: M =1
X =10.000
Y =10.000
Z =79.000
E =14.142
RUN

SEND: M =1
X =0.000
Y =0.000
Z =79.200
E =14.142
RUN

SEND: M =1
X =10.000
Y =10.000
Z =79.200
E =14.142
RUN

SEND: M =1
X =0.000
Y =0.000
Z =79.400
E =14.142
RUN

SEND: M =1
X =10.000
Y =10.000
Z =79.400
E =14.142
RUN

SEND: M =1
X =0.000
Y =0.000
Z =79.600
E =14.142
RUN

SEND: M =1
X =10.000
Y =10.000
Z =79.600
E =14.142
RUN

Comando: BFR
Comando: BFR
Comando: BFR
Comando: BFR
Comando: BFR
Comando: BFR
Comando: WAI
SEND: M =1
X =0.000
Y =0.000
Z =79.800
E =14.142
RUN

SEND: M =1
X =10.000
Y =10.000
Z =79.800
E =14.142
RUN

SEND: M =1
X =0.000
Y =0.000
Z =80.000
E =14.142
RUN

SEND: M =1
X =10.000
Y =10.000
Z =80.000
E =14.142
RUN

SEND: M =1
X =0.000
Y =0.000
Z =80.200
E =14.142
RUN

SEND: M =1
X =10.000
Y =10.000
Z =80.200
E =14.142
RUN

SEND: M =1
X =0.000
Y =0.000
Z =80.400
E =14.142
RUN

SEND: M =1
X =10.000
Y =10.000
Z =80.400
E =14.142
RUN

SEND: M =1
X =0.000
Y =0.000
Z =80.600
E =14.142
RUN

SEND: M =1
X =10.000
Y =10.000
Z =80.600
E =14.142
RUN

SEND: M =1
X =0.000
Y =0.000
Z =80.800
E =14.142
RUN

SEND: M =1
X =10.000
Y =10.000
Z =80.800
E =14.142
RUN

SEND: M =1
X =0.000
Y =0.000
Z =81.000
E =14.142
RUN

SEND: M =1
X =10.000
Y =10.000
Z =81.000
E =14.142
RUN

SEND: M =1
X =0.000
Y =0.000
Z =81.200
E =14.142
RUN

SEND: M =1
X =10.000
Y =10.000
Z =81.200
E =14.142
RUN

SEND: M =1
X =0.000
Y =0.000
Z =81.400
E =14.142
RUN

SEND: M =1
X =10.000
Y =10.000
Z =81.400
E =14.142
RUN

SEND: M =1
X =0.000
Y =0.000
Z =81.600
E =14.142
RUN

SEND: M =1
X =10.000
Y =10.000
Z =81.600
E =14.142
RUN

SEND: M =1
X =0.000
Y =0.000
Z =81.800
E =14.142
RUN

SEND: M =1
X =10.000
Y =10.000
Z =81.800
E =14.142
RUN

SEND: M =1
X =0.000
Y =0.000
Z =82.000
E =14.142
RUN

SEND: M =1
X =10.000
Y =10.000
Z =82.000
E =14.142
RUN

SEND: M =1
X =0.000
Y =0.000
Z =82.200
E =14.142
RUN

SEND: M =1
X =10.000
Y =10.000
Z =82.200
E =14.142
RUN

SEND: M =1
X =0.000
Y =0.000
Z =82.400
E =14.142
RUN

SEND: M =1
X =10.000
Y =10.000
Z =82.400
E =14.142
RUN

SEND: M =1
X =0.000
Y =0.000
Z =82.600
E =14.142
RUN

SEND: M =1
X =10.000
Y =10.000
Z =82.600
E =14.142
RUN

SEND: M =1
X =0.000
Y =0.000
Z =82.800
E =14.142
RUN

SEND: M =1
X =10.000
Y =10.000
Z =82.800
E =14.142
RUN

SEND: M =1
X =0.000
Y =0.000
Z =83.000
E =14.142
RUN

SEND: M =1
X =10.000
Y =10.000
Z =83.000
E =14.142
RUN

SEND: M =1
X =0.000
Y =0.000
Z =83.200
E =14.142
RUN

SEND: M =1
X =10.000
Y =10.000
Z =83.200
E =14.142
RUN

SEND: M =1
X =0.000
Y =0.000
Z =83.400
E =14.142
RUN

SEND: M =1
X =10.000
Y =10.000
Z =83.400
E =14.142
RUN

SEND: M =1
X =0.000
Y =0.000
Z =83.600
E =14.142
RUN

SEND: M =1
X =10.000
Y =10.000
Z =83.600
E =14.142
RUN

SEND: M =1
X =0.000
Y =0.000
Z =83.800
E =14.142
RUN

SEND: M =1
X =10.000
Y =10.000
Z =83.800
E =14.142
RUN

SEND: M =1
X =0.000
Y =0.000
Z =84.000
E =14.142
RUN

SEND: M =1
X =10.000
Y =10.000
Z =84.000
E =14.142
RUN

SEND: M =1
X =0.000
Y =0.000
Z =84.200
E =14.142
RUN

SEND: M =1
X =10.000
Y =10.000
Z =84.200
E =14.142
RUN

SEND: M =1
X =0.000
Y =0.000
Z =84.400
E =14.142
RUN

SEND: M =1
X =10.000
Y =10.000
Z =84.400
E =14.142
RUN

SEND: M =1
X =0.000
Y =0.000
Z =84.600
E =14.142
RUN

SEND: M =1
X =10.000
Y =10.000
Z =84.600
E =14.142
RUN

SEND: M =1
X =0.000
Y =0.000
Z =84.800
E =14.142
RUN

SEND: M =1
X =10.000
Y =10.000
Z =84.800
E =14.142
RUN

SEND: M =1
X =0.000
Y =0.000
Z =85.000
E =14.142
RUN

SEND: M =1
X =10.000
Y =10.000
Z =85.000
E =14.142
RUN

SEND: M =1
X =0.000
Y =0.000
Z =85.200
E =14.142
RUN

SEND: M =1
X =10.000
Y =10.000
Z =85.200
E =14.142
RUN

SEND: M =1
X =0.000
Y =0.000
Z =85.400
E =14.142
RUN

SEND: M =1
X =10.000
Y =10.000
Z =85.400
E =14.142
RUN

SEND: M =1
X =0.000
Y =0.000
Z =85.600
E =14.142
RUN

SEND: M =1
X =10.000
Y =10.000
Z =85.600
E =14.142
RUN

SEND: M =1
X =0.000
Y =0.000
Z =85.800
E =14.142
RUN

SEND: M =1
X =10.000
Y =10.000
Z =85.800
E =14.142
RUN

SEND: M =1
X =0.000
Y =0.000
Z =86.000
E =14.142
RUN

SEND: M =1
X =10.000
Y =10.000
Z =86.000
E =14.142
RUN

SEND: M =1
X =0.000
Y =0.000
Z =86.200
E =14.142
RUN

SEND: M =1
X =10.000
Y =10.000
Z =86.200
E =14.142
RUN

SEND: M =1
X =0.000
Y =0.000
Z =86.400
E =14.142
RUN

SEND: M =1
X =10.000
Y =10.000
Z =86.400
E =14.142
RUN

SEND: M =1
X =0.000
Y =0.000
Z =86.600
E =14.142
RUN

SEND: M =1
X =10.000
Y =10.000
Z =86.600
E =14.142
RUN

SEND: M =1
X =0.000
Y =0.000
Z =86.800
E =14.142
RUN

SEND: M =1
X =10.000
Y =10.000
Z =86.800
E =14.142
RUN

SEND: M =1
X =0.000
Y =0.000
Z =87.000
E =14.142
RUN

SEND: M =1
X =10.000
Y =10.000
Z =87.000
E =14.142
RUN

SEND: M =1
X =0.000
Y =0.000
Z =87.200
E =14.142
RUN

SEND: M =1
X =10.000
Y =10.000
Z =87.200
E =14.142
RUN

SEND: M =1
X =0.000
Y =0.000
Z =87.400
E =14.142
RUN

SEND: M =1
X =10.000
Y =10.000
Z =87.400
E =14.142
RUN

SEND: M =1
X =0.000
Y =0.000
Z =87.600
E =14.142
RUN

SEND: M =1
X =10.000
Y =10.000
Z =87.600
E =14.142
RUN

SEND: M =1
X =0.000
Y =0.000
Z =87.800
E =14.142
RUN

SEND: M =1
X =10.000
Y =10.000
Z =87.800
E =14.142
RUN

SEND: M =1
X =0.000
Y =0.000
Z =88.000
E =14.142
RUN

SEND: M =1
X =10.000
Y =10.000
Z =88.000
E =14.142
RUN

SEND: M =1
X =0.000
Y =0.000
Z =88.200
E =14.142
RUN

SEND: M =1
X =10.000
Y =10.000
Z =88.200
E =14.142
RUN

SEND: M =1
X =0.000
Y =0.000
Z =88.400
E =14.142
RUN

SEND: M =1
X =10.000
Y =10.000
Z =88.400
E =14.142
RUN

SEND: M =1
X =0.000
Y =0.000
Z =88.600
E =14.142
RUN

SEND: M =1
X =10.000
Y =10.000
Z =88.600
E =14.142
RUN

SEND: M =1
X =0.000
Y =0.000
Z =88.800
E =14.142
RUN

SEND: M =1
X =10.000
Y =10.000
Z =88.800
E =14.142
RUN

SEND: M =1
X =0.000
Y =0.000
Z =89.000
E =14.142
RUN

SEND: M =1
X =10.000
Y =10.000
Z =89.000
E =14.142
RUN

SEND: M =1
X =0.000
Y =0.000
Z =89.200
E =14.142
RUN

SEND: M =1
X =10.000
Y =10.000
Z =89.200
E =14.142
RUN

SEND: M =1
X =0.000
Y =0.000
Z =89.400
E =14.142
RUN

SEND: M =1
X =10.000
Y =10.000
Z =89.400
E =14.142
RUN

SEND: M =1
X =0.000
Y =0.000
Z =89.600
E =14.142
RUN

SEND: M =1
X =10.000
Y =10.000
Z =89.600
E =14.142
RUN

SEND: M =1
X =0.000
Y =0.000
Z =89.800
E =14.142
RUN

SEND: M =1
X =10.000
Y =10.000
Z =89.800
E =14.142
RUN

SEND: M =1
X =0.000
Y =0.000
Z =90.000
E =14.142
RUN

SEND: M =1
X =10.000
Y =10.000
Z =90.000
E =14.142
RUN

SEND: M =1
X =0.000
Y =0.000
Z =90.200
E =14.142
RUN

SEND: M =1
X =10.000
Y =10.000
Z =90.200
E =14.142
RUN

SEND: M =1
X =0.000
Y =0.000
Z =90.400
E =14.142
RUN

SEND: M =1
X =10.000
Y =10.000
Z =90.400
E =14.142
RUN

SEND: M =1
X =0.000
Y =0.000
Z =90.600
E =14.142
RUN

SEND: M =1
X =10.000
Y =10.000
Z =90.600
E =14.142
RUN

SEND: M =1
X =0.000
Y =0.000
Z =90.800
E =14.142
RUN

Comando: WAI
SEND: M =1
X =10.000
Y =10.000
Z =90.800
E =14.142
RUN

SEND: M =1
X =0.000
Y =0.000
Z =91.000
E =14.142
RUN

SEND: M =1
X =10.000
Y =10.000
Z =91.000
E =14.142
RUN

SEND: M =1
X =0.000
Y =0.000
Z =91.200
E =14.142
RUN

SEND: M =1
X =10.000
Y =10.000
Z =91.200
E =14.142
RUN

SEND: M =1
X =0.000
Y =0.000
Z =91.400
E =14.142
RUN

SEND: M =1
X =10.000
Y =10.000
Z =91.400
E =14.142
RUN

SEND: M =1
X =0.000
Y =0.000
Z =91.600
E =14.142
RUN

SEND: M =1
X =10.000
Y =10.000
Z =91.600
E =14.142
RUN

SEND: M =1
X =0.000
Y =0.000
Z =91.800
E =14.142
RUN

SEND: M =1
X =10.000
Y =10.000
Z =91.800
E =14.142
RUN

SEND: M =1
X =0.000
Y =0.000
Z =92.000
E =14.142
RUN

SEND: M =1
X =10.000
Y =10.000
Z =92.000
E =14.142
RUN

SEND: M =1
X =0.000
Y =0.000
Z =92.200
E =14.142
RUN

SEND: M =1
X =10.000
Y =10.000
Z =92.200
E =14.142
RUN

SEND: M =1
X =0.000
Y =0.000
Z =92.400
E =14.142
RUN

SEND: M =1
X =10.000
Y =10.000
Z =92.400
E =14.142
RUN

SEND: M =1
X =0.000
Y =0.000
Z =92.600
E =14.142
RUN

SEND: M =1
X =10.000
Y =10.000
Z =92.600
E =14.142
RUN

SEND: M =1
X =0.000
Y =0.000
Z =92.800
E =14.142
RUN

SEND: M =1
X =10.000
Y =10.000
Z =92.800
E =14.142
RUN

SEND: M =1
X =0.000
Y =0.000
Z =93.000
E =14.142
RUN

SEND: M =1
X =10.000
Y =10.000
Z =93.000
E =14.142
RUN

SEND: M =1
X =0.000
Y =0.000
Z =93.200
E =14.142
RUN

SEND: M =1
X =10.000
Y =10.000
Z =93.200
E =14.142
RUN

SEND: M =1
X =0.000
Y =0.000
Z =93.400
E =14.142
RUN

SEND: M =1
X =10.000
Y =10.000
Z =93.400
E =14.142
RUN

SEND: M =1
X =0.000
Y =0.000
Z =93.600
E =14.142
RUN

SEND: M =1
X =10.000
Y =10.000
Z =93.600
E =14.142
RUN

SEND: M =1
X =0.000
Y =0.000
Z =93.800
E =14.142
RUN

SEND: M =1
X =10.000
Y =10.000
Z =93.800
E =14.142
RUN

SEND: M =1
X =0.000
Y =0.000
Z =94.000
E =14.142
RUN

SEND: M =1
X =10.000
Y =10.000
Z =94.000
E =14.142
RUN

SEND: M =1
X =0.000
Y =0.000
Z =94.200
E =14.142
RUN

SEND: M =1
X =10.000
Y =10.000
Z =94.200
E =14.142
RUN

SEND: M =1
X =0.000
Y =0.000
Z =94.400
E =14.142
RUN

SEND: M =1
X =10.000
Y =10.000
Z =94.400
E =14.142
RUN

SEND: M =1
X =0.000
Y =0.000
Z =94.600
E =14.142
RUN

SEND: M =1
X =10.000
Y =10.000
Z =94.600
E =14.142
RUN

SEND: M =1
X =0.000
Y =0.000
Z =94.800
E =14.142
RUN

SEND: M =1
X =10.000
Y =10.000
Z =94.800
E =14.142
RUN

SEND: M =1
X =0.000
Y =0.000
Z =95.000
E =14.142
RUN

SEND: M =1
X =10.000
Y =10.000
Z =95.000
E =14.142
RUN

SEND: M =1
X =0.000
Y =0.000
Z =95.200
E =14.142
RUN

SEND: M =1
X =10.000
Y =10.000
Z =95.200
E =14.142
RUN

SEND: M =1
X =0.000
Y =0.000
Z =95.400
E =14.142
RUN

SEND: M =1
X =10.000
Y =10.000
Z =95.400
E =14.142
RUN

SEND: M =1
X =0.000
Y =0.000
Z =95.600
E =14.142
RUN

SEND: M =1
X =10.000
Y =10.000
Z =95.600
E =14.142
RUN

SEND: M =1
X =0.000
Y =0.000
Z =95.800
E =14.142
RUN

SEND: M =1
X =10.000
Y =10.000
Z =95.800
E =14.142
RUN

SEND: M =1
X =0.000
Y =0.000
Z =96.000
E =14.142
RUN

SEND: M =1
X =10.000
Y =10.000
Z =96.000
E =14.142
RUN

SEND: M =1
X =0.000
Y =0.000
Z =96.200
E =14.142
RUN

SEND: M =1
X =10.000
Y =10.000
Z =96.200
E =14.142
RUN

SEND: M =1
X =0.000
Y =0.000
Z =96.400
E =14.142
RUN

SEND: M =1
X =10.000
Y =10.000
Z =96.400
E =14.142
RUN

SEND: M =1
X =0.000
Y =0.000
Z =96.600
E =14.142
RUN

SEND: M =1
X =10.000
Y =10.000
Z =96.600
E =14.142
RUN

SEND: M =1
X =0.000
Y =0.000
Z =96.800
E =14.142
RUN

SEND: M =1
X =10.000
Y =10.000
Z =96.800
E =14.142
RUN

SEND: M =1
X =0.000
Y =0.000
Z =97.000
E =14.142
RUN

SEND: M =1
X =10.000
Y =10.000
Z =97.000
E =14.142
RUN

SEND: M =1
X =0.000
Y =0.000
Z =97.200
E =14.142
RUN

SEND: M =1
X =10.000
Y =10.000
Z =97.200
E =14.142
RUN

SEND: M =1
X =0.000
Y =0.000
Z =97.400
E =14.142
RUN

SEND: M =1
X =10.000
Y =10.000
Z =97.400
E =14.142
RUN

SEND: M =1
X =0.000
Y =0.000
Z =97.600
E =14.142
RUN

SEND: M =1
X =10.000
Y =10.000
Z =97.600
E =14.142
RUN

SEND: M =1
X =0.000
Y =0.000
Z =97.800
E =14.142
RUN

SEND: M =1
X =10.000
Y =10.000
Z =97.800
E =14.142
RUN

SEND: M =1
X =0.000
Y =0.000
Z =98.000
E =14.142
RUN

SEND: M =1
X =10.000
Y =10.000
Z =98.000
E =14.142
RUN

SEND: M =1
X =0.000
Y =0.000
Z =98.200
E =14.142
RUN

SEND: M =1
X =10.000
Y =10.000
Z =98.200
E =14.142
RUN

SEND: M =1
X =0.000
Y =0.000
Z =98.400
E =14.142
RUN

SEND: M =1
X =10.000
Y =10.000
Z =98.400
E =14.142
RUN

SEND: M =1
X =0.000
Y =0.000
Z =98.600
E =14.142
RUN

SEND: M =1
X =10.000
Y =10.000
Z =98.600
E =14.142
RUN

SEND: M =1
X =0.000
Y =0.000
Z =98.800
E =14.142
RUN

SEND: M =1
X =10.000
Y =10.000
Z =98.800
E =14.142
RUN

SEND: M =1
X =0.000
Y =0.000
Z =99.000
E =14.142
RUN

SEND: M =1
X =10.000
Y =10.000
Z =99.000
E =14.142
RUN

SEND: M =1
X =0.000
Y =0.000
Z =99.200
E =14.142
RUN

SEND: M =1
X =10.000
Y =10.000
Z =99.200
E =14.142
RUN

SEND: M =1
X =0.000
Y =0.000
Z =99.400
E =14.142
RUN

SEND: M =1
X =10.000
Y =10.000
Z =99.400
E =14.142
RUN

SEND: M =1
X =0.000
Y =0.000
Z =99.600
E =14.142
RUN

SEND: M =1
X =10.000
Y =10.000
Z =99.600
E =14.142
RUN

SEND: M =1
X =0.000
Y =0.000
Z =99.800
E =14.142
RUN

SEND: M =1
X =10.000
Y =10.000
Z =99.800
E =14.142
RUN

SEND: M =1
X =0.000
Y =0.000
Z =100.000
E =14.142
RUN

SEND: M =1
X =10.000
Y =10.000
Z =100.000
E =14.142
RUN

SEND: M =1
X =0.000
Y =0.000
Z =100.200
E =14.142
RUN

SEND: M =1
X =10.000
Y =10.000
Z =100.200
E =14.142
RUN

SEND: M =1
X =0.000
Y =0.000
Z =100.400
E =14.142
RUN

SEND: M =1
X =10.000
Y =10.000
Z =100.400
E =14.142
RUN

SEND: M =1
X =0.000
Y =0.000
Z =100.600
E =14.142
RUN

SEND: M =1
X =10.000
Y =10.000
Z =100.600
E =14.142
RUN

SEND: M =1
X =0.000
Y =0.000
Z =100.800
E =14.142
RUN

SEND: M =1
X =10.000
Y =10.000
Z =100.800
E =14.142
RUN

SEND: M =1
X =0.000
Y =0.000
Z =101.000
E =14.142
RUN

SEND: M =1
X =10.000
Y =10.000
Z =101.000
E =14.142
RUN

SEND: M =1
X =0.000
Y =0.000
Z =101.200
E =14.142
RUN

SEND: M =1
X =10.000
Y =10.000
Z =101.200
E =14.142
RUN

SEND: M =1
X =0.000
Y =0.000
Z =101.400
E =14.142
RUN

SEND: M =1
X =10.000
Y =10.000
Z =101.400
E =14.142
RUN

SEND: M =1
X =0.000
Y =0.000
Z =101.600
E =14.142
RUN

SEND: M =1
X =10.000
Y =10.000
Z =101.600
E =14.142
RUN

SEND: M =1
X =0.000
Y =0.000
Z =101.800
E =14.142
RUN

SEND: M =1
X =10.000
Y =10.000
Z =101.800
E =14.142
RUN

SEND: M =1
X =0.000
Y =0.000
Z =102.000
E =14.142
RUN

SEND: M =1
X =10.000
Y =10.000
Z =102.000
E =14.142
RUN

SEND: M =1
X =0.000
Y =0.000
Z =102.200
E =14.142
RUN

SEND: M =1
X =10.000
Y =10.000
Z =102.200
E =14.142
RUN

SEND: M =1
X =0.000
Y =0.000
Z =102.400
E =14.142
RUN

SEND: M =1
X =10.000
Y =10.000
Z =102.400
E =14.142
RUN

SEND: M =1
X =0.000
Y =0.000
Z =102.600
E =14.142
RUN

SEND: M =1
X =10.000
Y =10.000
Z =102.600
E =14.142
RUN

Comando: BFR
Comando: BFR
Comando: BFR
Comando: BFR
Comando: BFR
Comando: BFR
Comando: WAI
SEND: M =1
X =0.000
Y =0.000
Z =102.800
E =14.142
RUN

SEND: M =1
X =10.000
Y =10.000
Z =102.800
E =14.142
RUN

SEND: M =1
X =0.000
Y =0.000
Z =103.000
E =14.142
RUN

SEND: M =1
X =10.000
Y =10.000
Z =103.000
E =14.142
RUN

SEND: M =1
X =0.000
Y =0.000
Z =103.200
E =14.142
RUN

SEND: M =1
X =10.000
Y =10.000
Z =103.200
E =14.142
RUN

SEND: M =1
X =0.000
Y =0.000
Z =103.400
E =14.142
RUN

SEND: M =1
X =10.000
Y =10.000
Z =103.400
E =14.142
RUN

SEND: M =1
X =0.000
Y =0.000
Z =103.600
E =14.142
RUN

SEND: M =1
X =10.000
Y =10.000
Z =103.600
E =14.142
RUN

SEND: M =1
X =0.000
Y =0.000
Z =103.800
E =14.142
RUN

SEND: M =1
X =10.000
Y =10.000
Z =103.800
E =14.142
RUN

SEND: M =1
X =0.000
Y =0.000
Z =104.000
E =14.142
RUN

SEND: M =1
X =10.000
Y =10.000
Z =104.000
E =14.142
RUN

SEND: M =1
X =0.000
Y =0.000
Z =104.200
E =14.142
RUN

SEND: M =1
X =10.000
Y =10.000
Z =104.200
E =14.142
RUN

SEND: M =1
X =0.000
Y =0.000
Z =104.400
E =14.142
RUN

SEND: M =1
X =10.000
Y =10.000
Z =104.400
E =14.142
RUN

SEND: M =1
X =0.000
Y =0.000
Z =104.600
E =14.142
RUN

SEND: M =1
X =10.000
Y =10.000
Z =104.600
E =14.142
RUN

SEND: M =1
X =0.000
Y =0.000
Z =104.800
E =14.142
RUN

SEND: M =1
X =10.000
Y =10.000
Z =104.800
E =14.142
RUN

SEND: M =1
X =0.000
Y =0.000
Z =105.000
E =14.142
RUN

SEND: M =1
X =10.000
Y =10.000
Z =105.000
E =14.142
RUN

SEND: M =1
X =0.000
Y =0.000
Z =105.200
E =14.142
RUN

SEND: M =1
X =10.000
Y =10.000
Z =105.200
E =14.142
RUN

SEND: M =1
X =0.000
Y =0.000
Z =105.400
E =14.142
RUN

SEND: M =1
X =10.000
Y =10.000
Z =105.400
E =14.142
RUN

SEND: M =1
X =0.000
Y =0.000
Z =105.600
E =14.142
RUN

SEND: M =1
X =10.000
Y =10.000
Z =105.600
E =14.142
RUN

SEND: M =1
X =0.000
Y =0.000
Z =105.800
E =14.142
RUN

SEND: M =1
X =10.000
Y =10.000
Z =105.800
E =14.142
RUN

SEND: M =1
X =0.000
Y =0.000
Z =106.000
E =14.142
RUN

SEND: M =1
X =10.000
Y =10.000
Z =106.000
E =14.142
RUN

SEND: M =1
X =0.000
Y =0.000
Z =106.200
E =14.142
RUN

SEND: M =1
X =10.000
Y =10.000
Z =106.200
E =14.142
RUN

SEND: M =1
X =0.000
Y =0.000
Z =106.400
E =14.142
RUN

SEND: M =1
X =10.000
Y =10.000
Z =106.400
E =14.142
RUN

SEND: M =1
X =0.000
Y =0.000
Z =106.600
E =14.142
RUN

SEND: M =1
X =10.000
Y =10.000
Z =106.600
E =14.142
RUN

SEND: M =1
X =0.000
Y =0.000
Z =106.800
E =14.142
RUN

SEND: M =1
X =10.000
Y =10.000
Z =106.800
E =14.142
RUN

SEND: M =1
X =0.000
Y =0.000
Z =107.000
E =14.142
RUN

SEND: M =1
X =10.000
Y =10.000
Z =107.000
E =14.142
RUN

SEND: M =1
X =0.000
Y =0.000
Z =107.200
E =14.142
RUN

SEND: M =1
X =10.000
Y =10.000
Z =107.200
E =14.142
RUN

SEND: M =1
X =0.000
Y =0.000
Z =107.400
E =14.142
RUN

SEND: M =1
X =10.000
Y =10.000
Z =107.400
E =14.142
RUN

SEND: M =1
X =0.000
Y =0.000
Z =107.600
E =14.142
RUN

SEND: M =1
X =10.000
Y =10.000
Z =107.600
E =14.142
RUN

SEND: M =1
X =0.000
Y =0.000
Z =107.800
E =14.142
RUN

SEND: M =1
X =10.000
Y =10.000
Z =107.800
E =14.142
RUN

SEND: M =1
X =0.000
Y =0.000
Z =108.000
E =14.142
RUN

SEND: M =1
X =10.000
Y =10.000
Z =108.000
E =14.142
RUN

SEND: M =1
X =0.000
Y =0.000
Z =108.200
E =14.142
RUN

SEND: M =1
X =10.000
Y =10.000
Z =108.200
E =14.142
RUN

SEND: M =1
X =0.000
Y =0.000
Z =108.400
E =14.142
RUN

SEND: M =1
X =10.000
Y =10.000
Z =108.400
E =14.142
RUN

SEND: M =1
X =0.000
Y =0.000
Z =108.600
E =14.142
RUN

SEND: M =1
X =10.000
Y =10.000
Z =108.600
E =14.142
RUN

SEND: M =1
X =0.000
Y =0.000
Z =108.800
E =14.142
RUN

SEND: M =1
X =10.000
Y =10.000
Z =108.800
E =14.142
RUN

SEND: M =1
X =0.000
Y =0.000
Z =109.000
E =14.142
RUN

SEND: M =1
X =10.000
Y =10.000
Z =109.000
E =14.142
RUN

SEND: M =1
X =0.000
Y =0.000
Z =109.200
E =14.142
RUN

SEND: M =1
X =10.000
Y =10.000
Z =109.200
E =14.142
RUN

SEND: M =1
X =0.000
Y =0.000
Z =109.400
E =14.142
RUN

SEND: M =1
X =10.000
Y =10.000
Z =109.400
E =14.142
RUN

SEND: M =1
X =0.000
Y =0.000
Z =109.600
E =14.142
RUN

SEND: M =1
X =10.000
Y =10.000
Z =109.600
E =14.142
RUN

SEND: M =1
X =0.000
Y =0.000
Z =109.800
E =14.142
RUN

SEND: M =1
X =10.000
Y =10.000
Z =109.800
E =14.142
RUN

SEND: M =1
X =0.000
Y =0.000
Z =110.000
E =14.142
RUN

SEND: M =1
X =10.000
Y =10.000
Z =110.000
E =14.142
RUN

SEND: M =1
X =0.000
Y =0.000
Z =110.200
E =14.142
RUN

SEND: M =1
X =10.000
Y =10.000
Z =110.200
E =14.142
RUN

SEND: M =1
X =0.000
Y =0.000
Z =110.400
E =14.142
RUN

SEND: M =1
X =10.000
Y =10.000
Z =110.400
E =14.142
RUN

SEND: M =1
X =0.000
Y =0.000
Z =110.600
E =14.142
RUN

SEND: M =1
X =10.000
Y =10.000
Z =110.600
E =14.142
RUN

SEND: M =1
X =0.000
Y =0.000
Z =110.800
E =14.142
RUN

SEND: M =1
X =10.000
Y =10.000
Z =110.800
E =14.142
RUN

SEND: M =1
X =0.000
Y =0.000
Z =111.000
E =14.142
RUN

SEND: M =1
X =10.000
Y =10.000
Z =111.000
E =14.142
RUN

SEND: M =1
X =0.000
Y =0.000
Z =111.200
E =14.142
RUN

SEND: M =1
X =10.000
Y =10.000
Z =111.200
E =14.142
RUN

SEND: M =1
X =0.000
Y =0.000
Z =111.400
E =14.142
RUN

SEND: M =1
X =10.000
Y =10.000
Z =111.400
E =14.142
RUN

SEND: M =1
X =0.000
Y =0.000
Z =111.600
E =14.142
RUN

SEND: M =1
X =10.000
Y =10.000
Z =111.600
E =14.142
RUN

SEND: M =1
X =0.000
Y =0.000
Z =111.800
E =14.142
RUN

SEND: M =1
X =10.000
Y =10.000
Z =111.800
E =14.142
RUN

SEND: M =1
X =0.000
Y =0.000
Z =112.000
E =14.142
RUN

SEND: M =1
X =10.000
Y =10.000
Z =112.000
E =14.142
RUN

SEND: M =1
X =0.000
Y =0.000
Z =112.200
E =14.142
RUN

SEND: M =1
X =10.000
Y =10.000
Z =112.200
E =14.142
RUN

SEND: M =1
X =0.000
Y =0.000
Z =112.400
E =14.142
RUN

SEND: M =1
X =10.000
Y =10.000
Z =112.400
E =14.142
RUN

SEND: M =1
X =0.000
Y =0.000
Z =112.600
E =14.142
RUN

SEND: M =1
X =10.000
Y =10.000
Z =112.600
E =14.142
RUN

SEND: M =1
X =0.000
Y =0.000
Z =112.800
E =14.142
RUN

SEND: M =1
X =10.000
Y =10.000
Z =112.800
E =14.142
RUN

SEND: M =1
X =0.000
Y =0.000
Z =113.000
E =14.142
RUN

SEND: M =1
X =10.000
Y =10.000
Z =113.000
E =14.142
RUN

SEND: M =1
X =0.000
Y =0.000
Z =113.200
E =14.142
RUN

SEND: M =1
X =10.000
Y =10.000
Z =113.200
E =14.142
RUN

SEND: M =1
X =0.000
Y =0.000
Z =113.400
E =14.142
RUN

SEND: M =1
X =10.000
Y =10.000
Z =113.400
E =14.142
RUN

SEND: M =1
X =0.000
Y =0.000
Z =113.600
E =14.142
RUN

SEND: M =1
X =10.000
Y =10.000
Z =113.600
E =14.142
RUN

SEND: M =1
X =0.000
Y =0.000
Z =113.800
E =14.142
RUN

SEND: M =1
X =10.000
Y =10.000
Z =113.800
E =14.142
RUN

Comando: BFR
Comando: BFR
Comando: BFR
Comando: BFR
Comando: BFR
Comando: BFR
Comando: BFR
Comando: WAI
SEND: M =1
X =0.000
Y =0.000
Z =114.000
E =14.142
RUN

SEND: M =1
X =10.000
Y =10.000
Z =114.000
E =14.142
RUN

SEND: M =1
X =0.000
Y =0.000
Z =114.200
E =14.142
RUN

SEND: M =1
X =10.000
Y =10.000
Z =114.200
E =14.142
RUN

SEND: M =1
X =0.000
Y =0.000
Z =114.400
E =14.142
RUN

SEND: M =1
X =10.000
Y =10.000
Z =114.400
E =14.142
RUN

SEND: M =1
X =0.000
Y =0.000
Z =114.600
E =14.142
RUN

SEND: M =1
X =10.000
Y =10.000
Z =114.600
E =14.142
RUN

SEND: M =1
X =0.000
Y =0.000
Z =114.800
E =14.142
RUN

SEND: M =1
X =10.000
Y =10.000
Z =114.800
E =14.142
RUN

SEND: M =1
X =0.000
Y =0.000
Z =115.000
E =14.142
RUN

SEND: M =1
X =10.000
Y =10.000
Z =115.000
E =14.142
RUN

SEND: M =1
X =0.000
Y =0.000
Z =115.200
E =14.142
RUN

SEND: M =1
X =10.000
Y =10.000
Z =115.200
E =14.142
RUN

SEND: M =1
X =0.000
Y =0.000
Z =115.400
E =14.142
RUN

SEND: M =1
X =10.000
Y =10.000
Z =115.400
E =14.142
RUN

SEND: M =1
X =0.000
Y =0.000
Z =115.600
E =14.142
RUN

SEND: M =1
X =10.000
Y =10.000
Z =115.600
E =14.142
RUN

SEND: M =1
X =0.000
Y =0.000
Z =115.800
E =14.142
RUN

SEND: M =1
X =10.000
Y =10.000
Z =115.800
E =14.142
RUN

SEND: M =1
X =0.000
Y =0.000
Z =116.000
E =14.142
RUN

SEND: M =1
X =10.000
Y =10.000
Z =116.000
E =14.142
RUN

SEND: M =1
X =0.000
Y =0.000
Z =116.200
E =14.142
RUN

SEND: M =1
X =10.000
Y =10.000
Z =116.200
E =14.142
RUN

SEND: M =1
X =0.000
Y =0.000
Z =116.400
E =14.142
RUN

SEND: M =1
X =10.000
Y =10.000
Z =116.400
E =14.142
RUN

SEND: M =1
X =0.000
Y =0.000
Z =116.600
E =14.142
RUN

SEND: M =1
X =10.000
Y =10.000
Z =116.600
E =14.142
RUN

SEND: M =1
X =0.000
Y =0.000
Z =116.800
E =14.142
RUN

SEND: M =1
X =10.000
Y =10.000
Z =116.800
E =14.142
RUN

SEND: M =1
X =0.000
Y =0.000
Z =117.000
E =14.142
RUN

SEND: M =1
X =10.000
Y =10.000
Z =117.000
E =14.142
RUN

SEND: M =1
X =0.000
Y =0.000
Z =117.200
E =14.142
RUN

SEND: M =1
X =10.000
Y =10.000
Z =117.200
E =14.142
RUN

SEND: M =1
X =0.000
Y =0.000
Z =117.400
E =14.142
RUN

SEND: M =1
X =10.000
Y =10.000
Z =117.400
E =14.142
RUN

SEND: M =1
X =0.000
Y =0.000
Z =117.600
E =14.142
RUN

SEND: M =1
X =10.000
Y =10.000
Z =117.600
E =14.142
RUN

SEND: M =1
X =0.000
Y =0.000
Z =117.800
E =14.142
RUN

SEND: M =1
X =10.000
Y =10.000
Z =117.800
E =14.142
RUN

SEND: M =1
X =0.000
Y =0.000
Z =118.000
E =14.142
RUN

SEND: M =1
X =10.000
Y =10.000
Z =118.000
E =14.142
RUN

SEND: M =1
X =0.000
Y =0.000
Z =118.200
E =14.142
RUN

SEND: M =1
X =10.000
Y =10.000
Z =118.200
E =14.142
RUN

SEND: M =1
X =0.000
Y =0.000
Z =118.400
E =14.142
RUN

SEND: M =1
X =10.000
Y =10.000
Z =118.400
E =14.142
RUN

SEND: M =1
X =0.000
Y =0.000
Z =118.600
E =14.142
RUN

SEND: M =1
X =10.000
Y =10.000
Z =118.600
E =14.142
RUN

SEND: M =1
X =0.000
Y =0.000
Z =118.800
E =14.142
RUN

SEND: M =1
X =10.000
Y =10.000
Z =118.800
E =14.142
RUN

SEND: M =1
X =0.000
Y =0.000
Z =119.000
E =14.142
RUN

SEND: M =1
X =10.000
Y =10.000
Z =119.000
E =14.142
RUN

SEND: M =1
X =0.000
Y =0.000
Z =119.200
E =14.142
RUN

SEND: M =1
X =10.000
Y =10.000
Z =119.200
E =14.142
RUN

SEND: M =1
X =0.000
Y =0.000
Z =119.400
E =14.142
RUN

SEND: M =1
X =10.000
Y =10.000
Z =119.400
E =14.142
RUN

SEND: M =1
X =0.000
Y =0.000
Z =119.600
E =14.142
RUN

SEND: M =1
X =10.000
Y =10.000
Z =119.600
E =14.142
RUN

SEND: M =1
X =0.000
Y =0.000
Z =119.800
E =14.142
RUN

SEND: M =1
X =10.000
Y =10.000
Z =119.800
E =14.142
RUN

SEND: M =1
X =0.000
Y =0.000
Z =120.000
E =14.142
RUN

SEND: M =1
X =10.000
Y =10.000
Z =120.000
E =14.142
RUN

SEND: M =1
X =0.000
Y =0.000
Z =120.200
E =14.142
RUN

SEND: M =1
X =10.000
Y =10.000
Z =120.200
E =14.142
RUN

SEND: M =1
X =0.000
Y =0.000
Z =120.400
E =14.142
RUN

SEND: M =1
X =10.000
Y =10.000
Z =120.400
E =14.142
RUN

SEND: M =1
X =0.000
Y =0.000
Z =120.600
E =14.142
RUN

SEND: M =1
X =10.000
Y =10.000
Z =120.600
E =14.142
RUN

SEND: M =1
X =0.000
Y =0.000
Z =120.800
E =14.142
RUN

SEND: M =1
X =10.000
Y =10.000
Z =120.800
E =14.142
RUN

SEND: M =1
X =0.000
Y =0.000
Z =121.000
E =14.142
RUN

SEND: M =1
X =10.000
Y =10.000
Z =121.000
E =14.142
RUN

SEND: M =1
X =0.000
Y =0.000
Z =121.200
E =14.142
RUN

SEND: M =1
X =10.000
Y =10.000
Z =121.200
E =14.142
RUN

SEND: M =1
X =0.000
Y =0.000
Z =121.400
E =14.142
RUN

SEND: M =1
X =10.000
Y =10.000
Z =121.400
E =14.142
RUN

SEND: M =1
X =0.000
Y =0.000
Z =121.600
E =14.142
RUN

SEND: M =1
X =10.000
Y =10.000
Z =121.600
E =14.142
RUN

SEND: M =1
X =0.000
Y =0.000
Z =121.800
E =14.142
RUN

SEND: M =1
X =10.000
Y =10.000
Z =121.800
E =14.142
RUN

SEND: M =1
X =0.000
Y =0.000
Z =122.000
E =14.142
RUN

SEND: M =1
X =10.000
Y =10.000
Z =122.000
E =14.142
RUN

SEND: M =1
X =0.000
Y =0.000
Z =122.200
E =14.142
RUN

SEND: M =1
X =10.000
Y =10.000
Z =122.200
E =14.142
RUN

SEND: M =1
X =0.000
Y =0.000
Z =122.400
E =14.142
RUN

SEND: M =1
X =10.000
Y =10.000
Z =122.400
E =14.142
RUN

SEND: M =1
X =0.000
Y =0.000
Z =122.600
E =14.142
RUN

SEND: M =1
X =10.000
Y =10.000
Z =122.600
E =14.142
RUN

SEND: M =1
X =0.000
Y =0.000
Z =122.800
E =14.142
RUN

SEND: M =1
X =10.000
Y =10.000
Z =122.800
E =14.142
RUN

SEND: M =1
X =0.000
Y =0.000
Z =123.000
E =14.142
RUN

SEND: M =1
X =10.000
Y =10.000
Z =123.000
E =14.142
RUN

SEND: M =1
X =0.000
Y =0.000
Z =123.200
E =14.142
RUN

SEND: M =1
X =10.000
Y =10.000
Z =123.200
E =14.142
RUN

SEND: M =1
X =0.000
Y =0.000
Z =123.400
E =14.142
RUN

SEND: M =1
X =10.000
Y =10.000
Z =123.400
E =14.142
RUN

SEND: M =1
X =0.000
Y =0.000
Z =123.600
E =14.142
RUN

SEND: M =1
X =10.000
Y =10.000
Z =123.600
E =14.142
RUN

SEND: M =1
X =0.000
Y =0.000
Z =123.800
E =14.142
RUN

SEND: M =1
X =10.000
Y =10.000
Z =123.800
E =14.142
RUN

SEND: M =1
X =0.000
Y =0.000
Z =124.000
E =14.142
RUN

SEND: M =1
X =10.000
Y =10.000
Z =124.000
E =14.142
RUN

SEND: M =1
X =0.000
Y =0.000
Z =124.200
E =14.142
RUN

SEND: M =1
X =10.000
Y =10.000
Z =124.200
E =14.142
RUN

SEND: M =1
X =0.000
Y =0.000
Z =124.400
E =14.142
RUN

SEND: M =1
X =10.000
Y =10.000
Z =124.400
E =14.142
RUN

SEND: M =1
X =0.000
Y =0.000
Z =124.600
E =14.142
RUN

SEND: M =1
X =10.000
Y =10.000
Z =124.600
E =14.142
RUN

SEND: M =1
X =0.000
Y =0.000
Z =124.800
E =14.142
RUN

SEND: M =1
X =10.000
Y =10.000
Z =124.800
E =14.142
RUN

SEND: M =1
X =0.000
Y =0.000
Z =125.000
E =14.142
RUN

SEND: M =1
X =10.000
Y =10.000
Z =125.000
E =14.142
RUN

SEND: M =1
X =0.000
Y =0.000
Z =125.200
E =14.142
RUN

SEND: M =1
X =10.000
Y =10.000
Z =125.200
E =14.142
RUN

SEND: M =1
X =0.000
Y =0.000
Z =125.400
E =14.142
RUN

SEND: M =1
X =10.000
Y =10.000
Z =125.400
E =14.142
RUN

SEND: M =1
X =0.000
Y =0.000
Z =125.600
E =14.142
RUN

SEND: M =1
X =10.000
Y =10.000
Z =125.600
E =14.142
RUN

Comando: BFR
Comando: BFR
Comando: BFR
Comando: BFR
Comando: BFR
Comando: BFR
Comando: WAI
SEND: M =1
X =0.000
Y =0.000
Z =125.800
E =14.142
RUN

SEND: M =1
X =10.000
Y =10.000
Z =125.800
E =14.142
RUN

SEND: M =1
X =0.000
Y =0.000
Z =126.000
E =14.142
RUN

SEND: M =1
X =10.000
Y =10.000
Z =126.000
E =14.142
RUN

SEND: M =1
X =0.000
Y =0.000
Z =126.200
E =14.142
RUN

SEND: M =1
X =10.000
Y =10.000
Z =126.200
E =14.142
RUN

SEND: M =1
X =0.000
Y =0.000
Z =126.400
E =14.142
RUN

SEND: M =1
X =10.000
Y =10.000
Z =126.400
E =14.142
RUN

SEND: M =1
X =0.000
Y =0.000
Z =126.600
E =14.142
RUN

SEND: M =1
X =10.000
Y =10.000
Z =126.600
E =14.142
RUN

SEND: M =1
X =0.000
Y =0.000
Z =126.800
E =14.142
RUN

SEND: M =1
X =10.000
Y =10.000
Z =126.800
E =14.142
RUN

SEND: M =1
X =0.000
Y =0.000
Z =127.000
E =14.142
RUN

SEND: M =1
X =10.000
Y =10.000
Z =127.000
E =14.142
RUN

SEND: M =1
X =0.000
Y =0.000
Z =127.200
E =14.142
RUN

SEND: M =1
X =10.000
Y =10.000
Z =127.200
E =14.142
RUN

SEND: M =1
X =0.000
Y =0.000
Z =127.400
E =14.142
RUN

SEND: M =1
X =10.000
Y =10.000
Z =127.400
E =14.142
RUN

SEND: M =1
X =0.000
Y =0.000
Z =127.600
E =14.142
RUN

SEND: M =1
X =10.000
Y =10.000
Z =127.600
E =14.142
RUN

SEND: M =1
X =0.000
Y =0.000
Z =127.800
E =14.142
RUN

SEND: M =1
X =10.000
Y =10.000
Z =127.800
E =14.142
RUN

SEND: M =1
X =0.000
Y =0.000
Z =128.000
E =14.142
RUN

SEND: M =1
X =10.000
Y =10.000
Z =128.000
E =14.142
RUN

SEND: M =1
X =0.000
Y =0.000
Z =128.200
E =14.142
RUN

SEND: M =1
X =10.000
Y =10.000
Z =128.200
E =14.142
RUN

SEND: M =1
X =0.000
Y =0.000
Z =128.400
E =14.142
RUN

SEND: M =1
X =10.000
Y =10.000
Z =128.400
E =14.142
RUN

SEND: M =1
X =0.000
Y =0.000
Z =128.600
E =14.142
RUN

SEND: M =1
X =10.000
Y =10.000
Z =128.600
E =14.142
RUN

SEND: M =1
X =0.000
Y =0.000
Z =128.800
E =14.142
RUN

SEND: M =1
X =10.000
Y =10.000
Z =128.800
E =14.142
RUN

SEND: M =1
X =0.000
Y =0.000
Z =129.000
E =14.142
RUN

SEND: M =1
X =10.000
Y =10.000
Z =129.000
E =14.142
RUN

SEND: M =1
X =0.000
Y =0.000
Z =129.200
E =14.142
RUN

SEND: M =1
X =10.000
Y =10.000
Z =129.200
E =14.142
RUN

SEND: M =1
X =0.000
Y =0.000
Z =129.400
E =14.142
RUN

SEND: M =1
X =10.000
Y =10.000
Z =129.400
E =14.142
RUN

SEND: M =1
X =0.000
Y =0.000
Z =129.600
E =14.142
RUN

SEND: M =1
X =10.000
Y =10.000
Z =129.600
E =14.142
RUN

SEND: M =1
X =0.000
Y =0.000
Z =129.800
E =14.142
RUN

SEND: M =1
X =10.000
Y =10.000
Z =129.800
E =14.142
RUN

SEND: M =1
X =0.000
Y =0.000
Z =130.000
E =14.142
RUN

SEND: M =1
X =10.000
Y =10.000
Z =130.000
E =14.142
RUN

SEND: M =1
X =0.000
Y =0.000
Z =130.200
E =14.142
RUN

SEND: M =1
X =10.000
Y =10.000
Z =130.200
E =14.142
RUN

SEND: M =1
X =0.000
Y =0.000
Z =130.400
E =14.142
RUN

SEND: M =1
X =10.000
Y =10.000
Z =130.400
E =14.142
RUN

SEND: M =1
X =0.000
Y =0.000
Z =130.600
E =14.142
RUN

SEND: M =1
X =10.000
Y =10.000
Z =130.600
E =14.142
RUN

SEND: M =1
X =0.000
Y =0.000
Z =130.800
E =14.142
RUN

SEND: M =1
X =10.000
Y =10.000
Z =130.800
E =14.142
RUN

SEND: M =1
X =0.000
Y =0.000
Z =131.000
E =14.142
RUN

SEND: M =1
X =10.000
Y =10.000
Z =131.000
E =14.142
RUN

SEND: M =1
X =0.000
Y =0.000
Z =131.200
E =14.142
RUN

SEND: M =1
X =10.000
Y =10.000
Z =131.200
E =14.142
RUN

SEND: M =1
X =0.000
Y =0.000
Z =131.400
E =14.142
RUN

SEND: M =1
X =10.000
Y =10.000
Z =131.400
E =14.142
RUN

SEND: M =1
X =0.000
Y =0.000
Z =131.600
E =14.142
RUN

SEND: M =1
X =10.000
Y =10.000
Z =131.600
E =14.142
RUN

SEND: M =1
X =0.000
Y =0.000
Z =131.800
E =14.142
RUN

SEND: M =1
X =10.000
Y =10.000
Z =131.800
E =14.142
RUN

SEND: M =1
X =0.000
Y =0.000
Z =132.000
E =14.142
RUN

SEND: M =1
X =10.000
Y =10.000
Z =132.000
E =14.142
RUN

SEND: M =1
X =0.000
Y =0.000
Z =132.200
E =14.142
RUN

SEND: M =1
X =10.000
Y =10.000
Z =132.200
E =14.142
RUN

SEND: M =1
X =0.000
Y =0.000
Z =132.400
E =14.142
RUN

SEND: M =1
X =10.000
Y =10.000
Z =132.400
E =14.142
RUN

SEND: M =1
X =0.000
Y =0.000
Z =132.600
E =14.142
RUN

SEND: M =1
X =10.000
Y =10.000
Z =132.600
E =14.142
RUN

SEND: M =1
X =0.000
Y =0.000
Z =132.800
E =14.142
RUN

SEND: M =1
X =10.000
Y =10.000
Z =132.800
E =14.142
RUN

SEND: M =1
X =0.000
Y =0.000
Z =133.000
E =14.142
RUN

SEND: M =1
X =10.000
Y =10.000
Z =133.000
E =14.142
RUN

SEND: M =1
X =0.000
Y =0.000
Z =133.200
E =14.142
RUN

SEND: M =1
X =10.000
Y =10.000
Z =133.200
E =14.142
RUN

SEND: M =1
X =0.000
Y =0.000
Z =133.400
E =14.142
RUN

SEND: M =1
X =10.000
Y =10.000
Z =133.400
E =14.142
RUN

SEND: M =1
X =0.000
Y =0.000
Z =133.600
E =14.142
RUN

SEND: M =1
X =10.000
Y =10.000
Z =133.600
E =14.142
RUN

SEND: M =1
X =0.000
Y =0.000
Z =133.800
E =14.142
RUN

SEND: M =1
X =10.000
Y =10.000
Z =133.800
E =14.142
RUN

SEND: M =1
X =0.000
Y =0.000
Z =134.000
E =14.142
RUN

SEND: M =1
X =10.000
Y =10.000
Z =134.000
E =14.142
RUN

SEND: M =1
X =0.000
Y =0.000
Z =134.200
E =14.142
RUN

SEND: M =1
X =10.000
Y =10.000
Z =134.200
E =14.142
RUN

SEND: M =1
X =0.000
Y =0.000
Z =134.400
E =14.142
RUN

SEND: M =1
X =10.000
Y =10.000
Z =134.400
E =14.142
RUN

SEND: M =1
X =0.000
Y =0.000
Z =134.600
E =14.142
RUN

SEND: M =1
X =10.000
Y =10.000
Z =134.600
E =14.142
RUN

SEND: M =1
X =0.000
Y =0.000
Z =134.800
E =14.142
RUN

SEND: M =1
X =10.000
Y =10.000
Z =134.800
E =14.142
RUN

SEND: M =1
X =0.000
Y =0.000
Z =135.000
E =14.142
RUN

SEND: M =1
X =10.000
Y =10.000
Z =135.000
E =14.142
RUN

SEND: M =1
X =0.000
Y =0.000
Z =135.200
E =14.142
RUN

SEND: M =1
X =10.000
Y =10.000
Z =135.200
E =14.142
RUN

SEND: M =1
X =0.000
Y =0.000
Z =135.400
E =14.142
RUN

SEND: M =1
X =10.000
Y =10.000
Z =135.400
E =14.142
RUN

SEND: M =1
X =0.000
Y =0.000
Z =135.600
E =14.142
RUN

SEND: M =1
X =10.000
Y =10.000
Z =135.600
E =14.142
RUN

SEND: M =1
X =0.000
Y =0.000
Z =135.800
E =14.142
RUN

SEND: M =1
X =10.000
Y =10.000
Z =135.800
E =14.142
RUN

SEND: M =1
X =0.000
Y =0.000
Z =136.000
E =14.142
RUN

SEND: M =1
X =10.000
Y =10.000
Z =136.000
E =14.142
RUN

SEND: M =1
X =0.000
Y =0.000
Z =136.200
E =14.142
RUN

SEND: M =1
X =10.000
Y =10.000
Z =136.200
E =14.142
RUN

SEND: M =1
X =0.000
Y =0.000
Z =136.400
E =14.142
RUN

SEND: M =1
X =10.000
Y =10.000
Z =136.400
E =14.142
RUN

SEND: M =1
X =0.000
Y =0.000
Z =136.600
E =14.142
RUN

SEND: M =1
X =10.000
Y =10.000
Z =136.600
E =14.142
RUN

SEND: M =1
X =0.000
Y =0.000
Z =136.800
E =14.142
RUN

Comando: BFR
SEND: M =1
X =10.000
Y =10.000
Z =136.800
E =14.142
RUN

Comando: BFR
Comando: BFR
Comando: BFR
Comando: BFR
Comando: BFR
Comando: BFR
Comando: BFR
Comando: BFR
Comando: WAI
SEND: M =1
X =0.000
Y =0.000
Z =137.000
E =14.142
RUN

SEND: M =1
X =10.000
Y =10.000
Z =137.000
E =14.142
RUN

SEND: M =1
X =0.000
Y =0.000
Z =137.200
E =14.142
RUN

SEND: M =1
X =10.000
Y =10.000
Z =137.200
E =14.142
RUN

SEND: M =1
X =0.000
Y =0.000
Z =137.400
E =14.142
RUN

SEND: M =1
X =10.000
Y =10.000
Z =137.400
E =14.142
RUN

SEND: M =1
X =0.000
Y =0.000
Z =137.600
E =14.142
RUN

SEND: M =1
X =10.000
Y =10.000
Z =137.600
E =14.142
RUN

SEND: M =1
X =0.000
Y =0.000
Z =137.800
E =14.142
RUN

SEND: M =1
X =10.000
Y =10.000
Z =137.800
E =14.142
RUN

SEND: M =1
X =0.000
Y =0.000
Z =138.000
E =14.142
RUN

SEND: M =1
X =10.000
Y =10.000
Z =138.000
E =14.142
RUN

SEND: M =1
X =0.000
Y =0.000
Z =138.200
E =14.142
RUN

SEND: M =1
X =10.000
Y =10.000
Z =138.200
E =14.142
RUN

SEND: M =1
X =0.000
Y =0.000
Z =138.400
E =14.142
RUN

SEND: M =1
X =10.000
Y =10.000
Z =138.400
E =14.142
RUN

SEND: M =1
X =0.000
Y =0.000
Z =138.600
E =14.142
RUN

SEND: M =1
X =10.000
Y =10.000
Z =138.600
E =14.142
RUN

SEND: M =1
X =0.000
Y =0.000
Z =138.800
E =14.142
RUN

SEND: M =1
X =10.000
Y =10.000
Z =138.800
E =14.142
RUN

SEND: M =1
X =0.000
Y =0.000
Z =139.000
E =14.142
RUN

SEND: M =1
X =10.000
Y =10.000
Z =139.000
E =14.142
RUN

SEND: M =1
X =0.000
Y =0.000
Z =139.200
E =14.142
RUN

SEND: M =1
X =10.000
Y =10.000
Z =139.200
E =14.142
RUN

SEND: M =1
X =0.000
Y =0.000
Z =139.400
E =14.142
RUN

SEND: M =1
X =10.000
Y =10.000
Z =139.400
E =14.142
RUN

SEND: M =1
X =0.000
Y =0.000
Z =139.600
E =14.142
RUN

SEND: M =1
X =10.000
Y =10.000
Z =139.600
E =14.142
RUN

SEND: M =1
X =0.000
Y =0.000
Z =139.800
E =14.142
RUN

SEND: M =1
X =10.000
Y =10.000
Z =139.800
E =14.142
RUN

SEND: M =1
X =0.000
Y =0.000
Z =140.000
E =14.142
RUN

SEND: M =1
X =10.000
Y =10.000
Z =140.000
E =14.142
RUN

SEND: M =1
X =0.000
Y =0.000
Z =140.200
E =14.142
RUN

SEND: M =1
X =10.000
Y =10.000
Z =140.200
E =14.142
RUN

SEND: M =1
X =0.000
Y =0.000
Z =140.400
E =14.142
RUN

SEND: M =1
X =10.000
Y =10.000
Z =140.400
E =14.142
RUN

SEND: M =1
X =0.000
Y =0.000
Z =140.600
E =14.142
RUN

SEND: M =1
X =10.000
Y =10.000
Z =140.600
E =14.142
RUN

SEND: M =1
X =0.000
Y =0.000
Z =140.800
E =14.142
RUN

SEND: M =1
X =10.000
Y =10.000
Z =140.800
E =14.142
RUN

SEND: M =1
X =0.000
Y =0.000
Z =141.000
E =14.142
RUN

SEND: M =1
X =10.000
Y =10.000
Z =141.000
E =14.142
RUN

SEND: M =1
X =0.000
Y =0.000
Z =141.200
E =14.142
RUN

SEND: M =1
X =10.000
Y =10.000
Z =141.200
E =14.142
RUN

SEND: M =1
X =0.000
Y =0.000
Z =141.400
E =14.142
RUN

SEND: M =1
X =10.000
Y =10.000
Z =141.400
E =14.142
RUN

SEND: M =1
X =0.000
Y =0.000
Z =141.600
E =14.142
RUN

SEND: M =1
X =10.000
Y =10.000
Z =141.600
E =14.142
RUN

SEND: M =1
X =0.000
Y =0.000
Z =141.800
E =14.142
RUN

SEND: M =1
X =10.000
Y =10.000
Z =141.800
E =14.142
RUN

SEND: M =1
X =0.000
Y =0.000
Z =142.000
E =14.142
RUN

SEND: M =1
X =10.000
Y =10.000
Z =142.000
E =14.142
RUN

SEND: M =1
X =0.000
Y =0.000
Z =142.200
E =14.142
RUN

SEND: M =1
X =10.000
Y =10.000
Z =142.200
E =14.142
RUN

SEND: M =1
X =0.000
Y =0.000
Z =142.400
E =14.142
RUN

SEND: M =1
X =10.000
Y =10.000
Z =142.400
E =14.142
RUN

SEND: M =1
X =0.000
Y =0.000
Z =142.600
E =14.142
RUN

SEND: M =1
X =10.000
Y =10.000
Z =142.600
E =14.142
RUN

SEND: M =1
X =0.000
Y =0.000
Z =142.800
E =14.142
RUN

SEND: M =1
X =10.000
Y =10.000
Z =142.800
E =14.142
RUN

SEND: M =1
X =0.000
Y =0.000
Z =143.000
E =14.142
RUN

SEND: M =1
X =10.000
Y =10.000
Z =143.000
E =14.142
RUN

SEND: M =1
X =0.000
Y =0.000
Z =143.200
E =14.142
RUN

SEND: M =1
X =10.000
Y =10.000
Z =143.200
E =14.142
RUN

SEND: M =1
X =0.000
Y =0.000
Z =143.400
E =14.142
RUN

SEND: M =1
X =10.000
Y =10.000
Z =143.400
E =14.142
RUN

SEND: M =1
X =0.000
Y =0.000
Z =143.600
E =14.142
RUN

SEND: M =1
X =10.000
Y =10.000
Z =143.600
E =14.142
RUN

SEND: M =1
X =0.000
Y =0.000
Z =143.800
E =14.142
RUN

SEND: M =1
X =10.000
Y =10.000
Z =143.800
E =14.142
RUN

SEND: M =1
X =0.000
Y =0.000
Z =144.000
E =14.142
RUN

SEND: M =1
X =10.000
Y =10.000
Z =144.000
E =14.142
RUN

SEND: M =1
X =0.000
Y =0.000
Z =144.200
E =14.142
RUN

SEND: M =1
X =10.000
Y =10.000
Z =144.200
E =14.142
RUN

SEND: M =1
X =0.000
Y =0.000
Z =144.400
E =14.142
RUN

SEND: M =1
X =10.000
Y =10.000
Z =144.400
E =14.142
RUN

SEND: M =1
X =0.000
Y =0.000
Z =144.600
E =14.142
RUN

SEND: M =1
X =10.000
Y =10.000
Z =144.600
E =14.142
RUN

SEND: M =1
X =0.000
Y =0.000
Z =144.800
E =14.142
RUN

SEND: M =1
X =10.000
Y =10.000
Z =144.800
E =14.142
RUN

SEND: M =1
X =0.000
Y =0.000
Z =145.000
E =14.142
RUN

SEND: M =1
X =10.000
Y =10.000
Z =145.000
E =14.142
RUN

SEND: M =1
X =0.000
Y =0.000
Z =145.200
E =14.142
RUN

SEND: M =1
X =10.000
Y =10.000
Z =145.200
E =14.142
RUN

SEND: M =1
X =0.000
Y =0.000
Z =145.400
E =14.142
RUN

SEND: M =1
X =10.000
Y =10.000
Z =145.400
E =14.142
RUN

SEND: M =1
X =0.000
Y =0.000
Z =145.600
E =14.142
RUN

SEND: M =1
X =10.000
Y =10.000
Z =145.600
E =14.142
RUN

SEND: M =1
X =0.000
Y =0.000
Z =145.800
E =14.142
RUN

SEND: M =1
X =10.000
Y =10.000
Z =145.800
E =14.142
RUN

SEND: M =1
X =0.000
Y =0.000
Z =146.000
E =14.142
RUN

SEND: M =1
X =10.000
Y =10.000
Z =146.000
E =14.142
RUN

SEND: M =1
X =0.000
Y =0.000
Z =146.200
E =14.142
RUN

SEND: M =1
X =10.000
Y =10.000
Z =146.200
E =14.142
RUN

SEND: M =1
X =0.000
Y =0.000
Z =146.400
E =14.142
RUN

SEND: M =1
X =10.000
Y =10.000
Z =146.400
E =14.142
RUN

SEND: M =1
X =0.000
Y =0.000
Z =146.600
E =14.142
RUN

SEND: M =1
X =10.000
Y =10.000
Z =146.600
E =14.142
RUN

SEND: M =1
X =0.000
Y =0.000
Z =146.800
E =14.142
RUN

SEND: M =1
X =10.000
Y =10.000
Z =146.800
E =14.142
RUN

SEND: M =1
X =0.000
Y =0.000
Z =147.000
E =14.142
RUN

SEND: M =1
X =10.000
Y =10.000
Z =147.000
E =14.142
RUN

SEND: M =1
X =0.000
Y =0.000
Z =147.200
E =14.142
RUN

SEND: M =1
X =10.000
Y =10.000
Z =147.200
E =14.142
RUN

SEND: M =1
X =0.000
Y =0.000
Z =147.400
E =14.142
RUN

SEND: M =1
X =10.000
Y =10.000
Z =147.400
E =14.142
RUN

SEND: M =1
X =0.000
Y =0.000
Z =147.600
E =14.142
RUN

SEND: M =1
X =10.000
Y =10.000
Z =147.600
E =14.142
RUN

SEND: M =1
X =0.000
Y =0.000
Z =147.800
E =14.142
RUN

SEND: M =1
X =10.000
Y =10.000
Z =147.800
E =14.142
RUN

SEND: M =1
X =0.000
Y =0.000
Z =148.000
E =14.142
RUN

SEND: M =1
X =10.000
Y =10.000
Z =148.000
E =14.142
RUN

SEND: M =1
X =0.000
Y =0.000
Z =148.200
E =14.142
RUN

SEND: M =1
X =10.000
Y =10.000
Z =148.200
E =14.142
RUN

SEND: M =1
X =0.000
Y =0.000
Z =148.400
E =14.142
RUN

SEND: M =1
X =10.000
Y =10.000
Z =148.400
E =14.142
RUN

SEND: M =1
X =0.000
Y =0.000
Z =148.600
E =14.142
RUN

SEND: M =1
X =10.000
Y =10.000
Z =148.600
E =14.142
RUN

Comando: BFR
SEND: M =1
X =0.000
Y =0.000
Z =148.800
E =14.142
RUN

Comando: BFR
Comando: BFR
Comando: BFR
Comando: BFR
Comando: BFR
Comando: BFR
Comando: BFR
Comando: BFR
Comando: BFR
Comando: BFR
Comando: BFR
Comando: BFR
Comando: BFR
Comando: WAI
SEND: M =1
X =10.000
Y =10.000
Z =148.800
E =14.142
RUN

SEND: M =1
X =0.000
Y =0.000
Z =149.000
E =14.142
RUN

SEND: M =1
X =10.000
Y =10.000
Z =149.000
E =14.142
RUN

SEND: M =1
X =0.000
Y =0.000
Z =149.200
E =14.142
RUN

SEND: M =1
X =10.000
Y =10.000
Z =149.200
E =14.142
RUN

SEND: M =1
X =0.000
Y =0.000
Z =149.400
E =14.142
RUN

SEND: M =1
X =10.000
Y =10.000
Z =149.400
E =14.142
RUN

SEND: M =1
X =0.000
Y =0.000
Z =149.600
E =14.142
RUN

SEND: M =1
X =10.000
Y =10.000
Z =149.600
E =14.142
RUN

SEND: M =1
X =0.000
Y =0.000
Z =149.800
E =14.142
RUN

SEND: M =1
X =10.000
Y =10.000
Z =149.800
E =14.142
RUN

SEND: M =1
X =0.000
Y =0.000
Z =150.000
E =14.142
RUN

SEND: M =1
X =10.000
Y =10.000
Z =150.000
E =14.142
RUN

SEND: M =1
X =0.000
Y =0.000
Z =150.200
E =14.142
RUN

SEND: M =1
X =10.000
Y =10.000
Z =150.200
E =14.142
RUN

SEND: M =1
X =0.000
Y =0.000
Z =150.400
E =14.142
RUN

SEND: M =1
X =10.000
Y =10.000
Z =150.400
E =14.142
RUN

SEND: M =1
X =0.000
Y =0.000
Z =150.600
E =14.142
RUN

SEND: M =1
X =10.000
Y =10.000
Z =150.600
E =14.142
RUN

SEND: M =1
X =0.000
Y =0.000
Z =150.800
E =14.142
RUN

SEND: M =1
X =10.000
Y =10.000
Z =150.800
E =14.142
RUN

SEND: M =1
X =0.000
Y =0.000
Z =151.000
E =14.142
RUN

SEND: M =1
X =10.000
Y =10.000
Z =151.000
E =14.142
RUN

SEND: M =1
X =0.000
Y =0.000
Z =151.200
E =14.142
RUN

SEND: M =1
X =10.000
Y =10.000
Z =151.200
E =14.142
RUN

SEND: M =1
X =0.000
Y =0.000
Z =151.400
E =14.142
RUN

SEND: M =1
X =10.000
Y =10.000
Z =151.400
E =14.142
RUN

SEND: M =1
X =0.000
Y =0.000
Z =151.600
E =14.142
RUN

SEND: M =1
X =10.000
Y =10.000
Z =151.600
E =14.142
RUN

SEND: M =1
X =0.000
Y =0.000
Z =151.800
E =14.142
RUN

SEND: M =1
X =10.000
Y =10.000
Z =151.800
E =14.142
RUN

SEND: M =1
X =0.000
Y =0.000
Z =152.000
E =14.142
RUN

SEND: M =1
X =10.000
Y =10.000
Z =152.000
E =14.142
RUN

SEND: M =1
X =0.000
Y =0.000
Z =152.200
E =14.142
RUN

SEND: M =1
X =10.000
Y =10.000
Z =152.200
E =14.142
RUN

SEND: M =1
X =0.000
Y =0.000
Z =152.400
E =14.142
RUN

SEND: M =1
X =10.000
Y =10.000
Z =152.400
E =14.142
RUN

SEND: M =1
X =0.000
Y =0.000
Z =152.600
E =14.142
RUN

SEND: M =1
X =10.000
Y =10.000
Z =152.600
E =14.142
RUN

SEND: M =1
X =0.000
Y =0.000
Z =152.800
E =14.142
RUN

SEND: M =1
X =10.000
Y =10.000
Z =152.800
E =14.142
RUN

SEND: M =1
X =0.000
Y =0.000
Z =153.000
E =14.142
RUN

SEND: M =1
X =10.000
Y =10.000
Z =153.000
E =14.142
RUN

SEND: M =1
X =0.000
Y =0.000
Z =153.200
E =14.142
RUN

SEND: M =1
X =10.000
Y =10.000
Z =153.200
E =14.142
RUN

SEND: M =1
X =0.000
Y =0.000
Z =153.400
E =14.142
RUN

SEND: M =1
X =10.000
Y =10.000
Z =153.400
E =14.142
RUN

SEND: M =1
X =0.000
Y =0.000
Z =153.600
E =14.142
RUN

SEND: M =1
X =10.000
Y =10.000
Z =153.600
E =14.142
RUN

SEND: M =1
X =0.000
Y =0.000
Z =153.800
E =14.142
RUN

SEND: M =1
X =10.000
Y =10.000
Z =153.800
E =14.142
RUN

SEND: M =1
X =0.000
Y =0.000
Z =154.000
E =14.142
RUN

SEND: M =1
X =10.000
Y =10.000
Z =154.000
E =14.142
RUN

SEND: M =1
X =0.000
Y =0.000
Z =154.200
E =14.142
RUN

SEND: M =1
X =10.000
Y =10.000
Z =154.200
E =14.142
RUN

SEND: M =1
X =0.000
Y =0.000
Z =154.400
E =14.142
RUN

SEND: M =1
X =10.000
Y =10.000
Z =154.400
E =14.142
RUN

SEND: M =1
X =0.000
Y =0.000
Z =154.600
E =14.142
RUN

SEND: M =1
X =10.000
Y =10.000
Z =154.600
E =14.142
RUN

SEND: M =1
X =0.000
Y =0.000
Z =154.800
E =14.142
RUN

SEND: M =1
X =10.000
Y =10.000
Z =154.800
E =14.142
RUN

SEND: M =1
X =0.000
Y =0.000
Z =155.000
E =14.142
RUN

SEND: M =1
X =10.000
Y =10.000
Z =155.000
E =14.142
RUN

SEND: M =1
X =0.000
Y =0.000
Z =155.200
E =14.142
RUN

SEND: M =1
X =10.000
Y =10.000
Z =155.200
E =14.142
RUN

SEND: M =1
X =0.000
Y =0.000
Z =155.400
E =14.142
RUN

SEND: M =1
X =10.000
Y =10.000
Z =155.400
E =14.142
RUN

SEND: M =1
X =0.000
Y =0.000
Z =155.600
E =14.142
RUN

SEND: M =1
X =10.000
Y =10.000
Z =155.600
E =14.142
RUN

SEND: M =1
X =0.000
Y =0.000
Z =155.800
E =14.142
RUN

SEND: M =1
X =10.000
Y =10.000
Z =155.800
E =14.142
RUN

SEND: M =1
X =0.000
Y =0.000
Z =156.000
E =14.142
RUN

SEND: M =1
X =10.000
Y =10.000
Z =156.000
E =14.142
RUN

SEND: M =1
X =0.000
Y =0.000
Z =156.200
E =14.142
RUN

SEND: M =1
X =10.000
Y =10.000
Z =156.200
E =14.142
RUN

SEND: M =1
X =0.000
Y =0.000
Z =156.400
E =14.142
RUN

SEND: M =1
X =10.000
Y =10.000
Z =156.400
E =14.142
RUN

SEND: M =1
X =0.000
Y =0.000
Z =156.600
E =14.142
RUN

SEND: M =1
X =10.000
Y =10.000
Z =156.600
E =14.142
RUN

SEND: M =1
X =0.000
Y =0.000
Z =156.800
E =14.142
RUN

SEND: M =1
X =10.000
Y =10.000
Z =156.800
E =14.142
RUN

SEND: M =1
X =0.000
Y =0.000
Z =157.000
E =14.142
RUN

SEND: M =1
X =10.000
Y =10.000
Z =157.000
E =14.142
RUN

SEND: M =1
X =0.000
Y =0.000
Z =157.200
E =14.142
RUN

SEND: M =1
X =10.000
Y =10.000
Z =157.200
E =14.142
RUN

SEND: M =1
X =0.000
Y =0.000
Z =157.400
E =14.142
RUN

SEND: M =1
X =10.