SEND: ST=160,0
SEND: M =1
X =0.000
Y =0.000
Z =0.000
E =0.000
RUN

SEND: M =1
X =10.000
Y =10.000
Z =0.000
E =14.142
RUN

SEND: M =1
X =0.000
Y =0.000
Z =0.200
E =14.142
RUN

SEND: M =1
X =10.000
Y =10.000
Z =0.200
E =14.142
RUN

SEND: M =1
X =0.000
Y =0.000
Z =0.400
E =14.142
RUN

SEND: M =1
X =10.000
Y =10.000
Z =0.400
E =14.142
RUN

SEND: M =1
X =0.000
Y =0.000
Z =0.600
E =14.142
RUN

SEND: M =1
X =10.000
Y =10.000
Z =0.600
E =14.142
RUN

SEND: M =1
X =0.000
Y =0.000
Z =0.800
E =14.142
RUN

SEND: M =1
X =10.000
Y =10.000
Z =0.800
E =14.142
RUN

SEND: M =1
X =0.000
Y =0.000
Z =1.000
E =14.142
RUN

SEND: M =1
X =10.000
Y =10.000
Z =1.000
E =14.142
RUN

SEND: M =1
X =0.000
Y =0.000
Z =1.200
E =14.142
RUN

SEND: M =1
X =10.000
Y =10.000
Z =1.200
E =14.142
RUN

SEND: M =1
X =0.000
Y =0.000
Z =1.400
E =14.142
RUN

SEND: M =1
X =10.000
Y =10.000
Z =1.400
E =14.142
RUN

SEND: M =1
X =0.000
Y =0.000
Z =1.600
E =14.142
RUN

SEND: M =1
X =10.000
Y =10.000
Z =1.600
E =14.142
RUN

SEND: M =1
X =0.000
Y =0.000
Z =1.800
E =14.142
RUN

SEND: M =1
X =10.000
Y =10.000
Z =1.800
E =14.142
RUN

SEND: M =1
X =0.000
Y =0.000
Z =2.000
E =14.142
RUN

SEND: M =1
X =10.000
Y =10.000
Z =2.000
E =14.142
RUN

SEND: M =1
X =0.000
Y =0.000
Z =2.200
E =14.142
RUN

SEND: M =1
X =10.000
Y =10.000
Z =2.200
E =14.142
RUN

SEND: M =1
X =0.000
Y =0.000
Z =2.400
E =14.142
RUN

SEND: M =1
X =10.000
Y =10.000
Z =2.400
E =14.142
RUN

SEND: M =1
X =0.000
Y =0.000
Z =2.600
E =14.142
RUN

SEND: M =1
X =10.000
Y =10.000
Z =2.600
E =14.142
RUN

SEND: M =1
X =0.000
Y =0.000
Z =2.800
E =14.142
RUN

SEND: M =1
X =10.000
Y =10.000
Z =2.800
E =14.142
RUN

SEND: M =1
X =0.000
Y =0.000
Z =3.000
E =14.142
RUN

SEND: M =1
X =10.000
Y =10.000
Z =3.000
E =14.142
RUN

SEND: M =1
X =0.000
Y =0.000
Z =3.200
E =14.142
RUN

SEND: M =1
X =10.000
Y =10.000
Z =3.200
E =14.142
RUN

SEND: M =1
X =0.000
Y =0.000
Z =3.400
E =14.142
RUN

SEND: M =1
X =10.000
Y =10.000
Z =3.400
E =14.142
RUN

SEND: M =1
X =0.000
Y =0.000
Z =3.600
E =14.142
RUN

SEND: M =1
X =10.000
Y =10.000
Z =3.600
E =14.142
RUN

SEND: M =1
X =0.000
Y =0.000
Z =3.800
E =14.142
RUN

SEND: M =1
X =10.000
Y =10.000
Z =3.800
E =14.142
RUN

SEND: M =1
X =0.000
Y =0.000
Z =4.000
E =14.142
RUN

SEND: M =1
X =10.000
Y =10.000
Z =4.000
E =14.142
RUN

SEND: M =1
X =0.000
Y =0.000
Z =4.200
E =14.142
RUN

SEND: M =1
X =10.000
Y =10.000
Z =4.200
E =14.142
RUN

SEND: M =1
X =0.000
Y =0.000
Z =4.400
E =14.142
RUN

SEND: M =1
X =10.000
Y =10.000
Z =4.400
E =14.142
RUN

SEND: M =1
X =0.000
Y =0.000
Z =4.600
E =14.142
RUN

SEND: M =1
X =10.000
Y =10.000
Z =4.600
E =14.142
RUN

SEND: M =1
X =0.000
Y =0.000
Z =4.800
E =14.142
RUN

SEND: M =1
X =10.000
Y =10.000
Z =4.800
E =14.142
RUN

SEND: M =1
X =0.000
Y =0.000
Z =5.000
E =14.142
RUN

SEND: M =1
X =10.000
Y =10.000
Z =5.000
E =14.142
RUN

SEND: M =1
X =0.000
Y =0.000
Z =5.200
E =14.142
RUN

SEND: M =1
X =10.000
Y =10.000
Z =5.200
E =14.142
RUN

SEND: M =1
X =0.000
Y =0.000
Z =5.400
E =14.142
RUN

SEND: M =1
X =10.000
Y =10.000
Z =5.400
E =14.142
RUN

SEND: M =1
X =0.000
Y =0.000
Z =5.600
E =14.142
RUN

SEND: M =1
X =10.000
Y =10.000
Z =5.600
E =14.142
RUN

SEND: M =1
X =0.000
Y =0.000
Z =5.800
E =14.142
RUN

SEND: M =1
X =10.000
Y =10.000
Z =5.800
E =14.142
RUN

SEND: M =1
X =0.000
Y =0.000
Z =6.000
E =14.142
RUN

SEND: M =1
X =10.000
Y =10.000
Z =6.000
E =14.142
RUN

SEND: M =1
X =0.000
Y =0.000
Z =6.200
E =14.142
RUN

SEND: M =1
X =10.000
Y =10.000
Z =6.200
E =14.142
RUN

SEND: M =1
X =0.000
Y =0.000
Z =6.400
E =14.142
RUN

SEND: M =1
X =10.000
Y =10.000
Z =6.400
E =14.142
RUN

SEND: M =1
X =0.000
Y =0.000
Z =6.600
E =14.142
RUN

SEND: M =1
X =10.000
Y =10.000
Z =6.600
E =14.142
RUN

SEND: M =1
X =0.000
Y =0.000
Z =6.800
E =14.142
RUN

SEND: M =1
X =10.000
Y =10.000
Z =6.800
E =14.142
RUN

SEND: M =1
X =0.000
Y =0.000
Z =7.000
E =14.142
RUN

SEND: M =1
X =10.000
Y =10.000
Z =7.000
E =14.142
RUN

SEND: M =1
X =0.000
Y =0.000
Z =7.200
E =14.142
RUN

SEND: M =1
X =10.000
Y =10.000
Z =7.200
E =14.142
RUN

SEND: M =1
X =0.000
Y =0.000
Z =7.400
E =14.142
RUN

SEND: M =1
X =10.000
Y =10.000
Z =7.400
E =14.142
RUN

SEND: M =1
X =0.000
Y =0.000
Z =7.600
E =14.142
RUN

SEND: M =1
X =10.000
Y =10.000
Z =7.600
E =14.142
RUN

SEND: M =1
X =0.000
Y =0.000
Z =7.800
E =14.142
RUN

SEND: M =1
X =10.000
Y =10.000
Z =7.800
E =14.142
RUN

SEND: M =1
X =0.000
Y =0.000
Z =8.000
E =14.142
RUN

SEND: M =1
X =10.000
Y =10.000
Z =8.000
E =14.142
RUN

SEND: M =1
X =0.000
Y =0.000
Z =8.200
E =14.142
RUN

SEND: M =1
X =10.000
Y =10.000
Z =8.200
E =14.142
RUN

SEND: M =1
X =0.000
Y =0.000
Z =8.400
E =14.142
RUN

SEND: M =1
X =10.000
Y =10.000
Z =8.400
E =14.142
RUN

SEND: M =1
X =0.000
Y =0.000
Z =8.600
E =14.142
RUN

SEND: M =1
X =10.000
Y =10.000
Z =8.600
E =14.142
RUN

SEND: M =1
X =0.000
Y =0.000
Z =8.800
E =14.142
RUN

SEND: M =1
X =10.000
Y =10.000
Z =8.800
E =14.142
RUN

SEND: M =1
X =0.000
Y =0.000
Z =9.000
E =14.142
RUN

SEND: M =1
X =10.000
Y =10.000
Z =9.000
E =14.142
RUN

SEND: M =1
X =0.000
Y =0.000
Z =9.200
E =14.142
RUN

SEND: M =1
X =10.000
Y =10.000
Z =9.200
E =14.142
RUN

SEND: M =1
X =0.000
Y =0.000
Z =9.400
E =14.142
RUN

SEND: M =1
X =10.000
Y =10.000
Z =9.400
E =14.142
RUN

SEND: M =1
X =0.000
Y =0.000
Z =9.600
E =14.142
RUN

SEND: M =1
X =10.000
Y =10.000
Z =9.600
E =14.142
RUN

SEND: M =1
X =0.000
Y =0.000
Z =9.800
E =14.142
RUN

SEND: M =1
X =10.000
Y =10.000
Z =9.800
E =14.142
RUN

SEND: M =1
X =0.000
Y =0.000
Z =10.000
E =14.142
RUN

SEND: M =1
X =10.000
Y =10.000
Z =10.000
E =14.142
RUN

SEND: M =1
X =0.000
Y =0.000
Z =10.200
E =14.142
RUN

SEND: M =1
X =10.000
Y =10.000
Z =10.200
E =14.142
RUN

SEND: M =1
X =0.000
Y =0.000
Z =10.400
E =14.142
RUN

SEND: M =1
X =10.000
Y =10.000
Z =10.400
E =14.142
RUN

SEND: M =1
X =0.000
Y =0.000
Z =10.600
E =14.142
RUN

SEND: M =1
X =10.000
Y =10.000
Z =10.600
E =14.142
RUN

SEND: M =1
X =0.000
Y =0.000
Z =10.800
E =14.142
RUN

SEND: M =1
X =10.000
Y =10.000
Z =10.800
E =14.142
RUN

SEND: M =1
X =0.000
Y =0.000
Z =11.000
E =14.142
RUN

SEND: M =1
X =10.000
Y =10.000
Z =11.000
E =14.142
RUN

SEND: M =1
X =0.000
Y =0.000
Z =11.200
E =14.142
RUN

SEND: M =1
X =10.000
Y =10.000
Z =11.200
E =14.142
RUN

SEND: M =1
X =0.000
Y =0.000
Z =11.400
E =14.142
RUN

SEND: M =1
X =10.000
Y =10.000
Z =11.400
E =14.142
RUN

SEND: M =1
X =0.000
Y =0.000
Z =11.600
E =14.142
RUN

SEND: M =1
X =10.000
Y =10.000
Z =11.600
E =14.142
RUN

SEND: M =1
X =0.000
Y =0.000
Z =11.800
E =14.142
RUN

SEND: M =1
X =10.000
Y =10.000
Z =11.800
E =14.142
RUN

SEND: M =1
X =0.000
Y =0.000
Z =12.000
E =14.142
RUN

SEND: M =1
X =10.000
Y =10.000
Z =12.000
E =14.142
RUN

SEND: M =1
X =0.000
Y =0.000
Z =12.200
E =14.142
RUN

SEND: M =1
X =10.000
Y =10.000
Z =12.200
E =14.142
RUN

SEND: M =1
X =0.000
Y =0.000
Z =12.400
E =14.142
RUN

SEND: M =1
X =10.000
Y =10.000
Z =12.400
E =14.142
RUN

SEND: M =1
X =0.000
Y =0.000
Z =12.600
E =14.142
RUN

SEND: M =1
X =10.000
Y =10.000
Z =12.600
E =14.142
RUN

SEND: M =1
X =0.000
Y =0.000
Z =12.800
E =14.142
RUN

SEND: M =1
X =10.000
Y =10.000
Z =12.800
E =14.142
RUN

SEND: M =1
X =0.000
Y =0.000
Z =13.000
E =14.142
RUN

SEND: M =1
X =10.000
Y =10.000
Z =13.000
E =14.142
RUN

SEND: M =1
X =0.000
Y =0.000
Z =13.200
E =14.142
RUN

SEND: M =1
X =10.000
Y =10.000
Z =13.200
E =14.142
RUN

SEND: M =1
X =0.000
Y =0.000
Z =13.400
E =14.142
RUN

SEND: M =1
X =10.000
Y =10.000
Z =13.400
E =14.142
RUN

SEND: M =1
X =0.000
Y =0.000
Z =13.600
E =14.142
RUN

SEND: M =1
X =10.000
Y =10.000
Z =13.600
E =14.142
RUN

SEND: M =1
X =0.000
Y =0.000
Z =13.800
E =14.142
RUN

SEND: M =1
X =10.000
Y =10.000
Z =13.800
E =14.142
RUN

SEND: M =1
X =0.000
Y =0.000
Z =14.000
E =14.142
RUN

SEND: M =1
X =10.000
Y =10.000
Z =14.000
E =14.142
RUN

SEND: M =1
X =0.000
Y =0.000
Z =14.200
E =14.142
RUN

SEND: M =1
X =10.000
Y =10.000
Z =14.200
E =14.142
RUN

SEND: M =1
X =0.000
Y =0.000
Z =14.400
E =14.142
RUN

SEND: M =1
X =10.000
Y =10.000
Z =14.400
E =14.142
RUN

SEND: M =1
X =0.000
Y =0.000
Z =14.600
E =14.142
RUN

SEND: M =1
X =10.000
Y =10.000
Z =14.600
E =14.142
RUN

SEND: M =1
X =0.000
Y =0.000
Z =14.800
E =14.142
RUN

SEND: M =1
X =10.000
Y =10.000
Z =14.800
E =14.142
RUN

SEND: M =1
X =0.000
Y =0.000
Z =15.000
E =14.142
RUN

SEND: M =1
X =10.000
Y =10.000
Z =15.000
E =14.142
RUN

SEND: M =1
X =0.000
Y =0.000
Z =15.200
E =14.142
RUN

SEND: M =1
X =10.000
Y =10.000
Z =15.200
E =14.142
RUN

SEND: M =1
X =0.000
Y =0.000
Z =15.400
E =14.142
RUN

SEND: M =1
X =10.000
Y =10.000
Z =15.400
E =14.142
RUN

SEND: M =1
X =0.000
Y =0.000
Z =15.600
E =14.142
RUN

SEND: M =1
X =10.000
Y =10.000
Z =15.600
E =14.142
RUN

SEND: M =1
X =0.000
Y =0.000
Z =15.800
E =14.142
RUN

SEND: M =1
X =10.000
Y =10.000
Z =15.800
E =14.142
RUN

SEND: M =1
X =0.000
Y =0.000
Z =16.000
E =14.142
RUN

SEND: M =1
X =10.000
Y =10.000
Z =16.000
E =14.142
RUN

SEND: M =1
X =0.000
Y =0.000
Z =16.200
E =14.142
RUN

SEND: M =1
X =10.000
Y =10.000
Z =16.200
E =14.142
RUN

SEND: M =1
X =0.000
Y =0.000
Z =16.400
E =14.142
RUN

SEND: M =1
X =10.000
Y =10.000
Z =16.400
E =14.142
RUN

SEND: M =1
X =0.000
Y =0.000
Z =16.600
E =14.142
RUN

SEND: M =1
X =10.000
Y =10.000
Z =16.600
E =14.142
RUN

SEND: M =1
X =0.000
Y =0.000
Z =16.800
E =14.142
RUN

SEND: M =1
X =10.000
Y =10.000
Z =16.800
E =14.142
RUN

SEND: M =1
X =0.000
Y =0.000
Z =17.000
E =14.142
RUN

SEND: M =1
X =10.000
Y =10.000
Z =17.000
E =14.142
RUN

SEND: M =1
X =0.000
Y =0.000
Z =17.200
E =14.142
RUN

SEND: M =1
X =10.000
Y =10.000
Z =17.200
E =14.142
RUN

SEND: M =1
X =0.000
Y =0.000
Z =17.400
E =14.142
RUN

SEND: M =1
X =10.000
Y =10.000
Z =17.400
E =14.142
RUN

SEND: M =1
X =0.000
Y =0.000
Z =17.600
E =14.142
RUN

SEND: M =1
X =10.000
Y =10.000
Z =17.600
E =14.142
RUN

SEND: M =1
X =0.000
Y =0.000
Z =17.800
E =14.142
RUN

SEND: M =1
X =10.000
Y =10.000
Z =17.800
E =14.142
RUN

SEND: M =1
X =0.000
Y =0.000
Z =18.000
E =14.142
RUN

SEND: M =1
X =10.000
Y =10.000
Z =18.000
E =14.142
RUN

SEND: M =1
X =0.000
Y =0.000
Z =18.200
E =14.142
RUN

SEND: M =1
X =10.000
Y =10.000
Z =18.200
E =14.142
RUN

SEND: M =1
X =0.000
Y =0.000
Z =18.400
E =14.142
RUN

SEND: M =1
X =10.000
Y =10.000
Z =18.400
E =14.142
RUN

SEND: M =1
X =0.000
Y =0.000
Z =18.600
E =14.142
RUN

SEND: M =1
X =10.000
Y =10.000
Z =18.600
E =14.142
RUN

SEND: M =1
X =0.000
Y =0.000
Z =18.800
E =14.142
RUN

SEND: M =1
X =10.000
Y =10.000
Z =18.800
E =14.142
RUN

SEND: M =1
X =0.000
Y =0.000
Z =19.000
E =14.142
RUN

SEND: M =1
X =10.000
Y =10.000
Z =19.000
E =14.142
RUN

SEND: M =1
X =0.000
Y =0.000
Z =19.200
E =14.142
RUN

SEND: M =1
X =10.000
Y =10.000
Z =19.200
E =14.142
RUN

SEND: M =1
X =0.000
Y =0.000
Z =19.400
E =14.142
RUN

SEND: M =1
X =10.000
Y =10.000
Z =19.400
E =14.142
RUN

SEND: M =1
X =0.000
Y =0.000
Z =19.600
E =14.142
RUN

SEND: M =1
X =10.000
Y =10.000
Z =19.600
E =14.142
RUN

SEND: M =1
X =0.000
Y =0.000
Z =19.800
E =14.142
RUN

SEND: M =1
X =10.000
Y =10.000
Z =19.800
E =14.142
RUN

SEND: M =1
X =0.000
Y =0.000
Z =20.000
E =14.142
RUN

SEND: M =1
X =10.000
Y =10.000
Z =20.000
E =14.142
RUN

SEND: M =1
X =0.000
Y =0.000
Z =20.200
E =14.142
RUN

SEND: M =1
X =10.000
Y =10.000
Z =20.200
E =14.142
RUN

SEND: M =1
X =0.000
Y =0.000
Z =20.400
E =14.142
RUN

SEND: M =1
X =10.000
Y =10.000
Z =20.400
E =14.142
RUN

SEND: M =1
X =0.000
Y =0.000
Z =20.600
E =14.142
RUN

SEND: M =1
X =10.000
Y =10.000
Z =20.600
E =14.142
RUN

SEND: M =1
X =0.000
Y =0.000
Z =20.800
E =14.142
RUN

SEND: M =1
X =10.000
Y =10.000
Z =20.800
E =14.142
RUN

SEND: M =1
X =0.000
Y =0.000
Z =21.000
E =14.142
RUN

SEND: M =1
X =10.000
Y =10.000
Z =21.000
E =14.142
RUN

SEND: M =1
X =0.000
Y =0.000
Z =21.200
E =14.142
RUN

SEND: M =1
X =10.000
Y =10.000
Z =21.200
E =14.142
RUN

SEND: M =1
X =0.000
Y =0.000
Z =21.400
E =14.142
RUN

SEND: M =1
X =10.000
Y =10.000
Z =21.400
E =14.142
RUN

SEND: M =1
X =0.000
Y =0.000
Z =21.600
E =14.142
RUN

SEND: M =1
X =10.000
Y =10.000
Z =21.600
E =14.142
RUN

SEND: M =1
X =0.000
Y =0.000
Z =21.800
E =14.142
RUN

SEND: M =1
X =10.000
Y =10.000
Z =21.800
E =14.142
RUN

SEND: M =1
X =0.000
Y =0.000
Z =22.000
E =14.142
RUN

SEND: M =1
X =10.000
Y =10.000
Z =22.000
E =14.142
RUN

SEND: M =1
X =0.000
Y =0.000
Z =22.200
E =14.142
RUN

SEND: M =1
X =10.000
Y =10.000
Z =22.200
E =14.142
RUN

SEND: M =1
X =0.000
Y =0.000
Z =22.400
E =14.142
RUN

SEND: M =1
X =10.000
Y =10.000
Z =22.400
E =14.142
RUN

SEND: M =1
X =0.000
Y =0.000
Z =22.600
E =14.142
RUN

SEND: M =1
X =10.000
Y =10.000
Z =22.600
E =14.142
RUN

SEND: M =1
X =0.000
Y =0.000
Z =22.800
E =14.142
RUN

SEND: M =1
X =10.000
Y =10.000
Z =22.800
E =14.142
RUN

SEND: M =1
X =0.000
Y =0.000
Z =23.000
E =14.142
RUN

SEND: M =1
X =10.000
Y =10.000
Z =23.000
E =14.142
RUN

SEND: M =1
X =0.000
Y =0.000
Z =23.200
E =14.142
RUN

SEND: M =1
X =10.000
Y =10.000
Z =23.200
E =14.142
RUN

SEND: M =1
X =0.000
Y =0.000
Z =23.400
E =14.142
RUN

SEND: M =1
X =10.000
Y =10.000
Z =23.400
E =14.142
RUN

SEND: M =1
X =0.000
Y =0.000
Z =23.600
E =14.142
RUN

SEND: M =1
X =10.000
Y =10.000
Z =23.600
E =14.142
RUN

SEND: M =1
X =0.000
Y =0.000
Z =23.800
E =14.142
RUN

SEND: M =1
X =10.000
Y =10.000
Z =23.800
E =14.142
RUN

SEND: M =1
X =0.000
Y =0.000
Z =24.000
E =14.142
RUN

SEND: M =1
X =10.000
Y =10.000
Z =24.000
E =14.142
RUN

SEND: M =1
X =0.000
Y =0.000
Z =24.200
E =14.142
RUN

SEND: M =1
X =10.000
Y =10.000
Z =24.200
E =14.142
RUN

SEND: M =1
X =0.000
Y =0.000
Z =24.400
E =14.142
RUN

SEND: M =1
X =10.000
Y =10.000
Z =24.400
E =14.142
RUN

SEND: M =1
X =0.000
Y =0.000
Z =24.600
E =14.142
RUN

SEND: M =1
X =10.000
Y =10.000
Z =24.600
E =14.142
RUN

SEND: M =1
X =0.000
Y =0.000
Z =24.800
E =14.142
RUN

SEND: M =1
X =10.000
Y =10.000
Z =24.800
E =14.142
RUN

SEND: M =1
X =0.000
Y =0.000
Z =25.000
E =14.142
RUN

SEND: M =1
X =10.000
Y =10.000
Z =25.000
E =14.142
RUN

SEND: M =1
X =0.000
Y =0.000
Z =25.200
E =14.142
RUN

SEND: M =1
X =10.000
Y =10.000
Z =25.200
E =14.142
RUN

SEND: M =1
X =0.000
Y =0.000
Z =25.400
E =14.142
RUN

SEND: M =1
X =10.000
Y =10.000
Z =25.400
E =14.142
RUN

SEND: M =1
X =0.000
Y =0.000
Z =25.600
E =14.142
RUN

SEND: M =1
X =10.000
Y =10.000
Z =25.600
E =14.142
RUN

SEND: M =1
X =0.000
Y =0.000
Z =25.800
E =14.142
RUN

SEND: M =1
X =10.000
Y =10.000
Z =25.800
E =14.142
RUN

SEND: M =1
X =0.000
Y =0.000
Z =26.000
E =14.142
RUN

SEND: M =1
X =10.000
Y =10.000
Z =26.000
E =14.142
RUN

SEND: M =1
X =0.000
Y =0.000
Z =26.200
E =14.142
RUN

SEND: M =1
X =10.000
Y =10.000
Z =26.200
E =14.142
RUN

SEND: M =1
X =0.000
Y =0.000
Z =26.400
E =14.142
RUN

SEND: M =1
X =10.000
Y =10.000
Z =26.400
E =14.142
RUN

SEND: M =1
X =0.000
Y =0.000
Z =26.600
E =14.142
RUN

SEND: M =1
X =10.000
Y =10.000
Z =26.600
E =14.142
RUN

SEND: M =1
X =0.000
Y =0.000
Z =26.800
E =14.142
RUN

SEND: M =1
X =10.000
Y =10.000
Z =26.800
E =14.142
RUN

SEND: M =1
X =0.000
Y =0.000
Z =27.000
E =14.142
RUN

SEND: M =1
X =10.000
Y =10.000
Z =27.000
E =14.142
RUN

SEND: M =1
X =0.000
Y =0.000
Z =27.200
E =14.142
RUN

SEND: M =1
X =10.000
Y =10.000
Z =27.200
E =14.142
RUN

SEND: M =1
X =0.000
Y =0.000
Z =27.400
E =14.142
RUN

SEND: M =1
X =10.000
Y =10.000
Z =27.400
E =14.142
RUN

SEND: M =1
X =0.000
Y =0.000
Z =27.600
E =14.142
RUN

SEND: M =1
X =10.000
Y =10.000
Z =27.600
E =14.142
RUN

SEND: M =1
X =0.000
Y =0.000
Z =27.800
E =14.142
RUN

SEND: M =1
X =10.000
Y =10.000
Z =27.800
E =14.142
RUN

SEND: M =1
X =0.000
Y =0.000
Z =28.000
E =14.142
RUN

SEND: M =1
X =10.000
Y =10.000
Z =28.000
E =14.142
RUN

SEND: M =1
X =0.000
Y =0.000
Z =28.200
E =14.142
RUN

SEND: M =1
X =10.000
Y =10.000
Z =28.200
E =14.142
RUN

SEND: M =1
X =0.000
Y =0.000
Z =28.400
E =14.142
RUN

SEND: M =1
X =10.000
Y =10.000
Z =28.400
E =14.142
RUN

SEND: M =1
X =0.000
Y =0.000
Z =28.600
E =14.142
RUN

SEND: M =1
X =10.000
Y =10.000
Z =28.600
E =14.142
RUN

SEND: M =1
X =0.000
Y =0.000
Z =28.800
E =14.142
RUN

SEND: M =1
X =10.000
Y =10.000
Z =28.800
E =14.142
RUN

SEND: M =1
X =0.000
Y =0.000
Z =29.000
E =14.142
RUN

SEND: M =1
X =10.000
Y =10.000
Z =29.000
E =14.142
RUN

SEND: M =1
X =0.000
Y =0.000
Z =29.200
E =14.142
RUN

SEND: M =1
X =10.000
Y =10.000
Z =29.200
E =14.142
RUN

SEND: M =1
X =0.000
Y =0.000
Z =29.400
E =14.142
RUN

SEND: M =1
X =10.000
Y =10.000
Z =29.400
E =14.142
RUN

SEND: M =1
X =0.000
Y =0.000
Z =29.600
E =14.142
RUN

SEND: M =1
X =10.000
Y =10.000
Z =29.600
E =14.142
RUN

SEND: M =1
X =0.000
Y =0.000
Z =29.800
E =14.142
RUN

SEND: M =1
X =10.000
Y =10.000
Z =29.800
E =14.142
RUN

SEND: M =1
X =0.000
Y =0.000
Z =30.000
E =14.142
RUN

SEND: M =1
X =10.000
Y =10.000
Z =30.000
E =14.142
RUN

SEND: M =1
X =47.619
Y =50.397
Z =30.200
E =55.201
RUN

SEND: M =4
X =47.586
Y =50.000
Z =30.200
E =0.399
RUN

SEND: M =4
X =47.619
Y =49.603
Z =30.200
E =0.399
RUN

SEND: M =4
X =47.717
Y =49.216
Z =30.200
E =0.399
RUN

SEND: M =4
X =47.877
Y =48.851
Z =30.200
E =0.399
RUN

SEND: M =4
X =48.095
Y =48.518
Z =30.200
E =0.399
RUN

SEND: M =4
X =48.365
Y =48.224
Z =30.200
E =0.399
RUN

SEND: M =4
X =48.680
Y =47.979
Z =30.200
E =0.399
RUN

SEND: M =4
X =49.030
Y =47.790
Z =30.200
E =0.399
RUN

SEND: M =4
X =49.407
Y =47.660
Z =30.200
E =0.399
RUN

SEND: M =4
X =49.801
Y =47.595
Z =30.200
E =0.399
RUN

SEND: M =4
X =50.199
Y =47.595
Z =30.200
E =0.399
RUN

SEND: M =4
X =50.593
Y =47.660
Z =30.200
E =0.399
RUN

SEND: M =4
X =50.970
Y =47.790
Z =30.200
E =0.399
RUN

SEND: M =4
X =51.320
Y =47.979
Z =30.200
E =0.399
RUN

SEND: M =4
X =51.635
Y =48.224
Z =30.200
E =0.399
RUN

SEND: M =4
X =51.905
Y =48.518
Z =30.200
E =0.399
RUN

SEND: M =4
X =52.123
Y =48.851
Z =30.200
E =0.399
RUN

SEND: M =4
X =52.283
Y =49.216
Z =30.200
E =0.399
RUN

SEND: M =4
X =52.381
Y =49.603
Z =30.200
E =0.399
RUN

SEND: M =4
X =52.414
Y =50.000
Z =30.200
E =0.399
RUN

SEND: M =4
X =52.381
Y =50.397
Z =30.200
E =0.399
RUN

SEND: M =4
X =52.283
Y =50.784
Z =30.200
E =0.399
RUN

SEND: M =4
X =52.123
Y =51.149
Z =30.200
E =0.399
RUN

SEND: M =4
X =51.905
Y =51.482
Z =30.200
E =0.399
RUN

SEND: M =4
X =51.635
Y =51.776
Z =30.200
E =0.399
RUN

SEND: M =4
X =51.320
Y =52.021
Z =30.200
E =0.399
RUN

SEND: M =4
X =50.970
Y =52.210
Z =30.200
E =0.399
RUN

SEND: M =4
X =50.593
Y =52.340
Z =30.200
E =0.399
RUN

SEND: M =4
X =50.199
Y =52.405
Z =30.200
E =0.399
RUN

SEND: M =4
X =49.801
Y =52.405
Z =30.200
E =0.399
RUN

SEND: M =4
X =49.407
Y =52.340
Z =30.200
E =0.399
RUN

SEND: M =4
X =49.030
Y =52.210
Z =30.200
E =0.399
RUN

SEND: M =4
X =48.680
Y =52.021
Z =30.200
E =0.399
RUN

SEND: M =4
X =48.365
Y =51.776
Z =30.200
E =0.399
RUN

SEND: M =4
X =48.095
Y =51.482
Z =30.200
E =0.399
RUN

SEND: M =4
X =47.877
Y =51.149
Z =30.200
E =0.399
RUN

SEND: M =4
X =47.717
Y =50.784
Z =30.200
E =0.399
RUN

SEND: M =4
X =47.619
Y =50.397
Z =30.200
E =0.399
RUN

SEND: M =1
X =45.239
Y =50.795
Z =30.400
E =2.414
RUN

SEND: M =4
X =45.173
Y =50.000
Z =30.400
E =0.797
RUN

SEND: M =4
X =45.239
Y =49.205
Z =30.400
E =0.797
RUN

SEND: M =4
X =45.434
Y =48.433
Z =30.400
E =0.797
RUN

SEND: M =4
X =45.755
Y =47.702
Z =30.400
E =0.797
RUN

SEND: M =4
X =46.191
Y =47.035
Z =30.400
E =0.797
RUN

SEND: M =4
X =46.731
Y =46.448
Z =30.400
E =0.797
RUN

SEND: M =4
X =47.360
Y =45.959
Z =30.400
E =0.797
RUN

SEND: M =4
X =48.061
Y =45.579
Z =30.400
E =0.797
RUN

SEND: M =4
X =48.815
Y =45.320
Z =30.400
E =0.797
RUN

SEND: M =4
X =49.601
Y =45.189
Z =30.400
E =0.797
RUN

SEND: M =4
X =50.399
Y =45.189
Z =30.400
E =0.797
RUN

SEND: M =4
X =51.185
Y =45.320
Z =30.400
E =0.797
RUN

SEND: M =4
X =51.939
Y =45.579
Z =30.400
E =0.797
RUN

SEND: M =4
X =52.640
Y =45.959
Z =30.400
E =0.797
RUN

SEND: M =4
X =53.269
Y =46.448
Z =30.400
E =0.797
RUN

SEND: M =4
X =53.809
Y =47.035
Z =30.400
E =0.797
RUN

SEND: M =4
X =54.245
Y =47.702
Z =30.400
E =0.797
RUN

SEND: M =4
X =54.566
Y =48.433
Z =30.400
E =0.797
RUN

SEND: M =4
X =54.761
Y =49.205
Z =30.400
E =0.797
RUN

SEND: M =4
X =54.827
Y =50.000
Z =30.400
E =0.797
RUN

SEND: M =4
X =54.761
Y =50.795
Z =30.400
E =0.797
RUN

SEND: M =4
X =54.566
Y =51.567
Z =30.400
E =0.797
RUN

SEND: M =4
X =54.245
Y =52.298
Z =30.400
E =0.797
RUN

SEND: M =4
X =53.809
Y =52.965
Z =30.400
E =0.797
RUN

SEND: M =4
X =53.269
Y =53.552
Z =30.400
E =0.797
RUN

SEND: M =4
X