READ: INFTemperatura Extrusor1 = 148.22ºC
SEND: M =1
X =0.000
Y =0.000
Z =0.200
E =0.000
RUN

READ: INFTemperatura Driver X = 27.18ºC
READ: INFTemperatura Driver Y = 42.23ºC
READ: INFTemperatura Driver Z = -29.78ºC
READ: INFTemperatura Driver E1 = -29.78ºC
READ: INFPotencia Ventilador Drivers = 100.00%
READ: INFTemperatura Extrusor1 = 147.55ºC
READ: INFTemperatura Driver X = 27.07ºC
READ: INFTemperatura Driver Y = 42.23ºC
READ: INFTemperatura Driver Z = -29.78ºC
READ: INFTemperatura Driver E1 = -29.78ºC
READ: INFPotencia Ventilador Drivers = 100.00%
READ: INFTemperatura Extrusor1 = 144.21ºC
READ: INFTemperatura Driver X = 27.07ºC
READ: INFTemperatura Driver Y = 42.13ºC
READ: INFTemperatura Driver Z = -29.78ºC
READ: INFTemperatura Driver E1 = -29.78ºC
READ: INFPotencia Ventilador Drivers = 100.00%
READ: INFTemperatura Extrusor1 = 147.89ºC
READ: INFTemperatura Driver X = 27.07ºC
READ: INFTemperatura Driver Y = 42.23ºC
READ: INFTemperatura Driver Z = -29.78ºC
READ: INFTemperatura Driver E1 = -29.78ºC
READ: INFPotencia Ventilador Drivers = 100.00%
READ: INFTemperatura Extrusor1 = 148.56ºC
READ: INFTemperatura Driver X = 27.18ºC
READ: INFTemperatura Driver Y = 42.23ºC
READ: INFTemperatura Driver Z = -29.78ºC
READ: INFTemperatura Driver E1 = -29.78ºC
READ: INFPotencia Ventilador Drivers = 100.00%
READ: INFTemperatura Extrusor1 = 148.22ºC
READ: INFTemperatura Driver X = 27.18ºC
READ: INFTemperatura Driver Y = 42.23ºC
READ: INFTemperatura Driver Z = -29.78ºC
READ: INFTemperatura Driver E1 = -29.78ºC
READ: INFPotencia Ventilador Drivers = 100.00%
READ: INFTemperatura Extrusor1 = 146.89ºC
READ: INFTemperatura Driver X = 27.18ºC
READ: INFTemperatura Driver Y = 42.13ºC
READ: INFTemperatura Driver Z = -29.78ºC
READ: INFTemperatura Driver E1 = -29.78ºC
READ: INFPotencia Ventilador Drivers = 100.00%
READ: INFTemperatura Extrusor1 = 148.56ºC
READ: INFTemperatura Driver X = 26.96ºC
READ: INFTemperatura Driver Y = 42.13ºC
READ: INFTemperatura Driver Z = -29.78ºC
READ: INFTemperatura Driver E1 = -29.78ºC
READ: INFPotencia Ventilador Drivers = 100.00%
READ: INFTemperatura Extrusor1 = 149.23ºC
READ: INFTemperatura Driver X = 27.07ºC
READ: INFTemperatura Driver Y = 42.23ºC
READ: INFTemperatura Driver Z = -29.78ºC
READ: INFTemperatura Driver E1 = -29.78ºC
READ: INFPotencia Ventilador Drivers = 100.00%
READ: INFTemperatura Extrusor1 = 151.24ºC
READ: INFTemperatura Driver X = 27.18ºC
READ: INFTemperatura Driver Y = 42.23ºC
READ: INFTemperatura Driver Z = -29.78ºC
READ: INFTemperatura Driver E1 = -29.78ºC
READ: INFPotencia Ventilador Drivers = 100.00%
READ: INFTemperatura Extrusor1 = 147.89ºC
READ: INFTemperatura Driver X = 27.18ºC
READ: INFTemperatura Driver Y = 42.23ºC
READ: INFTemperatura Driver Z = -29.78ºC
READ: INFTemperatura Driver E1 = -29.78ºC
READ: INFPotencia Ventilador Drivers = 100.00%
READ: INFTemperatura Extrusor1 = 148.56ºC
READ: INFTemperatura Driver X = 27.07ºC
READ: INFTemperatura Driver Y = 42.23ºC
READ: INFTemperatura Driver Z = -29.78ºC
READ: INFTemperatura Driver E1 = -29.78ºC
READ: INFPotencia Ventilador Drivers = 100.00%
READ: INFTemperatura Extrusor1 = 150.90ºC
READ: INFTemperatura Driver X = 27.07ºC
READ: INFTemperatura Driver Y = 42.13ºC
READ: INFTemperatura Driver Z = -29.78ºC
READ: INFTemperatura Driver E1 = -29.78ºC
READ: INFPotencia Ventilador Drivers = 100.00%
READ: INFTemperatura Extrusor1 = 150.57ºC
READ: INFTemperatura Driver X = 27.18ºC
READ: INFTemperatura Driver Y = 42.23ºC
READ: INFTemperatura Driver Z = -29.78ºC
READ: INFTemperatura Driver E1 = -29.78ºC
READ: INFPotencia Ventilador Drivers = 100.00%
READ: INFTemperatura Extrusor1 = 147.22ºC
READ: INFTemperatura Driver X = 27.07ºC
READ: INFTemperatura Driver Y = 42.23ºC
READ: INFTemperatura Driver Z = -29.78ºC
READ: INFTemperatura Driver E1 = -29.78ºC
READ: INFPotencia Ventilador Drivers = 100.00%
READ: INFTemperatura Extrusor1 = 148.56ºC
READ: INFTemperatura Driver X = 27.07ºC
READ: INFTemperatura Driver Y = 42.23ºC
READ: INFTemperatura Driver Z = -29.78ºC
READ: INFTemperatura Driver E1 = -29.78ºC
READ: INFPotencia Ventilador Drivers = 100.00%
READ: INFTemperatura Extrusor1 = 148.89ºC
READ: INFTemperatura Driver X = 27.07ºC
READ: INFTemperatura Driver Y = 42.23ºC
READ: INFTemperatura Driver Z = -29.78ºC
READ: INFTemperatura Driver E1 = -29.78ºC
READ: INFPotencia Ventilador Drivers = 100.00%
READ: INFTemperatura Extrusor1 = 148.56ºC
READ: INFTemperatura Driver X = 27.07ºC
READ: INFTemperatura Driver Y = 42.23ºC
READ: INFTemperatura Driver Z = -29.78ºC
READ: INFTemperatura Driver E1 = -29.78ºC
READ: INFPotencia Ventilador Drivers = 100.00%
READ: INFTemperatura Extrusor1 = 149.90ºC
READ: INFTemperatura Driver X = 27.18ºC
READ: INFTemperatura Driver Y = 42.23ºC
READ: INFTemperatura Driver Z = -29.78ºC
READ: INFTemperatura Driver E1 = -29.78ºC
READ: INFPotencia Ventilador Drivers = 100.00%
READ: INFTemperatura Extrusor1 = 150.57ºC
READ: INFTemperatura Driver X = 27.18ºC
READ: INFTemperatura Driver Y = 42.23ºC
READ: INFTemperatura Driver Z = -29.78ºC
READ: INFTemperatura Driver E1 = -29.78ºC
READ: INFPotencia Ventilador Drivers = 100.00%
READ: INFTemperatura Extrusor1 = 151.24ºC
READ: INFTemperatura Driver X = 26.96ºC
READ: INFTemperatura Driver Y = 42.13ºC
READ: INFTemperatura Driver Z = -29.78ºC
READ: INFTemperatura Driver E1 = -29.78ºC
READ: INFPotencia Ventilador Drivers = 100.00%
READ: INFTemperatura Extrusor1 = 149.23ºC
READ: INFTemperatura Driver X = 27.07ºC
READ: INFTemperatura Driver Y = 42.23ºC
READ: INFTemperatura Driver Z = -29.78ºC
READ: INFTemperatura Driver E1 = -29.78ºC
READ: INFPotencia Ventilador Drivers = 100.00%
READ: INFTemperatura Extrusor1 = 145.88ºC
READ: INFTemperatura Driver X = 27.07ºC
READ: INFTemperatura Driver Y = 42.23ºC
READ: INFTemperatura Driver Z = -29.78ºC
READ: INFTemperatura Driver E1 = -29.78ºC
READ: INFPotencia Ventilador Drivers = 100.00%
READ: INFTemperatura Extrusor1 = 149.23ºC
READ: INFTemperatura Driver X = 27.18ºC
READ: INFTemperatura Driver Y = 42.34ºC
READ: INFTemperatura Driver Z = -29.78ºC
READ: INFTemperatura Driver E1 = -29.78ºC
READ: INFPotencia Ventilador Drivers = 100.00%
READ: INFTemperatura Extrusor1 = 147.89ºC
READ: INFTemperatura Driver X = 27.07ºC
READ: INFTemperatura Driver Y = 42.23ºC
READ: INFTemperatura Driver Z = -29.78ºC
READ: INFTemperatura Driver E1 = -29.78ºC
READ: INFPotencia Ventilador Drivers = 100.00%
READ: INFTemperatura Extrusor1 = 151.24ºC
READ: INFTemperatura Driver X = 27.07ºC
READ: INFTemperatura Driver Y = 42.23ºC
READ: INFTemperatura Driver Z = -29.78ºC
READ: INFTemperatura Driver E1 = -29.78ºC
READ: INFPotencia Ventilador Drivers = 100.00%
READ: INFTemperatura Extrusor1 = 151.91ºC
READ: INFTemperatura Driver X = 27.18ºC
READ: INFTemperatura Driver Y = 42.34ºC
READ: INFTemperatura Driver Z = -29.78ºC
READ: INFTemperatura Driver E1 = -29.78ºC
READ: INFPotencia Ventilador Drivers = 100.00%
READ: INFTemperatura Extrusor1 = 150.90ºC
READ: INFTemperatura Driver X = 26.96ºC
READ: INFTemperatura Driver Y = 42.34ºC
READ: INFTemperatura Driver Z = -29.78ºC
READ: INFTemperatura Driver E1 = -29.78ºC
READ: INFPotencia Ventilador Drivers = 100.00%
READ: INFTemperatura Extrusor1 = 148.56ºC
READ: INFTemperatura Driver X = 27.07ºC
READ: INFTemperatura Driver Y = 42.23ºC
READ: INFTemperatura Driver Z = -29.78ºC
READ: INFTemperatura Driver E1 = -29.78ºC
READ: INFPotencia Ventilador Drivers = 100.00%
READ: INFTemperatura Extrusor1 = 150.90ºC
READ: INFTemperatura Driver X = 27.07ºC
READ: INFTemperatura Driver Y = 42.34ºC
READ: INFTemperatura Driver Z = -29.78ºC
READ: INFTemperatura Driver E1 = -29.78ºC
READ: INFPotencia Ventilador Drivers = 100.00%
READ: INFTemperatura Extrusor1 = 149.90ºC
READ: INFTemperatura Driver X = 27.18ºC
READ: INFTemperatura Driver Y = 42.34ºC
READ: INFTemperatura Driver Z = -29.78ºC
READ: INFTemperatura Driver E1 = -29.78ºC
READ: INFPotencia Ventilador Drivers = 100.00%
READ: INFTemperatura Extrusor1 = 148.22ºC
READ: INFTemperatura Driver X = 27.07ºC
READ: INFTemperatura Driver Y = 42.34ºC
READ: INFTemperatura Driver Z = -29.78ºC
READ: INFTemperatura Driver E1 = -29.78ºC
READ: INFPotencia Ventilador Drivers = 100.00%
READ: INFTemperatura Extrusor1 = 148.22ºC
READ: INFTemperatura Driver X = 26.96ºC
READ: INFTemperatura Driver Y = 42.23ºC
READ: INFTemperatura Driver Z = -29.78ºC
READ: INFTemperatura Driver E1 = -29.78ºC
READ: INFPotencia Ventilador Drivers = 100.00%
READ: INFTemperatura Extrusor1 = 146.89ºC
READ: INFTemperatura Driver X = 27.07ºC
READ: INFTemperatura Driver Y = 42.34ºC
READ: INFTemperatura Driver Z = -29.78ºC
READ: INFTemperatura Driver E1 = -29.78ºC
READ: INFPotencia Ventilador Drivers = 100.00%
READ: INFTemperatura Extrusor1 = 152.58ºC
READ: INFTemperatura Driver X = 27.18ºC
READ: INFTemperatura Driver Y = 42.34ºC
READ: INFTemperatura Driver Z = -29.78ºC
READ: INFTemperatura Driver E1 = -29.78ºC
READ: INFPotencia Ventilador Drivers = 100.00%
READ: INFTemperatura Extrusor1 = 149.90ºC
READ: INFTemperatura Driver X = 26.96ºC
READ: INFTemperatura Driver Y = 42.34ºC
READ: INFTemperatura Driver Z = -29.78ºC
READ: INFTemperatura Driver E1 = -29.78ºC
READ: INFPotencia Ventilador Drivers = 100.00%
READ: INFTemperatura Extrusor1 = 146.55ºC
READ: INFTemperatura Driver X = 27.07ºC
READ: INFTemperatura Driver Y = 42.34ºC
READ: INFTemperatura Driver Z = -29.78ºC
READ: INFTemperatura Driver E1 = -29.78ºC
READ: INFPotencia Ventilador Drivers = 100.00%
READ: INFTemperatura Extrusor1 = 149.56ºC
READ: INFTemperatura Driver X = 27.07ºC
READ: INFTemperatura Driver Y = 42.34ºC
READ: INFTemperatura Driver Z = -29.78ºC
READ: INFTemperatura Driver E1 = -29.78ºC
READ: INFPotencia Ventilador Drivers = 100.00%
READ: INFTemperatura Extrusor1 = 149.90ºC
READ: INFTemperatura Driver X = 27.07ºC
READ: INFTemperatura Driver Y = 42.34ºC
READ: INFTemperatura Driver Z = -29.78ºC
READ: INFTemperatura Driver E1 = -29.78ºC
READ: INFPotencia Ventilador Drivers = 100.00%
READ: INFTemperatura Extrusor1 = 146.89ºC
READ: INFTemperatura Driver X = 27.18ºC
READ: INFTemperatura Driver Y = 42.34ºC
READ: INFTemperatura Driver Z = -29.78ºC
READ: INFTemperatura Driver E1 = -29.78ºC
READ: INFPotencia Ventilador Drivers = 100.00%
READ: INFTemperatura Extrusor1 = 150.23ºC
READ: INFTemperatura Driver X = 27.18ºC
READ: INFTemperatura Driver Y = 42.34ºC
READ: INFTemperatura Driver Z = -29.78ºC
READ: INFTemperatura Driver E1 = -29.78ºC
READ: INFPotencia Ventilador Drivers = 100.00%
READ: INFTemperatura Extrusor1 = 149.23ºC
READ: INFTemperatura Driver X = 27.07ºC
READ: INFTemperatura Driver Y = 42.45ºC
READ: INFTemperatura Driver Z = -29.78ºC
READ: INFTemperatura Driver E1 = -29.78ºC
READ: INFPotencia Ventilador Drivers = 100.00%
READ: INFTemperatura Extrusor1 = 153.92ºC
READ: INFTemperatura Driver X = 27.07ºC
READ: INFTemperatura Driver Y = 42.34ºC
READ: INFTemperatura Driver Z = -29.78ºC
READ: INFTemperatura Driver E1 = -29.78ºC
READ: INFPotencia Ventilador Drivers = 100.00%
READ: INFTemperatura Extrusor1 = 147.89ºC
READ: INFTemperatura Driver X = 27.18ºC
READ: INFTemperatura Driver Y = 42.45ºC
READ: INFTemperatura Driver Z = -29.78ºC
READ: INFTemperatura Driver E1 = -29.78ºC
READ: INFPotencia Ventilador Drivers = 100.00%
READ: INFTemperatura Extrusor1 = 152.58ºC
READ: INFTemperatura Driver X = 27.07ºC
READ: INFTemperatura Driver Y = 42.34ºC
READ: INFTemperatura Driver Z = -29.78ºC
READ: INFTemperatura Driver E1 = -29.78ºC
READ: INFPotencia Ventilador Drivers = 100.00%
READ: INFTemperatura Extrusor1 = 149.90ºC
READ: INFTemperatura Driver X = 27.07ºC
READ: INFTemperatura Driver Y = 42.34ºC
READ: INFTemperatura Driver Z = -29.78ºC
READ: INFTemperatura Driver E1 = -29.78ºC
READ: INFPotencia Ventilador Drivers = 100.00%
READ: INFTemperatura Extrusor1 = 149.90ºC
READ: INFTemperatura Driver X = 27.07ºC
READ: INFTemperatura Driver Y = 42.34ºC
READ: INF