READ: INFTemperatura Extrusor1 = 138.52ºC
SEND: M =1
X =0.000
Y =0.000
Z =0.200
E =0.000
RUN

READ: INFTemperatura Driver X = 27.29ºC
READ: INFTemperatura Driver Y = 42.45ºC
READ: INFTemperatura Driver Z = -29.78ºC
READ: INFTemperatura Driver E1 = -29.78ºC
READ: INFPotencia Ventilador Drivers = 100.00%
READ: INFTemperatura Extrusor1 = 140.19ºC
READ: INFTemperatura Driver X = 27.29ºC
READ: INFTemperatura Driver Y = 42.45ºC
READ: INFTemperatura Driver Z = -29.78ºC
READ: INFTemperatura Driver E1 = -29.78ºC
READ: INFPotencia Ventilador Drivers = 100.00%
READ: INFTemperatura Extrusor1 = 140.86ºC
READ: INFTemperatura Driver X = 27.29ºC
READ: INFTemperatura Driver Y = 42.45ºC
READ: INFTemperatura Driver Z = -29.78ºC
READ: INFTemperatura Driver E1 = -29.78ºC
READ: INFPotencia Ventilador Drivers = 100.00%
READ: INFTemperatura Extrusor1 = 141.86ºC
READ: INFTemperatura Driver X = 27.40ºC
READ: INFTemperatura Driver Y = 42.45ºC
READ: INFTemperatura Driver Z = -29.78ºC
READ: INFTemperatura Driver E1 = -29.78ºC
READ: INFPotencia Ventilador Drivers = 100.00%
READ: INFTemperatura Extrusor1 = 138.52ºC
READ: INFTemperatura Driver X = 27.29ºC
READ: INFTemperatura Driver Y = 42.45ºC
READ: INFTemperatura Driver Z = -29.78ºC
READ: INFTemperatura Driver E1 = -29.78ºC
READ: INFPotencia Ventilador Drivers = 100.00%
READ: INFTemperatura Extrusor1 = 137.85ºC
READ: INFTemperatura Driver X = 27.29ºC
READ: INFTemperatura Driver Y = 42.45ºC
READ: INFTemperatura Driver Z = -29.78ºC
READ: INFTemperatura Driver E1 = -29.78ºC
READ: INFPotencia Ventilador Drivers = 100.00%
READ: INFTemperatura Extrusor1 = 138.18ºC
READ: INFTemperatura Driver X = 27.29ºC
READ: INFTemperatura Driver Y = 42.45ºC
READ: INFTemperatura Driver Z = -29.78ºC
READ: INFTemperatura Driver E1 = -29.78ºC
READ: INFPotencia Ventilador Drivers = 100.00%
READ: INFTemperatura Extrusor1 = 139.52ºC
READ: INFTemperatura Driver X = 27.29ºC
READ: INFTemperatura Driver Y = 42.45ºC
READ: INFTemperatura Driver Z = -29.78ºC
READ: INFTemperatura Driver E1 = -29.78ºC
READ: INFPotencia Ventilador Drivers = 100.00%
READ: INFTemperatura Extrusor1 = 136.51ºC
READ: INFTemperatura Driver X = 27.18ºC
READ: INFTemperatura Driver Y = 42.56ºC
READ: INFTemperatura Driver Z = -29.78ºC
READ: INFTemperatura Driver E1 = -29.78ºC
READ: INFPotencia Ventilador Drivers = 100.00%
READ: INFTemperatura Extrusor1 = 141.19ºC
READ: INFTemperatura Driver X = 27.29ºC
READ: INFTemperatura Driver Y = 42.45ºC
READ: INFTemperatura Driver Z = -29.78ºC
READ: INFTemperatura Driver E1 = -29.78ºC
READ: INFPotencia Ventilador Drivers = 100.00%
READ: INFTemperatura Extrusor1 = 138.52ºC
READ: BFREMPTY
SEND: M =1
X =0.000
Y =0.000
Z =0.400
E =0.000
RUN

Comando: BFREMPTY
READ: INFTemperatura Driver X = 27.29ºC
READ: INFTemperatura Driver Y = 42.45ºC
READ: INFTemperatura Driver Z = -29.78ºC
READ: INFTemperatura Driver E1 = -29.78ºC
READ: INFPotencia Ventilador Drivers = 100.00%
READ: INFTemperatura Extrusor1 = 138.85ºC
READ: BFREMPTY
SEND: M =1
X =0.000
Y =0.000
Z =0.600
E =0.000
RUN

Comando: BFREMPTY
READ: INFTemperatura Driver X = 27.29ºC
READ: INFTemperatura Driver Y = 42.45ºC
READ: INFTemperatura Driver Z = -29.78ºC
READ: INFTemperatura Driver E1 = -29.78ºC
READ: INFPotencia Ventilador Drivers = 100.00%
READ: INFTemperatura Extrusor1 = 139.52ºC
READ: XYZ0.00;0.00;0.20
READ: INFTemperatura Extrusor1 = 138.52ºC
READ: BFRFULL
Comando: BFRFULL
READ: INFTemperatura Driver X = 27.29ºC
READ: INFTemperatura Driver Y = 42.45ºC
READ: INFTemperatura Driver Z = -29.78ºC
READ: INFTemperatura Driver E1 = -29.78ºC
READ: INFPotencia Ventilador Drivers = 100.00%
READ: INFTemperatura Extrusor1 = 137.85ºC
READ: XYZ0.00;0.00;0.40
READ: INFTemperatura Extrusor1 = 140.19ºC
READ: BFREMPTY
SEND: M =1
X =0.000
Y =0.000
Z =0.800
E =0.000
RUN

Comando: BFREMPTY
READ: INFTemperatura Driver X = 27.29ºC
READ: INFTemperatura Driver Y = 42.45ºC
READ: INFTemperatura Driver Z = -29.78ºC
READ: INFTemperatura Driver E1 = -29.78ºC
READ: INFPotencia Ventilador Drivers = 100.00%
READ: INFTemperatura Extrusor1 = 139.85ºC
READ: INFTemperatura Driver X = 27.29ºC
READ: INFTemperatura Driver Y = 42.56ºC
READ: INFTemperatura Driver Z = -29.78ºC
READ: INFTemperatura Driver E1 = -29.78ºC
READ: INFPotencia Ventilador Drivers = 100.00%
READ: INFTemperatura Extrusor1 = 138.85ºC
READ: INFTemperatura Driver X = 27.29ºC
READ: INFTemperatura Driver Y = 42.56ºC
READ: INFTemperatura Driver Z = -29.78ºC
READ: INFTemperatura Driver E1 = -29.78ºC
READ: INFPotencia Ventilador Drivers = 100.00%
READ: INFTemperatura Extrusor1 = 146.89ºC
READ: INFTemperatura Driver X = 27.29ºC
READ: INFTemperatura Driver Y = 42.45ºC
READ: INFTemperatura Driver Z = -29.78ºC
READ: INFTemperatura Driver E1 = -29.78ºC
READ: INFPotencia Ventilador Drivers = 100.00%
READ: INFTemperatura Extrusor1 = 140.19ºC
READ: INFTemperatura Driver X = 27.29ºC
READ: INFTemperatura Driver Y = 42.45ºC
READ: INFTemperatura Driver Z = -29.78ºC
READ: INFTemperatura Driver E1 = -29.78ºC
READ: INFPotencia Ventilador Drivers = 100.00%
READ: INFTemperatura Extrusor1 = 139.18ºC
READ: INFTemperatura Driver X = 27.29ºC
READ: INFTemperatura Driver Y = 42.45ºC
READ: INFTemperatura Driver Z = -29.78ºC
READ: INFTemperatura Driver E1 = -29.78ºC
READ: INFPotencia Ventilador Drivers = 100.00%
READ: INFTemperatura Extrusor1 = 142.53ºC
READ: INFTemperatura Driver X = 27.29ºC
READ: INFTemperatura Driver Y = 42.56ºC
READ: INFTemperatura Driver Z = -29.78ºC
READ: INFTemperatura Driver E1 = -29.78ºC
READ: INFPotencia Ventilador Drivers = 100.00%
READ: INFTemperatura Extrusor1 = 140.19ºC
READ: INFTemperatura Driver X = 27.29ºC
READ: INFTemperatura Driver Y = 42.45ºC
READ: INFTemperatura Driver Z = -29.78ºC
READ: INFTemperatura Driver E1 = -29.78ºC
READ: INFPotencia Ventilador Drivers = 100.00%
READ: INFTemperatura Extrusor1 = 140.86ºC
READ: INFTemperatura Driver X = 27.29ºC
READ: INFTemperatura Driver Y = 42.45ºC
READ: INFTemperatura Driver Z = -29.78ºC
READ: INFTemperatura Driver E1 = -29.78ºC
READ: INFPotencia Ventilador Drivers = 100.00%
READ: INFTemperatura Extrusor1 = 139.85ºC
READ: INFTemperatura Driver X = 27.29ºC
READ: INFTemperatura Driver Y = 42.45ºC
READ: INFTemperatura Driver Z = -29.78ºC
READ: INFTemperatura Driver E1 = -29.78ºC
READ: INFPotencia Ventilador Drivers = 100.00%
READ: INFTemperatura Extrusor1 = 142.87ºC
READ: INFTemperatura Driver X = 27.29ºC
READ: INFTemperatura Driver Y = 42.56ºC
READ: INFTemperatura Driver Z = -29.78ºC
READ: INFTemperatura Driver E1 = -29.78ºC
READ: INFPotencia Ventilador Drivers = 100.00%
READ: INFTemperatura Extrusor1 = 140.52ºC
READ: INFTemperatura Driver X = 27.29ºC
READ: INFTemperatura Driver Y = 42.45ºC
READ: INFTemperatura Driver Z = -29.78ºC
READ: INFTemperatura Driver E1 = -29.78ºC
READ: INFPotencia Ventilador Drivers = 100.00%
READ: INFTemperatura Extrusor1 = 141.19ºC
READ: INFTemperatura Driver X = 27.29ºC
READ: INFTemperatura Driver Y = 42.56ºC
READ: INFTemperatura Driver Z = -29.78ºC
READ: INFTemperatura Driver E1 = -29.78ºC
READ: INFPotencia Ventilador Drivers = 100.00%
READ: INFTemperatura Extrusor1 = 140.86ºC
READ: INFTemperatura Driver X = 27.29ºC
READ: INFTemperatura Driver Y = 42.45ºC
READ: INFTemperatura Driver Z = -29.78ºC
READ: INFTemperatura Driver E1 = -29.78ºC
READ: INFPotencia Ventilador Drivers = 100.00%
READ: INFTemperatura Extrusor1 = 138.18ºC
READ: INFTemperatura Driver X = 27.18ºC
READ: INFTemperatura Driver Y = 42.45ºC
READ: INFTemperatura Driver Z = -29.78ºC
READ: INFTemperatura Driver E1 = -29.78ºC
READ: INFPotencia Ventilador Drivers = 100.00%
READ: INFTemperatura Extrusor1 = 140.86ºC
READ: INFTemperatura Driver X = 27.29ºC
READ: INFTemperatura Driver Y = 42.34ºC
READ: INFTemperatura Driver Z = -29.78ºC
READ: INFTemperatura Driver E1 = -29.78ºC
READ: INFPotencia Ventilador Drivers = 100.00%
READ: INFTemperatura Extrusor1 = 142.53ºC
READ: INFTemperatura Driver X = 27.29ºC
READ: INFTemperatura Driver Y = 42.45ºC
READ: INFTemperatura Driver Z = -29.78ºC
READ: INFTemperatura Driver E1 = -29.78ºC
READ: INFPotencia Ventilador Drivers = 100.00%
READ: INFTemperatura Extrusor1 = 147.22ºC
READ: INFTemperatura Driver X = 27.29ºC
READ: INFTemperatura Driver Y = 42.34ºC
READ: INFTemperatura Driver Z = -29.78ºC
READ: INFTemperatura Driver E1 = -29.78ºC
READ: INFPotencia Ventilador Drivers = 100.00%
READ: INFTemperatura Extrusor1 = 140.19ºC
READ: INFTemperatura Driver X = 27.40ºC
READ: INFTemperatura Driver Y = 42.34ºC
READ: INFTemperatura Driver Z = -29.78ºC
READ: INFTemperatura Driver E1 = -29.78ºC
READ: INFPotencia Ventilador Drivers = 100.00%
READ: INFTemperatura Extrusor1 = 143.87ºC
READ: INFTemperatura Driver X = 27.29ºC
READ: INFTemperatura Driver Y = 42.45ºC
READ: INFTemperatura Driver Z = -29.78ºC
READ: INFTemperatura Driver E1 = -29.78ºC
READ: INFPotencia Ventilador Drivers = 100.00%
READ: INFTemperatura Extrusor1 = 142.20ºC
READ: INFTemperatura Driver X = 27.29ºC
READ: INFTemperatura Driver Y = 42.45ºC
READ: INFTemperatura Driver Z = -29.78ºC
READ: INFTemperatura Driver E1 = -29.78ºC
READ: INFPotencia Ventilador Drivers = 100.00%
READ: INFTemperatura Extrusor1 = 140.19ºC
READ: INFTemperatura Driver X = 27.29ºC
READ: INFTemperatura Driver Y = 42.45ºC
READ: INFTemperatura Driver Z = -29.78ºC
READ: INFTemperatura Driver E1 = -29.78ºC
READ: INFPotencia Ventilador Drivers = 100.00%
READ: INFTemperatura Extrusor1 = 144.54ºC
READ: INFTemperatura Driver X = 27.29ºC
READ: INFTemperatura Driver Y = 42.56ºC
READ: INFTemperatura Driver Z = -29.78ºC
READ: INFTemperatura Driver E1 = -29.78ºC
READ: INFPotencia Ventilador Drivers = 100.00%
READ: INFTemperatura Extrusor1 = 143.87ºC
READ: INFTemperatura Driver X = 27.29ºC
READ: INFTemperatura Driver Y = 42.45ºC
READ: INFTemperatura Driver Z = -29.78ºC
READ: INFTemperatura Driver E1 = -29.78ºC
READ: INFPotencia Ventilador Drivers = 100.00%
READ: INFTemperatura Extrusor1 = 142.53ºC
READ: INFTemperatura Driver X = 27.18ºC
READ: INFTemperatura Driver Y = 42.45ºC
READ: INFTemperatura Driver Z = -29.78ºC
READ: INFTemperatura Driver E1 = -29.78ºC
READ: INFPotencia Ventilador Drivers = 100.00%
READ: INFTemperatura Extrusor1 = 142.53ºC
READ: INFTemperatura Driver X = 27.29ºC
READ: INFTemperatura Driver Y = 42.45ºC
READ: INFTemperatura Driver Z = -29.78ºC
READ: INFTemperatura Driver E1 = -29.78ºC
READ: INFPotencia Ventilador Drivers = 100.00%
READ: INFTemperatura Extrusor1 = 140.19ºC
READ: INFTemperatura Driver X = 27.29ºC
READ: INFTemperatura Driver Y = 42.45ºC
READ: INFTemperatura Driver Z = -29.78ºC
READ: INFTemperatura Driver E1 = -29.78ºC
READ: INFPotencia Ventilador Drivers = 100.00%
READ: INFTemperatura Extrusor1 = 142.87ºC
READ: INFTemperatura Driver X = 27.29ºC
READ: INFTemperatura Driver Y = 42.45ºC
READ: INFTemperatura Driver Z = -29.78ºC
READ: INFTemperatura Driver E1 = -29.78ºC
READ: INFPotencia Ventilador Drivers = 100.00%
READ: INFTemperatura Extrusor1 = 146.55ºC
READ: INFTemperatura Driver X = 27.29ºC
READ: INFTemperatura Driver Y = 42.45ºC
READ: INFTemperatura Driver Z = -29.78ºC
READ: INFTemperatura Driver E1 = -29.78ºC
READ: INFPotencia Ventilador Drivers = 100.00%
READ: INFTemperatura Extrusor1 = 144.88ºC
READ: INFTemperatura Driver X = 27.29ºC
READ: INFTemperatura Driver Y = 42.45ºC
READ: INFTemperatura Driver Z = -29.78ºC
READ: INFTemperatura Driver E1 = -29.78ºC
READ: INFPotencia Ventilador Drivers = 100.00%
READ: INFTemperatura Extrusor1 = 144.88ºC
READ: INFTemperatura Driver X = 27.29ºC
READ: INFTemperatura Driver Y = 42.45ºC
READ: INFTemperatura Driver Z = -29.78ºC
READ: INFTemperatura Driver E1 = -29.78ºC
READ: INFPotencia Ventilador Drivers = 100.00%
READ: INFTemperatura Extrusor1 = 142.53ºC
READ: INFTemperatura Driver X = 27.29ºC
READ: INFTemperatura Driver Y = 42.45ºC
READ: INFTemperatura Driver Z = -29.78ºC
READ: INFTemperatura Driver E1 = -29.78ºC
READ: INFPotencia Ventilador Drivers = 100.00%
READ: INFTemperatura Extrusor1 = 142.20ºC
READ: INFTemperatura Driver X = 27.29ºC
READ: INFTemperatura Driver Y = 42.45ºC
READ: INFTemperatura Driver Z = -29.78ºC
READ: INFTemperatura Driver E1 = -29.78ºC
READ: INFPotencia Ventilador Drivers = 100.00%
READ: INFTemperatura Extrusor1 = 143.87ºC
READ: INFTemperatura Driver X = 27.29ºC
READ: INFTemperatura Driver Y = 42.56ºC
READ: INFTemperatura Driver Z = -29.78ºC
READ: INFTemperatura Driver E1 = -29.78ºC
READ: INFPotencia Ventilador Drivers = 100.00%
READ: INFTemperatura Extrusor1 = 143.54ºC
READ: INFTemperatura Driver X = 27.18ºC
READ: INFTemperatura Driver Y = 42.56ºC
READ: INFTemperatura Driver Z = -29.78ºC
READ: INFTemperatura Driver E1 = -29.78ºC
READ: INFPotencia Ventilador Drivers = 100.00%
READ: INFTemperatura Extrusor1 = 143.87ºC
READ: INFTemperatura Driver X = 27.29ºC
READ: INFTemperatura Driver Y = 42.56ºC
READ: INFTemperatura Driver Z = -29.78ºC
READ: INFTemperatura Driver E1 = -29.78ºC
READ: INFPotencia Ventilador Drivers = 100.00%
READ: INFTemperatura Extrusor1 = 142.53ºC
READ: INFTemperatura Driver X = 27.29ºC
READ: INFTemperatura Driver Y = 42.56ºC
READ: INFTemperatura Driver Z = -29.78ºC
READ: INFTemperatura Driver E1 = -29.78ºC
READ: INFPotencia Ventilador Drivers = 100.00%
READ: INFTemperatura Extrusor1 = 144.88ºC
READ: INFTemperatura Driver X = 27.29ºC
READ: INFTemperatura Driver Y = 42.45ºC
READ: INFTemperatura Driver Z = -29.78ºC
READ: INFTemperatura Driver E1 = -29.78ºC
READ: INFPotencia Ventilador Drivers = 100.00%
READ: INFTemperatura Extrusor1 = 145.21ºC
READ: INFTemperatura Driver X = 27.18ºC
READ: INFTemperatura Driver Y = 42.45ºC
READ: INFTemperatura Driver Z = -29.78ºC
READ: INFTemperatura Driver E1 = -29.78ºC
READ: INFPotencia Ventilador Drivers = 100.00%
READ: INFTemperatura Extrusor1 = 141.86ºC
READ: INFTemperatura Driver X = 27.29ºC
READ: INFTemperatura Driver Y = 42.45ºC
READ: INFTemperatura Driver Z = -29.78ºC
READ: INFTemperatura Driver E1 = -29.78ºC
READ: INFPotencia Ventilador Drivers = 100.00%
READ: INFTemperatura Extrusor1 = 142.20ºC
READ: INFTemperatura Driver X = 27.29ºC
READ: INFTemperatura Driver Y = 42.45ºC
READ: INFTemperatura Driver Z = -29.78ºC
READ: INFTemperatura Driver E1 = -29.78ºC
READ: INFPotencia Ventilador Drivers = 100.00%
READ: INFTemperatura Extrusor1 = 144.54ºC
READ: INFTemperatura Driver X = 27.29ºC
READ: INFTemperatura Driver Y = 42.45ºC
READ: INFTemperatura Driver Z = -29.78ºC
READ: INFTemperatura Driver E1 = -29.78ºC
READ: INFPotencia Ventilador Drivers = 100.00%
READ: INFTemperatura Extrusor1 = 144.88ºC
READ: INFTemperatura Driver X = 27.29ºC
READ: INFTemperatura Driver Y = 42.45ºC
READ: INFTemperatura Driver Z = -29.78ºC
READ: INFTemperatura Driver E1 = -29.78ºC
READ: INFPotencia Ventilador Drivers = 100.00%
READ: INFTemperatura Extrusor1 = 144.54ºC
READ: INFTemperatura Driver X = 27.29ºC
READ: INFTemperatura Driver Y = 42.45ºC
READ: INFTemperatura Driver Z = -29.78ºC
READ: INFTemperatura Driver E1 = -29.78ºC
READ: INFPotencia Ventilador Drivers = 100.00%
READ: INFTemperatura Extrusor1 = 147.55ºC
READ: INFTemperatura Driver X = 27.29ºC
READ: INFTemperatura Driver Y = 42.56ºC
READ: INFTemperatura Driver Z = -29.78ºC
READ: INFTemperatura Driver E1 = -29.78ºC
READ: INFPotencia Ventilador Drivers = 100.00%
READ: INFTemperatura Extrusor1 = 142.53ºC
READ: INFTemperatura Driver X = 27.29ºC
READ: INFTemperatura Driver Y = 42.45ºC
READ: INFTemperatura Driver Z = -29.78ºC
READ: INFTemperatura Driver E1 = -29.78ºC
READ: INFPotencia Ventilador Drivers = 100.00%
READ: INFTemperatura Extrusor1 = 145.21ºC
READ: INFTemperatura Driver X = 27.29ºC
READ: INFTemperatura Driver Y = 42.45ºC
READ: INFTemperatura Driver Z = -29.78ºC
READ: INFTemperatura Driver E1 = -29.78ºC
READ: INFPotencia Ventilador Drivers = 100.00%
READ: INFTemperatura Extrusor1 = 144.88ºC
READ: INFTemperatura Driver X = 27.29ºC
READ: INFTemperatura Driver Y = 42.34ºC
READ: INFTemperatura Driver Z = -29.78ºC
READ: INFTemperatura Driver E1 = -29.78ºC
READ: INFPotencia Ventilador Drivers = 100.00%
READ: INFTemperatura Extrusor1 = 144.54ºC
READ: INFTemperatura Driver X = 27.29ºC
READ: INFTemperatura Driver Y = 42.45ºC
READ: INFTemperatura Driver Z = -29.78ºC
READ: INFTemperatura Driver E1 = -29.78ºC
READ: INFPotencia Ventilador Drivers = 100.00%
READ: INFTemperatura Extrusor1 = 144.54ºC
READ: INFTemperatura Driver X = 27.29ºC
READ: INFTemperatura Driver Y = 42.34ºC
READ: INFTemperatura Driver Z = -29.78ºC
READ: INFTemperatura Driver E1 = -29.78ºC
READ: INFPotencia Ventilador Drivers = 100.00%
READ: INFTemperatura Extrusor1 = 151.91ºC
READ: INFTemperatura Driver X = 27.40ºC
READ: INFTemperatura Driver Y = 42.34ºC
READ: INFTemperatura Driver Z = -29.78ºC
READ: INFTemperatura Driver E1 = -29.78ºC
READ: INFPotencia Ventilador Drivers = 100.00%
READ: INFTemperatura Extrusor1 = 145.55ºC
READ: INFTemperatura Driver X = 27.40ºC
READ: INFTemperatura Driver Y = 42.34ºC
READ: INFTemperatura Driver Z = -29.78ºC
READ: INFTemperatura Driver E1 = -29.78ºC
READ: INFPotencia Ventilador Drivers = 100.00%
READ: INFTemperatura Extrusor1 = 146.89ºC
READ: INFTemperatura Driver X = 27.29ºC
READ: INFTemperatura Driver Y = 42.45ºC
READ: INFTemperatura Driver Z = -29.78ºC
READ: INFTemperatura Driver E1 = -29.78ºC
READ: INFPotencia Ventilador Drivers = 100.00%
READ: INFTemperatura Extrusor1 = 147.5tura Driver E1 = -29.78ºC
READ: INFPotencia Ventilador Drivers = 100.00%
READ: INFTemperatura Extrusor1 = 146.55ºC
READ: INFTemperatura Driver X = 27.40ºC
READ: INFTemperatura Driver Y = 42.34ºC
READ: INFTemperatura Driver Z = -29.78ºC
READ: INFTemperatura Driver E1 = -29.78ºC
READ: INFPotencia Ventilador Drivers = 100.00%
READ: INFTemperatura Extrusor1 = 145.55ºC
READ: INFTemperatura Driver X = 27.40ºC
READ: INFTemperatura Driver Y = 42.34ºC
READ: INFTemperatura Driver Z = -29.78ºC
READ: INFTemperatura Driver E1 = -29.78ºC
READ: INFPotencia Ventilador Drivers = 100.00%
READ: INFTemperatura Extrusor1 = 146.89ºC
READ: INFTemperatura Driver X = 27.40ºC
READ: INFTemperatura Driver Y = 42.34ºC
READ: INFTemperatura Driver Z = -29.78ºC
READ: INFTemperatura Driver E1 = -29.78ºC
READ: INFPotencia Ventilador Drivers = 100.00%
READ: INFTemperatura Extrusor1 = 144.21ºC
READ: INFTemperatura Driver X = 27.40ºC
READ: INFTemperatura Driver Y = 42.34ºC
READ: INFTemperatura Driver Z = -29.78ºC
READ: INFTemperatura Driver E1 = -29.78ºC
READ: INFPotencia Ventilador Drivers = 100.00%
READ: INFTemperatura Extrusor1 = 150.23ºC
READ: INFTemperatura Driver X = 27.29ºC
READ: INFTemperatura Driver Y = 42.34ºC
READ: INFTemperatura Driver Z = -29.78ºC
READ: INFTemperatura Driver E1 = -29.78ºC
READ: INFPotencia Ventilador Drivers = 100.00%
READ: INFTemperatura Extrusor1 = 149.56ºC
READ: INFTemperatura Driver X = 27.51ºC
READ: INFTemperatura Driver Y = 42.23ºC
READ: INFTemperatura Driver Z = -29.78ºC
READ: INFTemperatura Driver E1 = -29.78ºC
READ: INFPotencia Ventilador Drivers = 100.00%
READ: INFTemperatura Extrusor1 = 149.90ºC
READ: INFTemperatura Driver X = 27.29ºC
READ: INFTemperatura Driver Y = 42.23ºC
READ: INFTemperatura Driver Z = -29.78ºC
READ: INFTemperatura Driver E1 = -29.78ºC
READ: INFPotencia Ventilador Drivers = 100.00%
READ: INFTemperatura Extrusor1 = 146.22ºC
READ: INFTemperatura Driver X = 27.29ºC
READ: INFTemperatura Driver Y = 42.34ºC
READ: INFTemperatura Driver Z = -29.78ºC
READ: INFTemperatura Driver E1 = -29.78ºC
READ: INFPotencia Ventilador Drivers = 100.00%
READ: INFTemperatura Extrusor1 = 149.90ºC
READ: INFTemperatura Driver X = 27.40ºC
READ: INFTemperatura Driver Y = 42.34ºC
READ: INFTemperatura Driver Z = -29.78ºC
READ: INFTemperatura Driver E1 = -29.78ºC
READ: INFPotencia Ventilador Drivers = 100.00%
READ: INFTemperatura Extrusor1 = 150.23ºC
READ: INFTemperatura Driver X = 27.40ºC
READ: INFTemperatura Driver Y = 42.23ºC
READ: INFTemperatura Driver Z = -29.78ºC
READ: INFTemperatura Driver E1 = -29.78ºC
READ: INFPotencia Ventilador Drivers = 100.00%
READ: INFTemperatura Extrusor1 = 148.56ºC
READ: INFTemperatura Driver X = 27.40ºC
READ: INFTemperatura Driver Y = 42.34ºC
READ: INFTemperatura Driver Z = -29.78ºC
READ: INFTemperatura Driver E1 = -29.78ºC
READ: INFPotencia Ventilador Drivers = 100.00%
READ: INFTemperatura Extrusor1 = 148.89ºC
READ: INFTemperatura Driver X = 27.40ºC
READ: INFTemperatura Driver Y = 42.34ºC
READ: INFTemperatura Driver Z = -29.78ºC
READ: INFTemperatura Driver E1 = -29.78ºC
READ: INFPotencia Ventilador Drivers = 100.00%
READ: INFTemperatura Extrusor1 = 149.23ºC
READ: INFTemperatura Driver X = 27.29ºC
READ: INFTemperatura Driver Y = 42.34ºC
READ: INFTemperatura Driver Z = -29.78ºC
READ: INFTemperatura Driver E1 = -29.78ºC
READ: INFPotencia Ventilador Drivers = 100.00%
READ: INFTemperatura Extrusor1 = 145.55ºC
READ: INFTemperatura Driver X = 27.40ºC
READ: INFTemperatura Driver Y = 42.34ºC
READ: INFTemperatura Driver Z = -29.78ºC
READ: INFTemperatura Driver E1 = -29.78ºC
READ: INFPotencia Ventilador Drivers = 100.00%
READ: INFTemperatura Extrusor1 = 148.22ºC
READ: INFTemperatura Driver X = 27.40ºC
READ: INFTemperatura Driver Y = 42.34ºC
READ: INFTemperatura Driver Z = -29.78ºC
READ: INFTemperatura Driver E1 = -29.78ºC
READ: INFPotencia Ventilador Drivers = 100.00%
READ: INFTemperatura Extrusor1 = 145.88ºC
READ: INFTemperatura Driver X = 27.40ºC
READ: INFTemperatura Driver Y = 42.34ºC
READ: INFTemperatura Driver Z = -29.78ºC
READ: INFTemperatura Driver E1 = -29.78ºC
READ: INFPotencia Ventilador Drivers = 100.00%
READ: INFTemperatura Extrusor1 = 149.23ºC
READ: INFTemperatura Driver X = 27.40ºC
READ: INFTemperatura Driver Y = 42.45ºC
READ: INFTemperatura Driver Z = -29.78ºC
READ: INFTemperatura Driver E1 = -29.78ºC
READ: INFPotencia Ventilador Drivers = 100.00%
READ: INFTemperatura Extrusor1 = 144.21ºC
READ: INFTemperatura Driver X = 27.40ºC
READ: INFTemperatura Driver Y = 42.34ºC
READ: INFTemperatura Driver Z = -29.78ºC
READ: INFTemperatura Driver E1 = -29.78ºC
READ: INFPotencia Ventilador Drivers = 100.00%
READ: INFTemperatura Extrusor1 = 147.55ºC
READ: INFTemperatura Driver X = 27.40ºC
READ: INFTemperatura Driver Y = 42.34ºC
READ: INFTemperatura Driver Z = -29.78ºC
READ: INFTemperatura Driver E1 = -29.78ºC
READ: INFPotencia Ventilador Drivers = 100.00%
READ: INFTemperatura Extrusor1 = 151.91ºC
READ: INFTemperatura Driver X = 27.40ºC
READ: INFTemperatura Driver Y = 42.45ºC
READ: INFTemperatura Driver Z = -29.78ºC
READ: INFTemperatura Driver E1 = -29.78ºC
READ: INFPotencia Ventilador Drivers = 100.00%
READ: INFTemperatura Extrusor1 = 148.56ºC
READ: INFTemperatura Driver X = 27.40ºC
READ: INFTemperatura Driver Y = 42.34ºC
READ: INFTemperatura Driver Z = -29.78ºC
READ: INFTemperatura Driver E1 = -29.78ºC
READ: INFPotencia Ventilador Drivers = 100.00%
READ: INFTemperatura Extrusor1 = 147.89ºC
READ: INFTemperatura Driver X = 27.40ºC
READ: INFTemperatura Driver Y = 42.34ºC
READ: INFTemperatura Driver Z = -29.78ºC
READ: INFTemperatura Driver E1 = -29.78ºC
READ: INFPotencia Ventilador Drivers = 100.00%
READ: INFTemperatura Extrusor1 = 146.55ºC
READ: INFTemperatura Driver X = 27.40ºC
READ: INFTemperatura Driver Y = 42.34ºC
READ: INFTemperatura Driver Z = -29.78ºC
READ: INFTemperatura Driver E1 = -29.78ºC
READ: INFPotencia Ventilador Drivers = 100.00%
READ: INFTemperatura Extrusor1 = 149.23ºC
READ: INFTemperatura Driver X = 27.40ºC
READ: INFTemperatura Driver Y = 42.34ºC
READ: INFTemperatura Driver Z = -29.78ºC
READ: INFTemperatura Driver E1 = -29.78ºC
READ: INFPotencia Ventilador Drivers = 100.00%
READ: INFTemperatura Extrusor1 = 149.56ºC
READ: INFTemperatura Driver X = 27.40ºC
READ: INFTemperatura Driver Y = 42.34ºC
READ: INFTemperatura Driver Z = -29.78ºC
READ: INFTemperatura Driver E1 = -29.78ºC
READ: INFPotencia Ventilador Drivers = 100.00%
READ: INFTemperatura Extrusor1 = 147.89ºC
READ: INFTemperatura Driver X = 27.40ºC
READ: INFTemperatura Driver Y = 42.34ºC
READ: INFTemperatura Driver Z = -29.78ºC
READ: INFTemperatura Driver E1 = -29.78ºC
READ: INFPotencia Ventilador Drivers = 100.00%
READ: INFTemperatura Extrusor1 = 147.89ºC
READ: INFTemperatura Driver X = 27.40ºC
READ: INFTemperatura Driver Y = 42.34ºC
READ: INFTemperatura Driver Z = -29.78ºC
READ: INFTemperatura Driver E1 = -29.78ºC
READ: INFPotencia Ventilador Drivers = 100.00%
READ: INFTemperatura Extrusor1 = 148.22ºC
READ: INFTemperatura Driver X = 27.40ºC
READ: INFTemperatura Driver Y = 42.34ºC
READ: INFTemperatura Driver Z = -29.78ºC
READ: INFTemperatura Driver E1 = -29.78ºC
READ: INFPotencia Ventilador Drivers = 100.00%
READ: INFTemperatura Extrusor1 = 146.55ºC
READ: INFTemperatura Driver X = 27.40ºC
READ: INFTemperatura Driver Y = 42.23ºC
READ: INFTemperatura Driver Z = -29.78ºC
READ: INFTemperatura Driver E1 = -29.78ºC
READ: INFPotencia Ventilador Drivers = 100.00%
READ: INFTemperatura Extrusor1 = 147.89ºC
READ: INFTemperatura Driver X = 27.40ºC
READ: INFTemperatura Driver Y = 42.23ºC
READ: INFTemperatura Driver Z = -29.78ºC
READ: INFTemperatura Driver E1 = -29.78ºC
READ: INFPotencia Ventilador Drivers = 100.00%
READ: INFTemperatura Extrusor1 = 150.23ºC
READ: INFTemperatura Driver X = 27.40ºC
READ: INFTemperatura Driver Y = 42.23ºC
READ: INFTemperatura Driver Z = -29.78ºC
READ: INFTemperatura Driver E1 = -29.78ºC
READ: INFPotencia Ventilador Drivers = 100.00%
READ: INFTemperatura Extrusor1 = 153.25ºC
READ: INFTemperatura Driver X = 27.51ºC
READ: INFTemperatura Driver Y = 42.34ºC
READ: INFTemperatura Driver Z = -29.78ºC
READ: INFTemperatura Driver E1 = -29.78ºC
READ: INFPotencia Ventilador Drivers = 100.00%
READ: INFTemperatura Extrusor1 = 152.58ºC
READ: INFTemperatura Driver X = 27.51ºC
READ: INFTemperatura Driver Y = 42.23ºC
READ: INFTemperatura Driver Z = -29.78ºC
READ: INFTemperatura Driver E1 = -29.78ºC
READ: INFPotencia Ventilador Drivers = 100.00%
READ: INFTemperatura Extrusor1 = 149.23ºC
READ: INFTemperatura Driver X = 27.51ºC
READ: INFTemperatura Driver Y = 42.34ºC
READ: INFTemperatura Driver Z = -29.78ºC
READ: INFTemperatura Driver E1 = -29.78ºC
READ: INFPotencia Ventilador Drivers = 100.00%
READ: INFTemperatura Extrusor1 = 150.90ºC
READ: INFTemperatura Driver X = 27.51ºC
READ: INFTemperatura Driver Y = 42.34ºC
READ: INFTemperatura Driver Z = -29.78ºC
READ: INFTemperatura Driver E1 = -29.78ºC
READ: INFPotencia Ventilador Drivers = 100.00%
READ: INFTemperatura Extrusor1 = 152.24ºC
READ: INFTemperatura Driver X = 27.51ºC
READ: INFTemperatura Driver Y = 42.34ºC
READ: INFTemperatura Driver Z = -29.78ºC
READ: INFTemperatura Driver E1 = -29.78ºC
READ: INFPotencia Ventilador Drivers = 100.00%
READ: INFTemperatura Extrusor1 = 150.57ºC
READ: INFTemperatura Driver X = 27.51ºC
READ: INFTemperatura Driver Y = 42.34ºC
READ: INFTemperatura Driver Z = -29.78ºC
READ: INFTemperatura Driver E1 = -29.78ºC
READ: INFPotencia Ventilador Drivers = 100.00%
READ: INFTemperatura Extrusor1 = 151.57ºC
READ: INFTemperatura Driver X = 27.51ºC
READ: INFTemperatura Driver Y = 42.34ºC
READ: INFTemperatura Driver Z = -29.78ºC
READ: INFTemperatura Driver E1 = -29.78ºC
READ: INFPotencia Ventilador Drivers = 100.00%
READ: INFTemperatura Extrusor1 = 149.90ºC
READ: INFTemperatura Driver X = 27.40ºC
READ: INFTemperatura Driver Y = 42.34ºC
READ: INFTemperatura Driver Z = -29.78ºC
READ: INFTemperatura Driver E1 = -29.78ºC
READ: INFPotencia Ventilador Drivers = 100.00%
READ: INFTemperatura Extrusor1 = 151.57ºC
READ: INFTemperatura Driver X = 27.40ºC
READ: INFTemperatura Driver Y = 42.34ºC
READ: INFTemperatura Driver Z = -29.78ºC
READ: INFTemperatura Driver E1 = -29.78ºC
READ: INFPotencia Ventilador Drivers = 100.00%
READ: INFTemperatura Extrusor1 = 150.90ºC
READ: INFTemperatura Driver X = 27.40ºC
READ: INFTemperatura Driver Y = 42.34ºC
READ: INFTemperatura Driver Z = -29.78ºC
READ: INFTemperatura Driver E1 = -29.78ºC
READ: INFPotencia Ventilador Drivers = 100.00%
READ: INFTemperatura Extrusor1 = 150.90ºC
READ: INFTemperatura Driver X = 27.40ºC
READ: INFTemperatura Driver Y = 42.34ºC
READ: INFTemperatura Driver Z = -29.78ºC
READ: INFTemperatura Driver E1 = -29.78ºC
READ: INFPotencia Ventilador Drivers = 100.00%
READ: INFTemperatura Extrusor1 = 151.91ºC
READ: INFTemperatura Driver X = 27.51ºC
READ: INFTemperatura Driver Y = 42.34ºC
READ: INFTemperatura Driver Z = -29.78ºC
READ: INFTemperatura Driver E1 = -29.78ºC
READ: INFPotencia Ventilador Drivers = 100.00%
READ: INFTemperatura Extrusor1 = 150.57ºC
READ: INFTemperatura Driver X = 27.40ºC
READ: INFTemperatura Driver Y = 42.34ºC
READ: INFTemperatura Driver Z = -29.78ºC
READ: INFTemperatura Driver E1 = -29.78ºC
READ: INFPotencia Ventilador Drivers = 100.00%
READ: INFTemperatura Extrusor1 = 150.90ºC
READ: INFTemperatura Driver X = 27.40ºC
READ: INFTemperatura Driver Y = 42.34ºC
READ: INFTemperatura Driver Z = -29.78ºC
READ: INFTemperatura Driver E1 = -29.78ºC
READ: INFPotencia Ventilador Drivers = 100.00%
READ: INFTemperatura Extrusor1 = 150.90ºC
READ: INFTemperatura Driver X = 27.40ºC
READ: INFTemperatura Driver Y = 42.34ºC
READ: INFTemperatura Driver Z = -29.78ºC
READ: INFTemperatura Driver E1 = -29.78ºC
READ: INFPotencia Ventilador Drivers = 100.00%
READ: INFTemperatura Extrusor1 = 149.56ºC
READ: INFTemperatura Driver X = 27.40ºC
READ: INFTemperatura Driver Y = 42.34ºC
READ: INFTemperatura Driver Z = -29.78ºC
READ: INFTemperatura Driver E1 = -29.78ºC
READ: INFPotencia Ventilador Drivers = 100.00%
READ: INFTemperatura Extrusor1 = 154.92ºC
READ: INFTemperatura Driver X = 27.40ºC
READ: INFTemperatura Driver Y = 42.34ºC
READ: INFTemperatura Driver Z = -29.78ºC
READ: INFTemperatura Driver E1 = -29.78ºC
READ: INFPotencia Ventilador Drivers = 100.00%
READ: INFTemperatura Extrusor1 = 151.91ºC
READ: INFTemperatura Driver X = 27.51ºC
READ: INFTemperatura Driver Y = 42.34ºC
READ: INFTemperatura Driver Z = -29.78ºC
READ: INFTemperatura Driver E1 = -29.78ºC
READ: INFPotencia Ventilador Drivers = 100.00%
READ: INFTemperatura Extrusor1 = 150.57ºC
READ: INFTemperatura Driver X = 27.40ºC
READ: INFTemperatura Driver Y = 42.34ºC
READ: INFTemperatura Driver Z = -29.78ºC
READ: INFTemperatura Driver E1 = -29.78ºC
READ: INFPotencia Ventilador Drivers = 100.00%
READ: INFTemperatura Extrusor1 = 151.24ºC
READ: INFTemperatura Driver X = 27.40ºC
READ: INFTemperatura Driver Y = 42.34ºC
READ: INFTemperatura Driver Z = -29.78ºC
READ: INFTemperatura Driver E1 = -29.78ºC
READ: INFPotencia Ventilador Drivers = 100.00%
READ: INFTemperatura Extrusor1 = 150.90ºC
READ: INFTemperatura Driver X = 27.40ºC
READ: INFTemperatura Driver Y = 42.34ºC
READ: INFTemperatura Driver Z = -29.78ºC
READ: INFTemperatura Driver E1 = -29.78ºC
READ: INFPotencia Ventilador Drivers = 100.00%
READ: INFTemperatura Extrusor1 = 151.57ºC
READ: INFTemperatura Driver X = 27.40ºC
READ: INFTemperatura Driver Y = 42.45ºC
READ: INFTemperatura Driver Z = -29.78ºC
READ: INFTemperatura Driver E1 = -29.78ºC
READ: INFPotencia Ventilador Drivers = 100.00%
READ: INFTemperatura Extrusor1 = 154.25ºC
READ: INFTemperatura Driver X = 27.40ºC
READ: INFTemperatura Driver Y = 42.45ºC
READ: INFTemperatura Driver Z = -29.78ºC
READ: INFTemperatura Driver E1 = -29.78ºC
READ: INFPotencia Ventilador Drivers = 100.00%
READ: INFTemperatura Extrusor1 = 152.24ºC
READ: INFTemperatura Driver X = 27.40ºC
READ: INFTemperatura Driver Y = 42.45ºC
READ: INFTemperatura Driver Z = -29.78ºC
READ: INFTemperatura Driver E1 = -29.78ºC
READ: INFPotencia Ventilador Drivers = 100.00%
READ: INFTemperatura Extrusor1 = 148.89ºC
READ: INFTemperatura Driver X = 27.40ºC
READ: INFTemperatura Driver Y = 42.34ºC
READ: INFTemperatura Driver Z = -29.78ºC
READ: INFTemperatura Driver E1 = -29.78ºC
READ: INFPotencia Ventilador Drivers = 100.00%
READ: INFTemperatura Extrusor1 = 150.90ºC
READ: INFTemperatura Driver X = 27.29ºC
READ: INFTemperatura Driver Y = 42.45ºC
READ: INFTemperatura Driver Z = -29.78ºC
READ: INFTemperatura Driver E1 = -29.78ºC
READ: INFPotencia Ventilador Drivers = 100.00%
READ: INFTemperatura Extrusor1 = 152.24ºC
READ: INFTemperatura Driver X = 27.40ºC
READ: INFTemperatura Driver Y = 42.45ºC
READ: INFTemperatura Driver Z = -29.78ºC
READ: INFTemperatura Driver E1 = -29.78ºC
READ: INFPotencia Ventilador Drivers = 100.00%
READ: INFTemperatura Extrusor1 = 150.57ºC
READ: INFTemperatura Driver X = 27.51ºC
READ: INFTemperatura Driver Y = 42.45ºC
READ: INFTemperatura Driver Z = -29.78ºC
READ: INFTemperatura Driver E1 = -29.78ºC
READ: INFPotencia Ventilador Drivers = 100.00%
READ: INFTemperatura Extrusor1 = 152.24ºC
READ: INFTemperatura Driver X = 27.51ºC
READ: INFTemperatura Driver Y = 42.34ºC
READ: INFTemperatura Driver Z = -29.78ºC
READ: INFTemperatura Driver E1 = -29.78ºC
READ: INFPotencia Ventilador Drivers = 100.00%
READ: INFTemperatura Extrusor1 = 148.56ºC
READ: INFTemperatura Driver X = 27.40ºC
READ: INFTemperatura Driver Y = 42.34ºC
READ: INFTemperatura Driver Z = -29.78ºC
READ: INFTemperatura Driver E1 = -29.78ºC
READ: INFPotencia Ventilador Drivers = 100.00%
READ: INFTemperatura Extrusor1 = 151.57ºC
READ: INFTemperatura Driver X = 27.51ºC
READ: INFTemperatura Driver Y = 42.45ºC
READ: INFTemperatura Driver Z = -29.78ºC
READ: INFTemperatura Driver E1 = -29.78ºC
READ: INFPotencia Ventilador Drivers = 100.00%
READ: INFTemperatura Extrusor1 = 151.57ºC
READ: INFTemperatura Driver X = 27.51ºC
READ: INFTemperatura Driver Y = 42.34ºC
READ: INFTemperatura Driver Z = -29.78ºC
READ: INFTemperatura Driver E1 = -29.78ºC
READ: INFPotencia Ventilador Drivers = 100.00%
READ: INFTemperatura Extrusor1 = 148.22ºC
READ: INFTemperatura Driver X = 27.51ºC
READ: INFTemperatura Driver Y = 42.45ºC
READ: INFTemperatura Driver Z = -29.78ºC
READ: INFTemperatura Driver E1 = -29.78ºC
READ: INFPotencia Ventilador Drivers = 100.00%
READ: INFTemperatura Extrusor1 = 148.89ºC
READ: INFTemperatura Driver X = 27.40ºC
READ: INFTemperatura Driver Y = 42.45ºC
READ: INFTemperatura Driver Z = -29.78ºC
READ: INFTemperatura Driver E1 = -29.78ºC
READ: INFPotencia Ventilador Drivers = 100.00%
READ: INFTemperatura Extrusor1 = 152.58ºC
READ: INFTemperatura Driver X = 27.51ºC
READ: INFTemperatura Driver Y = 42.45ºC
READ: INFTemperatura Driver Z = -29.78ºC
READ: INFTemperatura Driver E1 = -29.78ºC
READ: INFPotencia Ventilador Drivers = 100.00%
READ: INFTemperatura Extrusor1 = 148.89ºC
READ: INFTemperatura Driver X = 27.51ºC
READ: INFTemperatura Driver Y = 42.45ºC
READ: INFTemperatura Driver Z = -29.78ºC
READ: INFTemperatura Driver E1 = -29.78ºC
READ: INFPotencia Ventilador Drivers = 100.00%
READ: INFTemperatura Extrusor1 = 153.58ºC
READ: INFTemperatura Driver X = 27.40ºC
READ: INFTemperatura Driver Y = 42.56ºC
READ: INFTemperatura Driver Z = -29.78ºC
READ: INFTemperatura Driver E1 = -29.78ºC
READ: INFPotencia Ventilador Drivers = 100.00%
READ: INFTemperatura Extrusor1 = 147.22ºC
READ: INFTemperatura Driver X = 27.40ºC
READ: INFTemperatura Driver Y = 42.45ºC
READ: INFTemperatura Driver Z = -29.78ºC
READ: INFTemperatura Driver E1 = -29.78ºC
READ: INFPotencia Ventilador Drivers = 100.00%
READ: INFTemperatura Extrusor1 = 153.25ºC
READ: INFTemperatura Driver X = 27.51ºC
READ: INFTemperatura Driver Y = 42.45ºC
READ: INFTemperatura Driver Z = -29.78ºC
READ: INFTemperatura Driver E1 = -29.78ºC
READ: INFPotencia Ventilador Drivers = 100.00%
READ: INFTemperatura Extrusor1 = 148.89ºC
READ: INFTemperatura Driver X = 27.51ºC
READ: INFTemperatura Driver Y = 42.45ºC
READ: INFTemperatura Driver Z = -29.78ºC
READ: INFTemperatura Driver E1 = -29.78ºC
READ: INFPotencia Ventilador Drivers = 100.00%
READ: INFTemperatura Extrusor1 = 145.88ºC
READ: INFTemperatura Driver X = 27.51ºC
READ: INFTemperatura Driver Y = 42.45ºC
READ: INFTemperatura Driver Z = -29.78ºC
READ: INFTemperatura Driver E1 = -29.78ºC
READ: INFPotencia Ventilador Drivers = 100.00%
READ: INFTemperatura Extrusor1 = 152.24ºC
READ: INFTemperatura Driver X = 27.51ºC
READ: INFTemperatura Driver Y = 42.45ºC
READ: INFTemperatura Driver Z = -29.78ºC
READ: INFTemperatura Driver E1 = -29.78ºC
READ: INFPotencia Ventilador Drivers = 100.00%
READ: INFTemperatura Extrusor1 = 148.56ºC
READ: INFTemperatura Driver X = 27.51ºC
READ: INFTemperatura Driver Y = 42.45ºC
READ: INFTemperatura Driver Z = -29.78ºC
READ: INFTemperatura Driver E1 = -29.78ºC
READ: INFPotencia Ventilador Drivers = 100.00%
READ: INFTemperatura Extrusor1 = 142.53ºC
READ: INFTemperatura Driver X = 27.51ºC
READ: INFTemperatura Driver Y = 42.56ºC
READ: INFTemperatura Driver Z = -29.78ºC
READ: INFTemperatura Driver E1 = -29.78ºC
READ: INFPotencia Ventilador Drivers = 100.00%
READ: INFTemperatura Extrusor1 = 149.23ºC
READ: INFTemperatura Driver X = 27.40ºC
READ: INFTemperatura Driver Y = 42.34ºC
READ: INFTemperatura Driver Z = -29.78ºC
READ: INFTemperatura Driver E1 = -29.78ºC
READ: INFPotencia Ventilador Drivers = 100.00%
READ: INFTemperatura Extrusor1 = 143.87ºC
READ: INFTemperatura Driver X = 27.51ºC
READ: INFTemperatura Driver Y = 42.45ºC
READ: INFTemperatura Driver Z = -29.78ºC
READ: INFTemperatura Driver E1 = -29.78ºC
READ: INFPotencia Ventilador Drivers = 100.00%
READ: INFTemperatura Extrusor1 = 148.56ºC
READ: INFTemperatura Driver X = 27.51ºC
READ: INFTemperatura Driver Y = 42.45ºC
READ: INFTemperatura Driver Z = -29.78ºC
READ: INFTemperatura Driver E1 = -29.78ºC
READ: INFPotencia Ventilador Drivers = 100.00%
READ: INFTemperatura Extrusor1 = 147.55ºC
READ: INFTemperatura Driver X = 27.40ºC
READ: INFTemperatura Driver Y = 42.45ºC
READ: INFTemperatura Driver Z = -29.78ºC
READ: INFTemperatura Driver E1 = -29.78ºC
READ: INFPotencia Ventilador Drivers = 100.00%
READ: INFTemperatura Extrusor1 = 144.88ºC
READ: INFTemperatura Driver X = 27.51ºC
READ: INFTemperatura Driver Y = 42.34ºC
READ: INFTemperatura Driver Z = -29.78ºC
READ: INFTemperatura Driver E1 = -29.78ºC
READ: INFPotencia Ventilador Drivers = 100.00%
READ: INFTemperatura Extrusor1 = 144.54ºC
READ: INFTemperatura Driver X = 27.51ºC
READ: INFTemperatura Driver Y = 42.34ºC
READ: INFTemperatura Driver Z = -29.78ºC
READ: INFTemperatura Driver E1 = -29.78ºC
READ: INFPotencia Ventilador Drivers = 100.00%
READ: INFTemperatura Extrusor1 = 149.90ºC
READ: INFTemperatura Driver X = 27.51ºC
READ: INFTemperatura Driver Y = 42.45ºC
READ: INFTemperatura Driver Z = -29.78ºC
READ: INFTemperatura Driver E1 = -29.78ºC
READ: INFPotencia Ventilador Drivers = 100.00%
READ: INFTemperatura Extrusor1 = 148.56ºC
READ: INFTemperatura Driver X = 27.51ºC
READ: INFTemperatura Driver Y = 42.34ºC
READ: INFTemperatura Driver Z = -29.78ºC
READ: INFTemperatura Driver E1 = -29.78ºC
READ: INFPotencia Ventilador Drivers = 100.00%
READ: INFTemperatura Extrusor1 = 146.55ºC
READ: INFTemperatura Driver X = 27.51ºC
READ: INFTemperatura Driver Y = 42.45ºC
READ: INFTemperatura Driver Z = -29.78ºC
READ: INFTemperatura Driver E1 = -29.78ºC
READ: INFPotencia Ventilador Drivers = 100.00%
READ: INFTemperatura Extrusor1 = 147.22ºC
READ: INFTemperatura Driver X = 27.51ºC
READ: INFTemperatura Driver Y = 42.45ºC
READ: INFTemperatura Driver Z = -29.78ºC
READ: INFTemperatura Driver E1 = -29.78ºC
READ: INFPotencia Ventilador Drivers = 100.00%
READ: INFTemperatura Extrusor1 = 147.22ºC
READ: INFTemperatura Driver X = 27.51ºC
READ: INFTemperatura Driver Y = 42.45ºC
READ: INFTemperatura Driver Z = -29.78ºC
READ: INFTemperatura Driver E1 = -29.78ºC
READ: INFPotencia Ventilador Drivers = 100.00%
READ: INFTemperatura Extrusor1 = 146.22ºC
READ: INFTemperatura Driver X = 27.51ºC
READ: INFTemperatura Driver Y = 42.45ºC
READ: INFTemperatura Driver Z = -29.78ºC
READ: INFTemperatura Driver E1 = -29.78ºC
READ: INFPotencia Ventilador Drivers = 100.00%
READ: INFTemperatura Extrusor1 = 145.88ºC
READ: INFTemperatura Driver X = 27.51ºC
READ: INFTemperatura Driver Y = 4