SEND: M =1
X =0.000
Y =0.000
Z =0.200
E =0.000
RUN

READ: INFTemperatura Extrusor1 = 45.11ºC
READ: INFTemperatura Extrusor1 = 49.46ºC
READ: INFTemperatura Extrusor1 = 42.77ºC
READ: INFTemperatura Extrusor1 = 45.11ºC
READ: INFTemperatura Extrusor1 = 45.78ºC
READ: INFTemperatura Extrusor1 = 44.77ºC
READ: INFTemperatura Extrusor1 = 46.78ºC
READ: INFTemperatura Extrusor1 = 44.77ºC
READ: INFTemperatura Extrusor1 = 42.77ºC
READ: INFTemperatura Extrusor1 = 46.78ºC
READ: INFTemperatura Extrusor1 = 43.44ºC
READ: INFTemperatura Extrusor1 = 43.10ºC
READ: INFTemperatura Extrusor1 = 40.76ºC
READ: INFTemperatura Extrusor1 = 43.77ºC
READ: INFTemperatura Extrusor1 = 49.46ºC
READ: INFTemperatura Extrusor1 = 41.43ºC
READ: INFTemperatura Extrusor1 = 45.11ºC
READ: INFTemperatura Extrusor1 = 43.10ºC
READ: INFTemperatura Extrusor1 = 45.11ºC
READ: INFTemperatura Extrusor1 = 44.77ºC
READ: INFTemperatura Extrusor1 = 41.09ºC
READ: INFTemperatura Extrusor1 = 42.77ºC
READ: INFTemperatura Extrusor1 = 44.44ºC
READ: INFTemperatura Extrusor1 = 50.80ºC
READ: INFTemperatura Extrusor1 = 45.44ºC
READ: INFTemperatura Extrusor1 = 45.78ºC
READ: INFTemperatura Extrusor1 = 43.10ºC
READ: INFTemperatura Extrusor1 = 49.13ºC
READ: INFTemperatura Extrusor1 = 47.79ºC
READ: INFTemperatura Extrusor1 = 46.45ºC
READ: INFTemperatura Extrusor1 = 45.44ºC
READ: INFTemperatura Extrusor1 = 44.10ºC
READ: INFTemperatura Extrusor1 = 47.12ºC
READ: INFTemperatura Extrusor1 = 44.10ºC
READ: INFTemperatura Extrusor1 = 44.77ºC
READ: INFTemperatura Extrusor1 = 46.11ºC
READ: INFTemperatura Extrusor1 = 47.12ºC
READ: INFTemperatura Extrusor1 = 43.77ºC
READ: INFTemperatura Extrusor1 = 43.10ºC
READ: INFTemperatura Extrusor1 = 43.10ºC
READ: INFTemperatura Extrusor1 = 44.77ºC
READ: INFTemperatura Extrusor1 = 46.11ºC
READ: INFTemperatura Extrusor1 = 44.44ºC
READ: INFTemperatura Extrusor1 = 45.78ºC
READ: INFTemperatura Extrusor1 = 42.77ºC
READ: INFTemperatura Extrusor1 = 46.45ºC
READ: INFTemperatura Extrusor1 = 43.44ºC
READ: INFTemperatura Extrusor1 = 41.76ºC
READ: INFTemperatura Extrusor1 = 44.77ºC
READ: INFTemperatura Extrusor1 = 46.78ºC
READ: INFTemperatura Extrusor1 = 42.10ºC
READ: INFTemperatura Extrusor1 = 42.10ºC
READ: INFTemperatura Extrusor1 = 41.76ºC
READ: INFTemperatura Extrusor1 = 44.77ºC
READ: INFTemperatura Extrusor1 = 52.47ºC
READ: INFTemperatura Extrusor1 = 40.76ºC
READ: INFTemperatura Extrusor1 = 45.78ºC
READ: INFTemperatura Extrusor1 = 40.09ºC
READ: INFTemperatura Extrusor1 = 42.43ºC
READ: INFTemperatura Extrusor1 = 44.44ºC
READ: INFTemperatura Extrusor1 = 43.77ºC
READ: INFTemperatura Extrusor1 = 40.42ºC
READ: INFTemperatura Extrusor1 = 42.77ºC
READ: INFTemperatura Extrusor1 = 45.11ºC
READ: INFTemperatura Extrusor1 = 40.09ºC
READ: INFTemperatura Extrusor1 = 43.44ºC
READ: INFTemperatura Extrusor1 = 47.12ºC
READ: INFTemperatura Extrusor1 = 45.44ºC
READ: INFTemperatura Extrusor1 = 45.44ºC
READ: INFTemperatura Extrusor1 = 43.77ºC
READ: INFTemperatura Extrusor1 = 44.10ºC
READ: INFTemperatura Extrusor1 = 47.45ºC
READ: INFTemperatura Extrusor1 = 43.77ºC
READ: INFTemperatura Extrusor1 = 43.77ºC
READ: INFTemperatura Extrusor1 = 42.77ºC
READ: INFTemperatura Extrusor1 = 42.43ºC
READ: INFTemperatura Extrusor1 = 45.11ºC
READ: INFTemperatura Extrusor1 = 45.11ºC
READ: INFTemperatura Extrusor1 = 41.43ºC
READ: INFTemperatura Extrusor1 = 50.13ºC
READ: INFTemperatura Extrusor1 = 42.43ºC
READ: INFTemperatura Extrusor1 = 42.10ºC
READ: INFTemperatura Extrusor1 = 48.79ºC
READ: INFTemperatura Extrusor1 = 46.45ºC
READ: INFTemperatura Extrusor1 = 47.12ºC
READ: INFTemperatura Extrusor1 = 46.78ºC
READ: INFTemperatura Extrusor1 = 42.77ºC
READ: INFTemperatura Extrusor1 = 46.45ºC
READ: INFTemperatura Extrusor1 = 45.11ºC
READ: INFTemperatura Extrusor1 = 43.77ºC
READ: INFTemperatura Extrusor1 = 46.11ºC
READ: INFTemperatura Extrusor1 = 48.12ºC
READ: INFTemperatura Extrusor1 = 45.11ºC
READ: INFTemperatura Extrusor1 = 45.44ºC
READ: INFTemperatura Extrusor1 = 41.43ºC
READ: INFTemperatura Extrusor1 = 47.45ºC
READ: INFTemperatura Extrusor1 = 46.78ºC
READ: INFTemperatura Extrusor1 = 46.11ºC
READ: INFTemperatura Extrusor1 = 45.44ºC
READ: INFTemperatura Extrusor1 = 43.44ºC
READ: INFTemperatura Extrusor1 = 47.12ºC
READ: INFTemperatura Extrusor1 = 48.12ºC
READ: INFTemperatura Extrusor1 = 45.11ºC
READ: INFTemperatura Extrusor1 = 44.77ºC
READ: INFTemperatura Extrusor1 = 42.10ºC
READ: INFTemperatura Extrusor1 = 46.45ºC
READ: INFTemperatura Extrusor1 = 42.10ºC
READ: INFTemperatura Extrusor1 = 43.44ºC
READ: INFTemperatura Extrusor1 = 43.77ºC
READ: INFTemperatura Extrusor1 = 42.77ºC
READ: INFTemperatura Extrusor1 = 43.77ºC
READ: INFTemperatura Extrusor1 = 45.11ºC
READ: INFTemperatura Extrusor1 = 41.43ºC
READ: INFTemperatura Extrusor1 = 45.11ºC
READ: INFTemperatura Extrusor1 = 43.10ºC
READ: INFTemperatura Extrusor1 = 42.10ºC
READ: INFTemperatura Extrusor1 = 45.44ºC
READ: INFTemperatura Extrusor1 = 43.44ºC
READ: INFTemperatura Extrusor1 = 44.77ºC
READ: INFTemperatura Extrusor1 = 45.44ºC
READ: INFTemperatura Extrusor1 = 43.10ºC
READ: INFTemperatura Extrusor1 = 45.44ºC
READ: INFTemperatura Extrusor1 = 44.10ºC
READ: INFTemperatura Extrusor1 = 49.80ºC
READ: INFTemperatura Extrusor1 = 50.47ºC
READ: INFTemperatura Extrusor1 = 41.09ºC
READ: INFTemperatura Extrusor1 = 49.46ºC
READ: INFTemperatura Extrusor1 = 43.10ºC
READ: INFTemperatura Extrusor1 = 47.12ºC
READ: INFTemperatura Extrusor1 = 48.79ºC
READ: INFTemperatura Extrusor1 = 44.44ºC
READ: INFTemperatura Extrusor1 = 43.44ºC
READ: INFTemperatura Extrusor1 = 44.77ºC
READ: INFTemperatura Extrusor1 = 50.47ºC
READ: INFTemperatura Extrusor1 = 47.79ºC
READ: INFTemperatura Extrusor1 = 40.09ºC
READ: INFTemperatura Extrusor1 = 40.76ºC
READ: INFTemperatura Extrusor1 = 48.79ºC
READ: INFTemperatura Extrusor1 = 42.10ºC
READ: INFTemperatura Extrusor1 = 44.77ºC
READ: INFTemperatura Extrusor1 = 39.08ºC
READ: INFTemperatura Extrusor1 = 43.77ºC
READ: INFTemperatura Extrusor1 = 44.44ºC
READ: INFTemperatura Extrusor1 = 43.44ºC
READ: INFTemperatura Extrusor1 = 44.77ºC
READ: INFTemperatura Extrusor1 = 45.44ºC
READ: INFTemperatura Extrusor1 = 42.10ºC
READ: INFTemperatura Extrusor1 = 46.45ºC
READ: INFTemperatura Extrusor1 = 48.79ºC
READ: INFTemperatura Extrusor1 = 45.11ºC
READ: INFTemperatura Extrusor1 = 47.12ºC
READ: INFTemperatura Extrusor1 = 45.11ºC
READ: INFTemperatura Extrusor1 = 43.44ºC
READ: INFTemperatura Extrusor1 = 46.11ºC
READ: INFTemperatura Extrusor1 = 43.44ºC
READ: INFTemperatura Extrusor1 = 43.77ºC
READ: INFTemperatura Extrusor1 = 45.78ºC
READ: INFTemperatura Extrusor1 = 47.12ºC
READ: INFTemperatura Extrusor1 = 47.79ºC
READ: INFTemperatura Extrusor1 = 44.77ºC
READ: INFTemperatura Extrusor1 = 45.44ºC
READ: INFTemperatura Extrusor1 = 44.10ºC
READ: INFTemperatura Extrusor1 = 43.77ºC
READ: INFTemperatura Extrusor1 = 44.10ºC
READ: INFTemperatura Extrusor1 = 45.44ºC
READ: INFTemperatura Extrusor1 = 44.77ºC
READ: INFTemperatura Extrusor1 = 46.45ºC
READ: INFTemperatura Extrusor1 = 43.77ºC
READ: INFTemperatura Extrusor1 = 45.44ºC
READ: INFTemperatura Extrusor1 = 44.77ºC
READ: INFTemperatura Extrusor1 = 44.77ºC
READ: INFTemperatura Extrusor1 = 45.11ºC
READ: INFTemperatura Extrusor1 = 44.44ºC
READ: INFTemperatura Extrusor1 = 45.11ºC
READ: INFTemperatura Extrusor1 = 45.78ºC
READ: INFTemperatura Extrusor1 = 45.44ºC
READ: INFTemperatura Extrusor1 = 45.78ºC
READ: INFTemperatura Extrusor1 = 46.78ºC
READ: INFTemperatura Extrusor1 = 38.08ºC
READ: INFTemperatura Extrusor1 = 44.44ºC
READ: INFTemperatura Extrusor1 = 45.11ºC
READ: INFTemperatura Extrusor1 = 51.14ºC
READ: INFTemperatura Extrusor1 = 45.11ºC
READ: INFTemperatura Extrusor1 = 45.44ºC
READ: INFTemperatura Extrusor1 = 42.43ºC
READ: INFTemperatura Extrusor1 = 42.10ºC
READ: INFTemperatura Extrusor1 = 45.44ºC
READ: INFTemperatura Extrusor1 = 44.44ºC
READ: INFTemperatura Extrusor1 = 44.44ºC
READ: INFTemperatura Extrusor1 = 45.11ºC
READ: INFTemperatura Extrusor1 = 43.10ºC
READ: INFTemperatura Extrusor1 = 43.44ºC
READ: INFTemperatura Extrusor1 = 46.78ºC
READ: INFTemperatura Extrusor1 = 44.10ºC
READ: INFTemperatura Extrusor1 = 46.11ºC
READ: INFTemperatura Extrusor1 = 44.77ºC
READ: INFTemperatura Extrusor1 = 47.12ºC
READ: INFTemperatura Extrusor1 = 43.77ºC
READ: INFTemperatura Extrusor1 = 50.80ºC
READ: INFTemperatura Extrusor1 = 40.09ºC
READ: INFTemperatura Extrusor1 = 45.11ºC
READ: INFTemperatura Extrusor1 = 45.11ºC
READ: INFTemperatura Extrusor1 = 47.45ºC
READ: INFTemperatura Extrusor1 = 46.11ºC
READ: INFTemperatura Extrusor1 = 44.77ºC
READ: INFTemperatura Extrusor1 = 45.11ºC
READ: INFTemperatura Extrusor1 = 45.11ºC
READ: INFTemperatura Extrusor1 = 51.80ºC
READ: INFTemperatura Extrusor1 = 44.10ºC
READ: INFTemperatura Extrusor1 = 44.77ºC
READ: INFTemperatura Extrusor1 = 47.79ºC
READ: INFTemperatura Extrusor1 = 46.45ºC
READ: INFTemperatura Extrusor1 = 45.11ºC
READ: INFTemperatura Extrusor1 = 34.73ºC
READ: INFTemperatura Extrusor1 = 45.44ºC
READ: INFTemperatura Extrusor1 = 47.45ºC
READ: INFTemperatura Extrusor1 = 41.09ºC
READ: INFTemperatura Extrusor1 = 42.10ºC
READ: INFTemperatura Extrusor1 = 42.77ºC
READ: INFTemperatura Extrusor1 = 39.75ºC
READ: INFTemperatura Extrusor1 = 48.46ºC
READ: INFTemperatura Extrusor1 = 43.10ºC
READ: INFTemperatura Extrusor1 = 45.11ºC
READ: INFTemperatura Extrusor1 = 44.10ºC
READ: INFTemperatura Extrusor1 = 43.77ºC
READ: INFTemperatura Extrusor1 = 46.11ºC
READ: INFTemperatura Extrusor1 = 46.45ºC
READ: INFTemperatura Extrusor1 = 47.12ºC
READ: INFTemperatura Extrusor1 = 44.10ºC
READ: INFTemperatura Extrusor1 = 45.44ºC
READ: INFTemperatura Extrusor1 = 42.77ºC
READ: INFTemperatura Extrusor1 = 45.11ºC
READ: INFTemperatura Extrusor1 = 48.79ºC
READ: INFTemperatura Extrusor1 = 47.12ºC
READ: INFTemperatura Extrusor1 = 44.77ºC
READ: INFTemperatura Extrusor1 = 51.80ºC
READ: INFTemperatura Extrusor1 = 51.47ºC
READ: INFTemperatura Extrusor1 = 42.10ºC
READ: INFTemperatura Extrusor1 = 48.12ºC
READ: INFTemperatura Extrusor1 = 47.12ºC
READ: INFTemperatura Extrusor1 = 44.77ºC
READ: INFTemperatura Extrusor1 = 38.08ºC
READ: INFTemperatura Extrusor1 = 44.10ºC
READ: INFTemperatura Extrusor1 = 44.10ºC
READ: INFTemperatura Extrusor1 = 47.79ºC
READ: INFTemperatura Extrusor1 = 42.10ºC
READ: INFTemperatura Extrusor1 = 44.77ºC
READ: INFTemperatura Extrusor1 = 44.10ºC
READ: INFTemperatura Extrusor1 = 45.11ºC
READ: INFTemperatura Extrusor1 = 45.11ºC
READ: INFTemperatura Extrusor1 = 42.43ºC
READ: INFTemperatura Extrusor1 = 45.11ºC
READ: INFTemperatura Extrusor1 = 41.43ºC
READ: INFTemperatura Extrusor1 = 50.13ºC
READ: INFTemperatura Extrusor1 = 42.77ºC
READ: INFTemperatura Extrusor1 = 42.10ºC
READ: INFTemperatura Extrusor1 = 45.11ºC
READ: INFTemperatura Extrusor1 = 52.14ºC
READ: INFTemperatura Extrusor1 = 40.76ºC
READ: INFTemperatura Extrusor1 = 45.11ºC
READ: INFTemperatura Extrusor1 = 45.11ºC
READ: INFTemperatura Extrusor1 = 46.78ºC
READ: INFTemperatura Extrusor1 = 44.77ºC
READ: INFTemperatura Extrusor1 = 44.44ºC
READ: INFTemperatura Extrusor1 = 47.45ºC
READ: INFTemperatura Extrusor1 = 45.78ºC
READ: INFTemperatura Extrusor1 = 48.79ºC
READ: INFTemperatura Extrusor1 = 44.44ºC
READ: INFTemperatura Extrusor1 = 43.10ºC
READ: INFTemperatura Extrusor1 = 46.11ºC
READ: INFTemperatura Extrusor1 = 44.10ºC
READ: INFTemperatura Extrusor1 = 49.46ºC
READ: INFTemperatura Extrusor1 = 42.77ºC
READ: INFTemperatura Extrusor1 = 48.12ºC
READ: INFTemperatura Extrusor1 = 44.77ºC
READ: INFTemperatura Extrusor1 = 45.11ºC
READ: INFTemperatura Extrusor1 = 44.77ºC
READ: INFTemperatura Extrusor1 = 41.43ºC
READ: INFTemperatura Extrusor1 = 46.45ºC
READ: INFTemperatura Extrusor1 = 45.44ºC
READ: INFTemperatura Extrusor1 = 48.12ºC
READ: INFTemperatura Extrusor1 = 42.10ºC
READ: INFTemperatura Extrusor1 = 42.10ºC
READ: INFTemperatura Extrusor1 = 46.78ºC
READ: INFTemperatura Ex